[2025-06-04 18:59:27,856] - INFO - training_pipeline - Initializing TrainingPipeline...
[2025-06-04 18:59:27,857] - INFO - core - YAML successfully loaded from: 'config/config.yaml'
[2025-06-04 18:59:27,857] - INFO - core - YAML successfully loaded from: 'config/params.yaml'
[2025-06-04 18:59:27,861] - INFO - core - YAML successfully loaded from: 'config/schema.yaml'
[2025-06-04 18:59:27,861] - INFO - core - YAML successfully loaded from: 'config/templates.yaml'
[2025-06-04 18:59:27,862] - INFO - training_pipeline - ========== Training Pipeline Started ==========
[2025-06-04 18:59:27,862] - INFO - postgres_dbhandler - Initializing PostgresDBHandler
[2025-06-04 18:59:27,862] - INFO - data_ingestion - ========== Starting Data Ingestion ==========
[2025-06-04 18:59:27,863] - INFO - postgres_dbhandler - Loading data from PostgreSQL table: student_scores
[2025-06-04 18:59:27,863] - INFO - postgres_dbhandler - Attempting to connect to PostgreSQL
[2025-06-04 18:59:28,810] - INFO - postgres_dbhandler - Successfully connected to PostgreSQL
[2025-06-04 18:59:28,810] - INFO - postgres_dbhandler - Executing query: SELECT * FROM "student_scores"
[2025-06-04 18:59:29,660] - INFO - postgres_dbhandler - DataFrame loaded from PostgreSQL table: student_scores
[2025-06-04 18:59:29,660] - INFO - data_ingestion - Fetched 2000 raw rows from data source.
[2025-06-04 18:59:29,660] - INFO - postgres_dbhandler - PostgreSQL connection closed
[2025-06-04 18:59:29,662] - INFO - core - Created directory for Raw Data: 'artifacts/2025_06_04T17_59_27Z/data_ingestion/raw_data'
[2025-06-04 18:59:29,668] - INFO - core - Raw Data saved to: 'artifacts/2025_06_04T17_59_27Z/data_ingestion/raw_data/raw.csv'
[2025-06-04 18:59:29,668] - INFO - core - Created directory for Raw Data: 'data/raw'
[2025-06-04 18:59:29,671] - INFO - core - Raw Data saved to: 'data/raw/raw.csv'
[2025-06-04 18:59:29,673] - INFO - data_ingestion - Raw DataFrame cleaned successfully.
[2025-06-04 18:59:29,673] - INFO - core - Created directory for Ingested Data: 'artifacts/2025_06_04T17_59_27Z/data_ingestion/ingested_data'
[2025-06-04 18:59:29,677] - INFO - core - Ingested Data saved to: 'artifacts/2025_06_04T17_59_27Z/data_ingestion/ingested_data/ingested_data.csv'
[2025-06-04 18:59:29,678] - INFO - data_ingestion - ========== Data Ingestion Completed ==========
[2025-06-04 18:59:29,678] - INFO - training_pipeline - Data Ingestion Artifact: 
Data Ingestion Artifact:
  - Raw Artifact:         'artifacts/2025_06_04T17_59_27Z/data_ingestion/raw_data/raw.csv'
  - Raw DVC Path:         'data/raw/raw.csv'
  - Ingested Data Path:   'artifacts/2025_06_04T17_59_27Z/data_ingestion/ingested_data/ingested_data.csv'

