[2025-06-06 21:07:35,095] - INFO - training_pipeline - Initializing TrainingPipeline...
[2025-06-06 21:07:35,099] - INFO - core - YAML successfully loaded from: 'config/config.yaml'
[2025-06-06 21:07:35,103] - INFO - core - YAML successfully loaded from: 'config/params.yaml'
[2025-06-06 21:07:35,119] - INFO - core - YAML successfully loaded from: 'config/schema.yaml'
[2025-06-06 21:07:35,123] - INFO - core - YAML successfully loaded from: 'config/templates.yaml'
[2025-06-06 21:07:35,123] - INFO - training_pipeline - ========== Training Pipeline Started ==========
[2025-06-06 21:07:35,123] - INFO - postgres_dbhandler - Initializing PostgresDBHandler
[2025-06-06 21:07:35,123] - INFO - data_ingestion - ========== Starting Data Ingestion ==========
[2025-06-06 21:07:35,127] - INFO - data_ingestion - Step 1: Fetching raw data
[2025-06-06 21:07:35,127] - INFO - postgres_dbhandler - Loading data from PostgreSQL table: student_scores
[2025-06-06 21:07:35,127] - INFO - postgres_dbhandler - Attempting to connect to PostgreSQL
[2025-06-06 21:07:36,031] - INFO - postgres_dbhandler - Successfully connected to PostgreSQL
[2025-06-06 21:07:36,032] - INFO - postgres_dbhandler - Executing query: SELECT * FROM "student_scores"
[2025-06-06 21:07:36,735] - INFO - postgres_dbhandler - DataFrame loaded from PostgreSQL table: student_scores
[2025-06-06 21:07:36,735] - INFO - data_ingestion - Fetched 2000 raw rows from data source.
[2025-06-06 21:07:36,735] - INFO - postgres_dbhandler - PostgreSQL connection closed
[2025-06-06 21:07:36,735] - INFO - data_ingestion - Step 2: Saving raw data
[2025-06-06 21:07:36,739] - INFO - core - Created directory for Raw Data: 'artifacts/2025_06_06T20_07_34Z/data_ingestion/raw_data'
[2025-06-06 21:07:36,745] - INFO - core - Raw Data saved to: 'artifacts/2025_06_06T20_07_34Z/data_ingestion/raw_data/raw.csv'
[2025-06-06 21:07:36,745] - INFO - data_ingestion - Step 3: Saving raw data to dvc path
[2025-06-06 21:07:36,746] - INFO - core - Directory already exists for Raw Data: 'data/raw'
[2025-06-06 21:07:36,749] - INFO - core - Raw Data saved to: 'data/raw/raw.csv'
[2025-06-06 21:07:36,749] - INFO - data_ingestion - Step 4: Cleaning raw data
[2025-06-06 21:07:36,752] - INFO - data_ingestion - Raw DataFrame cleaned successfully.
[2025-06-06 21:07:36,752] - INFO - data_ingestion - Step 5: Saving cleaned (ingested) data
[2025-06-06 21:07:36,754] - INFO - core - Created directory for Ingested Data: 'artifacts/2025_06_06T20_07_34Z/data_ingestion/ingested_data'
[2025-06-06 21:07:36,756] - INFO - core - Ingested Data saved to: 'artifacts/2025_06_06T20_07_34Z/data_ingestion/ingested_data/ingested_data.csv'
[2025-06-06 21:07:36,756] - INFO - data_ingestion - ========== Data Ingestion Completed ==========
[2025-06-06 21:07:36,756] - INFO - training_pipeline - Data Ingestion Artifact: 
Data Ingestion Artifact:
  - Raw Artifact:         'artifacts/2025_06_06T20_07_34Z/data_ingestion/raw_data/raw.csv'
  - Raw DVC Path:         'data/raw/raw.csv'
  - Ingested Data Path:   'artifacts/2025_06_06T20_07_34Z/data_ingestion/ingested_data/ingested_data.csv'

[2025-06-06 21:07:36,769] - INFO - core - CSV file read successfully from: 'artifacts/2025_06_06T20_07_34Z/data_ingestion/ingested_data/ingested_data.csv'
[2025-06-06 21:07:36,773] - INFO - core - CSV file read successfully from: 'data/validated/validated_data.csv'
[2025-06-06 21:07:36,773] - INFO - data_validation - ========== Starting Data Validation ==========
[2025-06-06 21:07:36,773] - INFO - data_validation - Step 1: Performing schema check
[2025-06-06 21:07:36,773] - INFO - data_validation - Schema hash check passed.
[2025-06-06 21:07:36,773] - INFO - data_validation - Step 2: Checking missing values
[2025-06-06 21:07:36,777] - INFO - core - Created directory for Missing Value Report: 'artifacts/2025_06_06T20_07_34Z/data_validation/reports'
[2025-06-06 21:07:36,780] - INFO - core - Missing Value Report saved to: 'artifacts/2025_06_06T20_07_34Z/data_validation/reports/missing_values_report.yaml'
[2025-06-06 21:07:36,780] - INFO - data_validation - Step 3: Checking for duplicates
[2025-06-06 21:07:36,781] - INFO - core - Directory already exists for Duplicates Report: 'artifacts/2025_06_06T20_07_34Z/data_validation/reports'
[2025-06-06 21:07:36,781] - INFO - core - Duplicates Report saved to: 'artifacts/2025_06_06T20_07_34Z/data_validation/reports/duplicates_report.yaml'
[2025-06-06 21:07:36,781] - INFO - data_validation - Step 4: Checking categorical column values
[2025-06-06 21:07:36,785] - INFO - core - Directory already exists for Categorical Values Report: 'artifacts/2025_06_06T20_07_34Z/data_validation/reports'
[2025-06-06 21:07:36,786] - INFO - core - Categorical Values Report saved to: 'artifacts/2025_06_06T20_07_34Z/data_validation/reports/categorical_report.yaml'
[2025-06-06 21:07:36,787] - INFO - data_validation - Step 5: Performing drift check
[2025-06-06 21:07:36,835] - INFO - core - Directory already exists for Drift Report: 'artifacts/2025_06_06T20_07_34Z/data_validation/reports'
[2025-06-06 21:07:36,835] - INFO - core - Drift Report saved to: 'artifacts/2025_06_06T20_07_34Z/data_validation/reports/drift_report.yaml'
[2025-06-06 21:07:36,835] - INFO - data_validation - Step 6: Generating validation report
[2025-06-06 21:07:36,835] - INFO - core - Directory already exists for Validation Report: 'artifacts/2025_06_06T20_07_34Z/data_validation/reports'
[2025-06-06 21:07:36,843] - INFO - core - Validation Report saved to: 'artifacts/2025_06_06T20_07_34Z/data_validation/reports/validation_report.yaml'
[2025-06-06 21:07:36,843] - INFO - data_validation - Step 7: Saving validated data if validation passes
[2025-06-06 21:07:36,844] - INFO - core - Created directory for Validated Data: 'artifacts/2025_06_06T20_07_34Z/data_validation/validated'
[2025-06-06 21:07:36,848] - INFO - core - Validated Data saved to: 'artifacts/2025_06_06T20_07_34Z/data_validation/validated/validated_data.csv'
[2025-06-06 21:07:36,849] - INFO - core - Directory already exists for Validated Data: 'data/validated'
[2025-06-06 21:07:36,853] - INFO - core - Validated Data saved to: 'data/validated/validated_data.csv'
[2025-06-06 21:07:36,853] - INFO - data_validation - ========== Data Validation Completed ==========
[2025-06-06 21:07:36,853] - INFO - training_pipeline - Data Validation Artifact: 
Data Validation Artifact:
  - Validated Data Path: 'artifacts/2025_06_06T20_07_34Z/data_validation/validated/validated_data.csv'
  - Validation Status:   'True'

[2025-06-06 21:07:36,854] - INFO - training_pipeline - ========== Training Pipeline Completed ==========
