[2025-06-06 21:07:00,321] - INFO - training_pipeline - Initializing TrainingPipeline...
[2025-06-06 21:07:00,342] - INFO - core - YAML successfully loaded from: 'config/config.yaml'
[2025-06-06 21:07:00,346] - INFO - core - YAML successfully loaded from: 'config/params.yaml'
[2025-06-06 21:07:00,365] - INFO - core - YAML successfully loaded from: 'config/schema.yaml'
[2025-06-06 21:07:00,372] - INFO - core - YAML successfully loaded from: 'config/templates.yaml'
[2025-06-06 21:07:00,372] - INFO - training_pipeline - ========== Training Pipeline Started ==========
[2025-06-06 21:07:00,373] - INFO - postgres_dbhandler - Initializing PostgresDBHandler
[2025-06-06 21:07:00,374] - INFO - data_ingestion - ========== Starting Data Ingestion ==========
[2025-06-06 21:07:00,374] - INFO - data_ingestion - Step 1: Fetching raw data
[2025-06-06 21:07:00,374] - INFO - postgres_dbhandler - Loading data from PostgreSQL table: student_scores
[2025-06-06 21:07:00,374] - INFO - postgres_dbhandler - Attempting to connect to PostgreSQL
[2025-06-06 21:07:01,315] - INFO - postgres_dbhandler - Successfully connected to PostgreSQL
[2025-06-06 21:07:01,315] - INFO - postgres_dbhandler - Executing query: SELECT * FROM "student_scores"
[2025-06-06 21:07:01,919] - INFO - postgres_dbhandler - DataFrame loaded from PostgreSQL table: student_scores
[2025-06-06 21:07:01,919] - INFO - data_ingestion - Fetched 2000 raw rows from data source.
[2025-06-06 21:07:01,920] - INFO - postgres_dbhandler - PostgreSQL connection closed
[2025-06-06 21:07:01,920] - INFO - data_ingestion - Step 2: Saving raw data
[2025-06-06 21:07:01,920] - INFO - core - Created directory for Raw Data: 'artifacts/2025_06_06T20_06_59Z/data_ingestion/raw_data'
[2025-06-06 21:07:01,924] - INFO - core - Raw Data saved to: 'artifacts/2025_06_06T20_06_59Z/data_ingestion/raw_data/raw.csv'
[2025-06-06 21:07:01,927] - INFO - data_ingestion - Step 3: Saving raw data to dvc path
[2025-06-06 21:07:01,927] - INFO - core - Directory already exists for Raw Data: 'data/raw'
[2025-06-06 21:07:01,931] - INFO - core - Raw Data saved to: 'data/raw/raw.csv'
[2025-06-06 21:07:01,931] - INFO - data_ingestion - Step 4: Cleaning raw data
[2025-06-06 21:07:01,934] - INFO - data_ingestion - Raw DataFrame cleaned successfully.
[2025-06-06 21:07:01,935] - INFO - data_ingestion - Step 5: Saving cleaned (ingested) data
[2025-06-06 21:07:01,935] - INFO - core - Created directory for Ingested Data: 'artifacts/2025_06_06T20_06_59Z/data_ingestion/ingested_data'
[2025-06-06 21:07:01,938] - INFO - core - Ingested Data saved to: 'artifacts/2025_06_06T20_06_59Z/data_ingestion/ingested_data/ingested_data.csv'
[2025-06-06 21:07:01,938] - INFO - data_ingestion - ========== Data Ingestion Completed ==========
[2025-06-06 21:07:01,940] - INFO - training_pipeline - Data Ingestion Artifact: 
Data Ingestion Artifact:
  - Raw Artifact:         'artifacts/2025_06_06T20_06_59Z/data_ingestion/raw_data/raw.csv'
  - Raw DVC Path:         'data/raw/raw.csv'
  - Ingested Data Path:   'artifacts/2025_06_06T20_06_59Z/data_ingestion/ingested_data/ingested_data.csv'

