[2025-06-23 18:48:09,452] - INFO - training_pipeline - Initializing TrainingPipeline...
[2025-06-23 18:48:10,076] - INFO - core - YAML successfully loaded from: 'config/config.yaml'
[2025-06-23 18:48:10,370] - INFO - core - YAML successfully loaded from: 'config/params.yaml'
[2025-06-23 18:48:10,649] - INFO - core - YAML successfully loaded from: 'config/schema.yaml'
[2025-06-23 18:48:10,937] - INFO - core - YAML successfully loaded from: 'config/templates.yaml'
[2025-06-23 18:48:11,198] - INFO - training_pipeline - ========== Training Pipeline Started ==========
[2025-06-23 18:48:11,477] - INFO - postgres_dbhandler - Initializing PostgresDBHandler
[2025-06-23 18:48:11,758] - INFO - s3_handler - S3Handler initialized for bucket 'studentperformance-dev-artifacts' in region 'us-east-1'
[2025-06-23 18:48:12,034] - INFO - data_ingestion - ========== Starting Data Ingestion ==========
[2025-06-23 18:48:12,304] - INFO - postgres_dbhandler - Loading data from PostgreSQL table: student_scores
[2025-06-23 18:48:12,577] - INFO - postgres_dbhandler - Attempting to connect to PostgreSQL
[2025-06-23 18:48:13,780] - INFO - postgres_dbhandler - Successfully connected to PostgreSQL
[2025-06-23 18:48:14,055] - INFO - postgres_dbhandler - Executing query: SELECT * FROM "student_scores"
[2025-06-23 18:48:15,193] - INFO - postgres_dbhandler - DataFrame loaded from PostgreSQL table: student_scores
[2025-06-23 18:48:15,451] - INFO - data_ingestion - Fetched 2000 raw rows from data source.
[2025-06-23 18:48:15,738] - INFO - postgres_dbhandler - PostgreSQL connection closed
[2025-06-23 18:48:16,035] - INFO - data_ingestion - Raw DataFrame cleaned successfully.
[2025-06-23 18:48:16,310] - INFO - data_ingestion - Saving raw and ingested data locally
[2025-06-23 18:48:16,598] - INFO - core - Created directory for Raw Data: 'artifacts/2025_06_23T17_48_06Z/data_ingestion/raw_data'
[2025-06-23 18:48:16,877] - INFO - core - Raw Data saved to: 'artifacts/2025_06_23T17_48_06Z/data_ingestion/raw_data/raw.csv'
[2025-06-23 18:48:17,152] - INFO - core - Directory already exists for Raw Data (DVC): 'data/raw'
[2025-06-23 18:48:17,423] - INFO - core - Raw Data (DVC) saved to: 'data/raw/raw.csv'
[2025-06-23 18:48:17,685] - INFO - core - Created directory for Ingested Data: 'artifacts/2025_06_23T17_48_06Z/data_ingestion/ingested_data'
[2025-06-23 18:48:17,964] - INFO - core - Ingested Data saved to: 'artifacts/2025_06_23T17_48_06Z/data_ingestion/ingested_data/ingested_data.csv'
[2025-06-23 18:48:18,230] - INFO - data_ingestion - Streaming raw and ingested data to S3
[2025-06-23 18:48:18,502] - INFO - s3_handler - S3Handler context entered
[2025-06-23 18:48:19,664] - INFO - s3_handler - Streamed CSV to: s3://studentperformance-dev-artifacts/artifacts/2025_06_23T17_48_06Z/data_ingestion/raw_data/raw.csv
[2025-06-23 18:48:20,418] - INFO - s3_handler - Streamed CSV to: s3://studentperformance-dev-artifacts/data/raw/raw.csv
[2025-06-23 18:48:21,094] - INFO - s3_handler - Streamed CSV to: s3://studentperformance-dev-artifacts/artifacts/2025_06_23T17_48_06Z/data_ingestion/ingested_data/ingested_data.csv
[2025-06-23 18:48:21,369] - INFO - s3_handler - S3Handler context exited
[2025-06-23 18:48:21,672] - INFO - data_ingestion - ========== Data Ingestion Completed ==========
[2025-06-23 18:48:21,939] - INFO - training_pipeline - Data Ingestion Artifact: 
Data Ingestion Artifact:
  - Raw Local Path:        'artifacts/2025_06_23T17_48_06Z/data_ingestion/raw_data/raw.csv'
  - DVC Raw Local Path:    'data/raw/raw.csv'
  - Ingested Local Path:   'artifacts/2025_06_23T17_48_06Z/data_ingestion/ingested_data/ingested_data.csv'
  - Raw S3 URI:            's3://studentperformance-dev-artifacts/artifacts/2025_06_23T17_48_06Z/data_ingestion/raw_data/raw.csv'
  - DVC Raw S3 URI:        's3://studentperformance-dev-artifacts/data/raw/raw.csv'
  - Ingested S3 URI:       's3://studentperformance-dev-artifacts/artifacts/2025_06_23T17_48_06Z/data_ingestion/ingested_data/ingested_data.csv'
[2025-06-23 18:48:22,213] - INFO - data_validation - Initializing DataValidation component.
[2025-06-23 18:48:22,481] - INFO - data_validation - Loading ingested data from local: artifacts\2025_06_23T17_48_06Z\data_ingestion\ingested_data\ingested_data.csv
[2025-06-23 18:48:22,801] - INFO - core - CSV file read successfully from: 'artifacts/2025_06_23T17_48_06Z/data_ingestion/ingested_data/ingested_data.csv'
[2025-06-23 18:48:23,147] - INFO - core - CSV file read successfully from: 'data/validated/validated_data.csv'
[2025-06-23 18:48:23,500] - INFO - data_validation - ========== Starting Data Validation ==========
[2025-06-23 18:48:23,847] - INFO - data_validation - Performing schema hash check.
[2025-06-23 18:48:24,128] - INFO - data_validation - Schema hash check passed.
[2025-06-23 18:48:24,452] - INFO - data_validation - Checking for missing values.
[2025-06-23 18:48:24,727] - INFO - core - Created directory for Missing Value Report: 'artifacts/2025_06_23T17_48_06Z/data_validation/reports'
[2025-06-23 18:48:25,006] - INFO - core - Missing Value Report saved to: 'artifacts/2025_06_23T17_48_06Z/data_validation/reports/missing_values_report.yaml'
[2025-06-23 18:48:25,305] - INFO - s3_handler - S3Handler context entered
[2025-06-23 18:48:25,856] - INFO - s3_handler - Streamed YAML to: s3://studentperformance-dev-artifacts/artifacts/2025_06_23T17_48_06Z/data_validation/reports/missing_values_report.yaml
[2025-06-23 18:48:26,121] - INFO - s3_handler - S3Handler context exited
[2025-06-23 18:48:26,392] - INFO - data_validation - Checking for duplicate rows.
[2025-06-23 18:48:26,747] - INFO - core - Directory already exists for Duplicates Report: 'artifacts/2025_06_23T17_48_06Z/data_validation/reports'
[2025-06-23 18:48:27,088] - INFO - core - Duplicates Report saved to: 'artifacts/2025_06_23T17_48_06Z/data_validation/reports/duplicates_report.yaml'
[2025-06-23 18:48:27,362] - INFO - s3_handler - S3Handler context entered
[2025-06-23 18:48:27,902] - INFO - s3_handler - Streamed YAML to: s3://studentperformance-dev-artifacts/artifacts/2025_06_23T17_48_06Z/data_validation/reports/duplicates_report.yaml
[2025-06-23 18:48:28,175] - INFO - s3_handler - S3Handler context exited
[2025-06-23 18:48:28,462] - INFO - data_validation - Checking categorical values.
[2025-06-23 18:48:28,762] - INFO - core - Directory already exists for Categorical Values Report: 'artifacts/2025_06_23T17_48_06Z/data_validation/reports'
[2025-06-23 18:48:29,102] - INFO - core - Categorical Values Report saved to: 'artifacts/2025_06_23T17_48_06Z/data_validation/reports/categorical_report.yaml'
[2025-06-23 18:48:29,388] - INFO - s3_handler - S3Handler context entered
[2025-06-23 18:48:29,968] - INFO - s3_handler - Streamed YAML to: s3://studentperformance-dev-artifacts/artifacts/2025_06_23T17_48_06Z/data_validation/reports/categorical_report.yaml
[2025-06-23 18:48:30,251] - INFO - s3_handler - S3Handler context exited
[2025-06-23 18:48:30,590] - INFO - data_validation - Performing data drift check.
[2025-06-23 18:48:30,952] - INFO - core - Directory already exists for Drift Report: 'artifacts/2025_06_23T17_48_06Z/data_validation/reports'
[2025-06-23 18:48:31,308] - INFO - core - Drift Report saved to: 'artifacts/2025_06_23T17_48_06Z/data_validation/reports/drift_report.yaml'
[2025-06-23 18:48:31,588] - INFO - s3_handler - S3Handler context entered
[2025-06-23 18:48:32,154] - INFO - s3_handler - Streamed YAML to: s3://studentperformance-dev-artifacts/artifacts/2025_06_23T17_48_06Z/data_validation/reports/drift_report.yaml
[2025-06-23 18:48:32,572] - INFO - s3_handler - S3Handler context exited
[2025-06-23 18:48:32,866] - INFO - data_validation - Generating final validation report.
[2025-06-23 18:48:33,168] - INFO - core - Directory already exists for Validation Report: 'artifacts/2025_06_23T17_48_06Z/data_validation/reports'
[2025-06-23 18:48:33,443] - INFO - core - Validation Report saved to: 'artifacts/2025_06_23T17_48_06Z/data_validation/reports/validation_report.yaml'
[2025-06-23 18:48:33,751] - INFO - s3_handler - S3Handler context entered
[2025-06-23 18:48:34,311] - INFO - s3_handler - Streamed YAML to: s3://studentperformance-dev-artifacts/artifacts/2025_06_23T17_48_06Z/data_validation/reports/validation_report.yaml
[2025-06-23 18:48:34,585] - INFO - s3_handler - S3Handler context exited
[2025-06-23 18:48:34,864] - INFO - core - Created directory for Validated Data: 'artifacts/2025_06_23T17_48_06Z/data_validation/validated'
[2025-06-23 18:48:35,175] - INFO - core - Validated Data saved to: 'artifacts/2025_06_23T17_48_06Z/data_validation/validated/validated_data.csv'
[2025-06-23 18:48:35,442] - INFO - core - Directory already exists for Validated Data: 'data/validated'
[2025-06-23 18:48:35,724] - INFO - core - Validated Data saved to: 'data/validated/validated_data.csv'
[2025-06-23 18:48:36,004] - INFO - s3_handler - S3Handler context entered
[2025-06-23 18:48:36,660] - INFO - s3_handler - Streamed CSV to: s3://studentperformance-dev-artifacts/artifacts/2025_06_23T17_48_06Z/data_validation/validated/validated_data.csv
[2025-06-23 18:48:37,302] - INFO - s3_handler - Streamed CSV to: s3://studentperformance-dev-artifacts/data/validated/validated_data.csv
[2025-06-23 18:48:37,588] - INFO - s3_handler - S3Handler context exited
[2025-06-23 18:48:37,873] - INFO - data_validation - ========== Data Validation Completed ==========
[2025-06-23 18:48:38,170] - INFO - training_pipeline - Data Validation Artifact: 
Data Validation Artifact:
  - Validated Local Path:     'artifacts/2025_06_23T17_48_06Z/data_validation/validated/validated_data.csv'
  - Validated DVC Local Path: 'data/validated/validated_data.csv'
  - Validated S3 URI:         's3://studentperformance-dev-artifacts/artifacts/2025_06_23T17_48_06Z/data_validation/validated/validated_data.csv'
  - Validated DVC S3 URI:     's3://studentperformance-dev-artifacts/data/validated/validated_data.csv'
  - Validation Status:        True
[2025-06-23 18:48:38,489] - INFO - data_transformation - Initializing DataTransformation component.
[2025-06-23 18:48:38,800] - INFO - data_transformation - Loading validated data from local: artifacts\2025_06_23T17_48_06Z\data_validation\validated\validated_data.csv
[2025-06-23 18:48:39,116] - INFO - core - CSV file read successfully from: 'artifacts/2025_06_23T17_48_06Z/data_validation/validated/validated_data.csv'
[2025-06-23 18:48:39,387] - INFO - data_transformation - ========== Starting Data Transformation ==========
[2025-06-23 18:48:39,714] - INFO - column_math_factory - Applied 'mean_of_columns' on ['math_score', 'reading_score', 'writing_score'] → 'mean_score' (inplace=True)
[2025-06-23 18:48:39,988] - INFO - column_math_factory - Applied 'mean_of_columns' on ['math_score', 'reading_score', 'writing_score'] → 'mean_score' (inplace=True)
[2025-06-23 18:48:40,289] - INFO - column_math_factory - Applied 'mean_of_columns' on ['math_score', 'reading_score', 'writing_score'] → 'mean_score' (inplace=True)
[2025-06-23 18:48:40,591] - INFO - core - Created directory for X Preprocessor Pipeline: 'artifacts/2025_06_23T17_48_06Z/data_transformation/data_processor'
[2025-06-23 18:48:40,892] - INFO - core - X Preprocessor Pipeline saved to: 'artifacts/2025_06_23T17_48_06Z/data_transformation/data_processor/x_preprocessor.joblib'
[2025-06-23 18:48:41,264] - INFO - core - Directory already exists for Y Preprocessor Pipeline: 'artifacts/2025_06_23T17_48_06Z/data_transformation/data_processor'
[2025-06-23 18:48:41,559] - INFO - core - Y Preprocessor Pipeline saved to: 'artifacts/2025_06_23T17_48_06Z/data_transformation/data_processor/y_preprocessor.joblib'
[2025-06-23 18:48:41,830] - INFO - s3_handler - S3Handler context entered
[2025-06-23 18:48:42,392] - INFO - s3_handler - Streamed object to: s3://studentperformance-dev-artifacts/artifacts/2025_06_23T17_48_06Z/data_transformation/data_processor/x_preprocessor.joblib
[2025-06-23 18:48:42,954] - INFO - s3_handler - Streamed object to: s3://studentperformance-dev-artifacts/artifacts/2025_06_23T17_48_06Z/data_transformation/data_processor/y_preprocessor.joblib
[2025-06-23 18:48:43,257] - INFO - s3_handler - S3Handler context exited
[2025-06-23 18:48:43,553] - INFO - core - Created directory for X_train: 'artifacts/2025_06_23T17_48_06Z/data_transformation/train'
[2025-06-23 18:48:43,977] - INFO - core - X_train saved to: 'artifacts/2025_06_23T17_48_06Z/data_transformation/train/x_train.npy'
[2025-06-23 18:48:44,284] - INFO - core - Directory already exists for X_train: 'data/transformed'
[2025-06-23 18:48:44,606] - INFO - core - X_train saved to: 'data/transformed/x_train.npy'
[2025-06-23 18:48:44,930] - INFO - core - Directory already exists for y_train: 'artifacts/2025_06_23T17_48_06Z/data_transformation/train'
[2025-06-23 18:48:45,230] - INFO - core - y_train saved to: 'artifacts/2025_06_23T17_48_06Z/data_transformation/train/y_train.npy'
[2025-06-23 18:48:45,502] - INFO - core - Directory already exists for y_train: 'data/transformed'
[2025-06-23 18:48:46,320] - INFO - core - y_train saved to: 'data/transformed/y_train.npy'
[2025-06-23 18:48:46,630] - INFO - core - Created directory for X_val: 'artifacts/2025_06_23T17_48_06Z/data_transformation/val'
[2025-06-23 18:48:46,949] - INFO - core - X_val saved to: 'artifacts/2025_06_23T17_48_06Z/data_transformation/val/x_val.npy'
[2025-06-23 18:48:47,265] - INFO - core - Directory already exists for X_val: 'data/transformed'
[2025-06-23 18:48:47,540] - INFO - core - X_val saved to: 'data/transformed/x_val.npy'
[2025-06-23 18:48:47,832] - INFO - core - Directory already exists for y_val: 'artifacts/2025_06_23T17_48_06Z/data_transformation/val'
[2025-06-23 18:48:48,168] - INFO - core - y_val saved to: 'artifacts/2025_06_23T17_48_06Z/data_transformation/val/y_val.npy'
[2025-06-23 18:48:48,473] - INFO - core - Directory already exists for y_val: 'data/transformed'
[2025-06-23 18:48:48,771] - INFO - core - y_val saved to: 'data/transformed/y_val.npy'
[2025-06-23 18:48:49,070] - INFO - core - Created directory for X_test: 'artifacts/2025_06_23T17_48_06Z/data_transformation/test'
[2025-06-23 18:48:49,371] - INFO - core - X_test saved to: 'artifacts/2025_06_23T17_48_06Z/data_transformation/test/x_test.npy'
[2025-06-23 18:48:49,693] - INFO - core - Directory already exists for X_test: 'data/transformed'
[2025-06-23 18:48:50,006] - INFO - core - X_test saved to: 'data/transformed/x_test.npy'
[2025-06-23 18:48:50,289] - INFO - core - Directory already exists for y_test: 'artifacts/2025_06_23T17_48_06Z/data_transformation/test'
[2025-06-23 18:48:50,661] - INFO - core - y_test saved to: 'artifacts/2025_06_23T17_48_06Z/data_transformation/test/y_test.npy'
[2025-06-23 18:48:50,967] - INFO - core - Directory already exists for y_test: 'data/transformed'
[2025-06-23 18:48:51,332] - INFO - core - y_test saved to: 'data/transformed/y_test.npy'
[2025-06-23 18:48:51,614] - INFO - s3_handler - S3Handler context entered
[2025-06-23 18:48:53,151] - INFO - s3_handler - Streamed .npy to: s3://studentperformance-dev-artifacts/artifacts/2025_06_23T17_48_06Z/data_transformation/train/x_train.npy
[2025-06-23 18:48:53,734] - INFO - s3_handler - Streamed .npy to: s3://studentperformance-dev-artifacts/artifacts/2025_06_23T17_48_06Z/data_transformation/train/y_train.npy
[2025-06-23 18:48:54,488] - INFO - s3_handler - Streamed .npy to: s3://studentperformance-dev-artifacts/artifacts/2025_06_23T17_48_06Z/data_transformation/val/x_val.npy
[2025-06-23 18:48:55,093] - INFO - s3_handler - Streamed .npy to: s3://studentperformance-dev-artifacts/artifacts/2025_06_23T17_48_06Z/data_transformation/val/y_val.npy
[2025-06-23 18:48:55,766] - INFO - s3_handler - Streamed .npy to: s3://studentperformance-dev-artifacts/artifacts/2025_06_23T17_48_06Z/data_transformation/test/x_test.npy
[2025-06-23 18:48:56,380] - INFO - s3_handler - Streamed .npy to: s3://studentperformance-dev-artifacts/artifacts/2025_06_23T17_48_06Z/data_transformation/test/y_test.npy
[2025-06-23 18:48:57,048] - INFO - s3_handler - Streamed .npy to: s3://studentperformance-dev-artifacts/data/transformed/x_train.npy
[2025-06-23 18:48:57,626] - INFO - s3_handler - Streamed .npy to: s3://studentperformance-dev-artifacts/data/transformed/y_train.npy
[2025-06-23 18:48:58,348] - INFO - s3_handler - Streamed .npy to: s3://studentperformance-dev-artifacts/data/transformed/x_val.npy
[2025-06-23 18:48:59,080] - INFO - s3_handler - Streamed .npy to: s3://studentperformance-dev-artifacts/data/transformed/y_val.npy
[2025-06-23 18:48:59,727] - INFO - s3_handler - Streamed .npy to: s3://studentperformance-dev-artifacts/data/transformed/x_test.npy
[2025-06-23 18:49:00,367] - INFO - s3_handler - Streamed .npy to: s3://studentperformance-dev-artifacts/data/transformed/y_test.npy
[2025-06-23 18:49:00,681] - INFO - s3_handler - S3Handler context exited
[2025-06-23 18:49:00,980] - INFO - data_transformation - ========== Data Transformation Completed ==========
[2025-06-23 18:49:01,290] - INFO - training_pipeline - Data Transformation Artifact: 
Data Transformation Artifact:
  - X Train Local Path:        'artifacts/2025_06_23T17_48_06Z/data_transformation/train/x_train.npy'
  - Y Train Local Path:        'artifacts/2025_06_23T17_48_06Z/data_transformation/train/y_train.npy'
  - X Val Local Path:          'artifacts/2025_06_23T17_48_06Z/data_transformation/val/x_val.npy'
  - Y Val Local Path:          'artifacts/2025_06_23T17_48_06Z/data_transformation/val/y_val.npy'
  - X Test Local Path:         'artifacts/2025_06_23T17_48_06Z/data_transformation/test/x_test.npy'
  - Y Test Local Path:         'artifacts/2025_06_23T17_48_06Z/data_transformation/test/y_test.npy'
  - X Preprocessor Local Path: 'artifacts/2025_06_23T17_48_06Z/data_transformation/data_processor/x_preprocessor.joblib'
  - Y Preprocessor Local Path: 'artifacts/2025_06_23T17_48_06Z/data_transformation/data_processor/y_preprocessor.joblib'
  - X Train S3 URI:            's3://studentperformance-dev-artifacts/data/transformed/x_train.npy'
  - Y Train S3 URI:            's3://studentperformance-dev-artifacts/data/transformed/y_train.npy'
  - X Val S3 URI:              's3://studentperformance-dev-artifacts/data/transformed/x_val.npy'
  - Y Val S3 URI:              's3://studentperformance-dev-artifacts/data/transformed/y_val.npy'
  - X Test S3 URI:             's3://studentperformance-dev-artifacts/data/transformed/x_test.npy'
  - Y Test S3 URI:             's3://studentperformance-dev-artifacts/data/transformed/y_test.npy'
  - X Preprocessor S3 URI:     's3://studentperformance-dev-artifacts/artifacts/2025_06_23T17_48_06Z/data_transformation/data_processor/x_preprocessor.joblib'
  - Y Preprocessor S3 URI:     's3://studentperformance-dev-artifacts/artifacts/2025_06_23T17_48_06Z/data_transformation/data_processor/y_preprocessor.joblib'
[2025-06-23 18:49:03,616] - INFO - model_trainer - ========== Starting Model Training ==========
[2025-06-23 18:49:03,964] - INFO - model_trainer - Loading train/val data
[2025-06-23 18:49:04,296] - INFO - model_trainer - Loading from local:
[2025-06-23 18:49:04,723] - INFO - core - X_train loaded successfully from: 'artifacts/2025_06_23T17_48_06Z/data_transformation/train/x_train.npy'
[2025-06-23 18:49:05,075] - INFO - core - y_train loaded successfully from: 'artifacts/2025_06_23T17_48_06Z/data_transformation/train/y_train.npy'
[2025-06-23 18:49:05,413] - INFO - core - X_val loaded successfully from: 'artifacts/2025_06_23T17_48_06Z/data_transformation/val/x_val.npy'
[2025-06-23 18:49:05,747] - INFO - core - y_val loaded successfully from: 'artifacts/2025_06_23T17_48_06Z/data_transformation/val/y_val.npy'
[2025-06-23 18:49:06,086] - INFO - core - X_Processor loaded from: 'artifacts/2025_06_23T17_48_06Z/data_transformation/data_processor/x_preprocessor.joblib'
[2025-06-23 18:49:06,473] - INFO - core - y_Processor loaded from: 'artifacts/2025_06_23T17_48_06Z/data_transformation/data_processor/y_preprocessor.joblib'
[2025-06-23 18:49:07,243] - INFO - model_trainer - Selecting and (optionally) tuning models
[2025-06-23 18:49:43,183] - INFO - model_trainer - Training final model: sklearn.ensemble.RandomForestRegressor
[2025-06-23 18:50:00,341] - INFO - model_trainer - ========== Model Training Completed ==========
[2025-06-23 18:50:01,059] - INFO - core - Created directory for Trained Model: 'artifacts/2025_06_23T17_48_06Z/model_trainer/model'
[2025-06-23 18:50:01,421] - INFO - core - Trained Model saved to: 'artifacts/2025_06_23T17_48_06Z/model_trainer/model/model.joblib'
[2025-06-23 18:50:01,730] - INFO - core - Directory already exists for Inference Model: 'inference_model'
[2025-06-23 18:50:02,084] - INFO - core - Inference Model saved to: 'inference_model/inference_model.joblib'
[2025-06-23 18:50:02,388] - INFO - core - Created directory for Inference Model: 'artifacts/2025_06_23T17_48_06Z/model_trainer/inference_model'
[2025-06-23 18:50:02,750] - INFO - core - Inference Model saved to: 'artifacts/2025_06_23T17_48_06Z/model_trainer/inference_model/inference_model.joblib'
[2025-06-23 18:50:03,083] - INFO - core - Created directory for Training Report: 'artifacts/2025_06_23T17_48_06Z/model_trainer/reports'
[2025-06-23 18:50:03,408] - INFO - core - Training Report saved to: 'artifacts/2025_06_23T17_48_06Z/model_trainer/reports/training_report.yaml'
[2025-06-23 18:50:03,767] - INFO - model_trainer - Streaming artifacts to S3
[2025-06-23 18:50:04,110] - INFO - s3_handler - S3Handler context entered
[2025-06-23 18:50:05,960] - INFO - s3_handler - Streamed object to: s3://studentperformance-dev-artifacts/artifacts/2025_06_23T17_48_06Z/model_trainer/model/model.joblib
[2025-06-23 18:50:07,300] - INFO - s3_handler - Streamed object to: s3://studentperformance-dev-artifacts/inference_model/inference_model.joblib
[2025-06-23 18:50:07,967] - INFO - s3_handler - Streamed YAML to: s3://studentperformance-dev-artifacts/artifacts/2025_06_23T17_48_06Z/model_trainer/reports/training_report.yaml
[2025-06-23 18:50:08,353] - INFO - s3_handler - S3Handler context exited
[2025-06-23 18:50:08,741] - INFO - training_pipeline - Model Trainer Artifact: 
Model Trainer Artifact:
  - Trained Model Local Path:      'artifacts/2025_06_23T17_48_06Z/model_trainer/model/model.joblib'
  - Training Report Local Path:    'artifacts/2025_06_23T17_48_06Z/model_trainer/reports/training_report.yaml'

  - X Train Local Path:            'artifacts/2025_06_23T17_48_06Z/data_transformation/train/x_train.npy'
  - Y Train Local Path:            'artifacts/2025_06_23T17_48_06Z/data_transformation/train/y_train.npy'
  - X Val Local Path:              'artifacts/2025_06_23T17_48_06Z/data_transformation/val/x_val.npy'
  - Y Val Local Path:              'artifacts/2025_06_23T17_48_06Z/data_transformation/val/y_val.npy'
  - X Test Local Path:             'artifacts/2025_06_23T17_48_06Z/data_transformation/test/x_test.npy'
  - Y Test Local Path:             'artifacts/2025_06_23T17_48_06Z/data_transformation/test/y_test.npy'

  - Trained Model S3 URI:          's3://studentperformance-dev-artifacts/artifacts/2025_06_23T17_48_06Z/model_trainer/model/model.joblib'
  - Training Report S3 URI:        's3://studentperformance-dev-artifacts/artifacts/2025_06_23T17_48_06Z/model_trainer/reports/training_report.yaml'

  - X Train S3 URI:                's3://studentperformance-dev-artifacts/data/transformed/x_train.npy'
  - Y Train S3 URI:                's3://studentperformance-dev-artifacts/data/transformed/y_train.npy'
  - X Val S3 URI:                  's3://studentperformance-dev-artifacts/data/transformed/x_val.npy'
  - Y Val S3 URI:                  's3://studentperformance-dev-artifacts/data/transformed/y_val.npy'
  - X Test S3 URI:                 's3://studentperformance-dev-artifacts/data/transformed/x_test.npy'
  - Y Test S3 URI:                 's3://studentperformance-dev-artifacts/data/transformed/y_test.npy'
[2025-06-23 18:50:09,141] - INFO - training_pipeline - ========== Training Pipeline Completed ==========
