[2025-06-19 04:21:13,975] - INFO - training_pipeline - Initializing TrainingPipeline...
[2025-06-19 04:21:13,985] - INFO - core - YAML successfully loaded from: 'config/config.yaml'
[2025-06-19 04:21:14,002] - INFO - core - YAML successfully loaded from: 'config/params.yaml'
[2025-06-19 04:21:14,023] - INFO - core - YAML successfully loaded from: 'config/schema.yaml'
[2025-06-19 04:21:14,026] - INFO - core - YAML successfully loaded from: 'config/templates.yaml'
[2025-06-19 04:21:14,027] - INFO - training_pipeline - ========== Training Pipeline Started ==========
[2025-06-19 04:21:14,027] - INFO - postgres_dbhandler - Initializing PostgresDBHandler
[2025-06-19 04:21:14,197] - INFO - s3_handler - S3Handler initialized for bucket 'studentperformance-dev-artifacts' in region 'us-east-1'
[2025-06-19 04:21:14,197] - INFO - data_ingestion - ========== Starting Data Ingestion ==========
[2025-06-19 04:21:14,197] - INFO - postgres_dbhandler - Loading data from PostgreSQL table: student_scores
[2025-06-19 04:21:14,197] - INFO - postgres_dbhandler - Attempting to connect to PostgreSQL
[2025-06-19 04:21:15,113] - INFO - postgres_dbhandler - Successfully connected to PostgreSQL
[2025-06-19 04:21:15,122] - INFO - postgres_dbhandler - Executing query: SELECT * FROM "student_scores"
[2025-06-19 04:21:16,019] - INFO - postgres_dbhandler - DataFrame loaded from PostgreSQL table: student_scores
[2025-06-19 04:21:16,019] - INFO - data_ingestion - Fetched 2000 raw rows from data source.
[2025-06-19 04:21:16,019] - INFO - postgres_dbhandler - PostgreSQL connection closed
[2025-06-19 04:21:16,033] - INFO - data_ingestion - Raw DataFrame cleaned successfully.
[2025-06-19 04:21:16,035] - INFO - data_ingestion - Streaming raw and ingested data to S3
[2025-06-19 04:21:16,035] - INFO - s3_handler - S3Handler context entered
[2025-06-19 04:21:16,938] - INFO - s3_handler - Streamed CSV to: s3://studentperformance-dev-artifacts/artifacts/2025_06_19T03_21_11Z/data_ingestion/raw_data/raw.csv
[2025-06-19 04:21:17,316] - INFO - s3_handler - Streamed CSV to: s3://studentperformance-dev-artifacts/data/raw/raw.csv
[2025-06-19 04:21:17,630] - INFO - s3_handler - Streamed CSV to: s3://studentperformance-dev-artifacts/artifacts/2025_06_19T03_21_11Z/data_ingestion/ingested_data/ingested_data.csv
[2025-06-19 04:21:17,630] - INFO - s3_handler - S3Handler context exited
[2025-06-19 04:21:17,630] - INFO - data_ingestion - ========== Data Ingestion Completed ==========
[2025-06-19 04:21:17,630] - INFO - training_pipeline - Data Ingestion Artifact: 
Data Ingestion Artifact:
  - Raw Local Path:        'None'
  - DVC Raw Local Path:    'None'
  - Ingested Local Path:   'None'
  - Raw S3 URI:            's3://studentperformance-dev-artifacts/artifacts/2025_06_19T03_21_11Z/data_ingestion/raw_data/raw.csv'
  - DVC Raw S3 URI:        's3://studentperformance-dev-artifacts/data/raw/raw.csv'
  - Ingested S3 URI:       's3://studentperformance-dev-artifacts/artifacts/2025_06_19T03_21_11Z/data_ingestion/ingested_data/ingested_data.csv'
[2025-06-19 04:21:17,630] - INFO - data_validation - Initializing DataValidation component.
[2025-06-19 04:21:17,630] - INFO - data_validation - Loading ingested data from S3 URI: s3://studentperformance-dev-artifacts/artifacts/2025_06_19T03_21_11Z/data_ingestion/ingested_data/ingested_data.csv
[2025-06-19 04:21:18,002] - INFO - core - CSV file read successfully from: 'data/validated/validated_data.csv'
[2025-06-19 04:21:18,004] - INFO - data_validation - ========== Starting Data Validation ==========
[2025-06-19 04:21:18,004] - INFO - data_validation - Performing schema hash check.
[2025-06-19 04:21:18,004] - INFO - data_validation - Schema hash check passed.
[2025-06-19 04:21:18,004] - INFO - data_validation - Checking for missing values.
[2025-06-19 04:21:18,004] - INFO - core - Created directory for Missing Value Report: 'artifacts/2025_06_19T03_21_11Z/data_validation/reports'
[2025-06-19 04:21:18,007] - INFO - core - Missing Value Report saved to: 'artifacts/2025_06_19T03_21_11Z/data_validation/reports/missing_values_report.yaml'
[2025-06-19 04:21:18,007] - INFO - data_validation - Checking for duplicate rows.
[2025-06-19 04:21:18,011] - INFO - core - Directory already exists for Duplicates Report: 'artifacts/2025_06_19T03_21_11Z/data_validation/reports'
[2025-06-19 04:21:18,012] - INFO - core - Duplicates Report saved to: 'artifacts/2025_06_19T03_21_11Z/data_validation/reports/duplicates_report.yaml'
[2025-06-19 04:21:18,012] - INFO - data_validation - Checking categorical values against schema constraints.
[2025-06-19 04:21:18,014] - INFO - core - Directory already exists for Categorical Values Report: 'artifacts/2025_06_19T03_21_11Z/data_validation/reports'
[2025-06-19 04:21:18,015] - INFO - core - Categorical Values Report saved to: 'artifacts/2025_06_19T03_21_11Z/data_validation/reports/categorical_report.yaml'
[2025-06-19 04:21:18,015] - INFO - data_validation - Performing data drift check.
[2025-06-19 04:21:18,059] - INFO - core - Directory already exists for Drift Report: 'artifacts/2025_06_19T03_21_11Z/data_validation/reports'
[2025-06-19 04:21:18,059] - INFO - core - Drift Report saved to: 'artifacts/2025_06_19T03_21_11Z/data_validation/reports/drift_report.yaml'
[2025-06-19 04:21:18,059] - INFO - data_validation - Generating final validation report.
[2025-06-19 04:21:18,059] - INFO - core - Directory already exists for Validation Report: 'artifacts/2025_06_19T03_21_11Z/data_validation/reports'
[2025-06-19 04:21:18,073] - INFO - core - Validation Report saved to: 'artifacts/2025_06_19T03_21_11Z/data_validation/reports/validation_report.yaml'
[2025-06-19 04:21:18,073] - INFO - s3_handler - S3Handler context entered
[2025-06-19 04:21:18,406] - INFO - s3_handler - Streamed CSV to: s3://studentperformance-dev-artifacts/artifacts/2025_06_19T03_21_11Z/data_validation/validated/validated_data.csv
[2025-06-19 04:21:18,406] - INFO - s3_handler - S3Handler context exited
[2025-06-19 04:21:18,406] - INFO - training_pipeline - Data Validation Artifact: 
Data Validation Artifact:
  - Validated Local Path: 'None'
  - Validated S3 URI:     's3://studentperformance-dev-artifacts/artifacts/2025_06_19T03_21_11Z/data_validation/validated/validated_data.csv'
  - Validation Status:    'True'
[2025-06-19 04:21:18,410] - INFO - data_transformation - Loading validated data from S3 URI: s3://studentperformance-dev-artifacts/artifacts/2025_06_19T03_21_11Z/data_validation/validated/validated_data.csv
[2025-06-19 04:21:18,660] - INFO - data_transformation - ========== Starting Data Transformation ==========
[2025-06-19 04:21:18,711] - INFO - core - Created directory for X Preprocessor Pipeline: 'artifacts/2025_06_19T03_21_11Z/data_transformation/data_processor'
[2025-06-19 04:21:18,716] - INFO - core - X Preprocessor Pipeline saved to: 'artifacts/2025_06_19T03_21_11Z/data_transformation/data_processor/x_preprocessor.joblib'
[2025-06-19 04:21:18,717] - INFO - core - Directory already exists for Y Preprocessor Pipeline: 'artifacts/2025_06_19T03_21_11Z/data_transformation/data_processor'
[2025-06-19 04:21:18,719] - INFO - core - Y Preprocessor Pipeline saved to: 'artifacts/2025_06_19T03_21_11Z/data_transformation/data_processor/y_preprocessor.joblib'
[2025-06-19 04:21:18,720] - INFO - core - Created directory for X_train: 'artifacts/2025_06_19T03_21_11Z/data_transformation/train'
[2025-06-19 04:21:18,720] - INFO - core - X_train saved to: 'artifacts/2025_06_19T03_21_11Z/data_transformation/train/x_train.npy'
[2025-06-19 04:21:18,720] - INFO - core - Directory already exists for X_train: 'data/transformed'
[2025-06-19 04:21:18,723] - INFO - core - X_train saved to: 'data/transformed/x_train.npy'
[2025-06-19 04:21:18,723] - INFO - core - Directory already exists for y_train: 'artifacts/2025_06_19T03_21_11Z/data_transformation/train'
[2025-06-19 04:21:18,724] - INFO - core - y_train saved to: 'artifacts/2025_06_19T03_21_11Z/data_transformation/train/y_train.npy'
[2025-06-19 04:21:18,724] - INFO - core - Directory already exists for y_train: 'data/transformed'
[2025-06-19 04:21:18,724] - INFO - core - y_train saved to: 'data/transformed/y_train.npy'
[2025-06-19 04:21:18,724] - INFO - core - Created directory for X_val: 'artifacts/2025_06_19T03_21_11Z/data_transformation/val'
[2025-06-19 04:21:18,726] - INFO - core - X_val saved to: 'artifacts/2025_06_19T03_21_11Z/data_transformation/val/x_val.npy'
[2025-06-19 04:21:18,726] - INFO - core - Directory already exists for X_val: 'data/transformed'
[2025-06-19 04:21:18,726] - INFO - core - X_val saved to: 'data/transformed/x_val.npy'
[2025-06-19 04:21:18,726] - INFO - core - Directory already exists for y_val: 'artifacts/2025_06_19T03_21_11Z/data_transformation/val'
[2025-06-19 04:21:18,727] - INFO - core - y_val saved to: 'artifacts/2025_06_19T03_21_11Z/data_transformation/val/y_val.npy'
[2025-06-19 04:21:18,727] - INFO - core - Directory already exists for y_val: 'data/transformed'
[2025-06-19 04:21:18,728] - INFO - core - y_val saved to: 'data/transformed/y_val.npy'
[2025-06-19 04:21:18,728] - INFO - core - Created directory for X_test: 'artifacts/2025_06_19T03_21_11Z/data_transformation/test'
[2025-06-19 04:21:18,728] - INFO - core - X_test saved to: 'artifacts/2025_06_19T03_21_11Z/data_transformation/test/x_test.npy'
[2025-06-19 04:21:18,728] - INFO - core - Directory already exists for X_test: 'data/transformed'
[2025-06-19 04:21:18,729] - INFO - core - X_test saved to: 'data/transformed/x_test.npy'
[2025-06-19 04:21:18,729] - INFO - core - Directory already exists for y_test: 'artifacts/2025_06_19T03_21_11Z/data_transformation/test'
[2025-06-19 04:21:18,730] - INFO - core - y_test saved to: 'artifacts/2025_06_19T03_21_11Z/data_transformation/test/y_test.npy'
[2025-06-19 04:21:18,730] - INFO - core - Directory already exists for y_test: 'data/transformed'
[2025-06-19 04:21:18,730] - INFO - core - y_test saved to: 'data/transformed/y_test.npy'
[2025-06-19 04:21:18,730] - INFO - data_transformation - ========== Data Transformation Completed ==========
[2025-06-19 04:21:18,731] - INFO - training_pipeline - Data Transformation Artifact: 
Data Transformation Artifact:
  - X Train Path:         'artifacts/2025_06_19T03_21_11Z/data_transformation/train/x_train.npy'
  - Y Train Path:         'artifacts/2025_06_19T03_21_11Z/data_transformation/train/y_train.npy'
  - X Val Path:           'artifacts/2025_06_19T03_21_11Z/data_transformation/val/x_val.npy'
  - Y Val Path:           'artifacts/2025_06_19T03_21_11Z/data_transformation/val/y_val.npy'
  - X Test Path:          'artifacts/2025_06_19T03_21_11Z/data_transformation/test/x_test.npy'
  - Y Test Path:          'artifacts/2025_06_19T03_21_11Z/data_transformation/test/y_test.npy'
  - X Preprocessor Path:  'artifacts/2025_06_19T03_21_11Z/data_transformation/data_processor/x_preprocessor.joblib'
  - Y Preprocessor Path:  'artifacts/2025_06_19T03_21_11Z/data_transformation/data_processor/y_preprocessor.joblib'

[2025-06-19 04:21:18,731] - INFO - model_trainer - Initializing ModelTrainer with root_dir=artifacts\2025_06_19T03_21_11Z\model_trainer
[2025-06-19 04:21:20,206] - INFO - model_trainer - ========== Starting Model Training ==========
