[2025-06-23 19:13:16,289] - INFO - training_pipeline - Initializing TrainingPipeline...
[2025-06-23 19:13:16,951] - INFO - core - YAML successfully loaded from: 'config/config.yaml'
[2025-06-23 19:13:17,261] - INFO - core - YAML successfully loaded from: 'config/params.yaml'
[2025-06-23 19:13:17,519] - INFO - core - YAML successfully loaded from: 'config/schema.yaml'
[2025-06-23 19:13:17,806] - INFO - core - YAML successfully loaded from: 'config/templates.yaml'
[2025-06-23 19:13:18,086] - INFO - training_pipeline - ========== Training Pipeline Started ==========
[2025-06-23 19:13:18,389] - INFO - postgres_dbhandler - Initializing PostgresDBHandler
[2025-06-23 19:13:18,666] - INFO - s3_handler - S3Handler initialized for bucket 'studentperformance-dev-artifacts' in region 'us-east-1'
[2025-06-23 19:13:18,956] - INFO - data_ingestion - ========== Starting Data Ingestion ==========
[2025-06-23 19:13:19,226] - INFO - postgres_dbhandler - Loading data from PostgreSQL table: student_scores
[2025-06-23 19:13:19,498] - INFO - postgres_dbhandler - Attempting to connect to PostgreSQL
[2025-06-23 19:13:20,661] - INFO - postgres_dbhandler - Successfully connected to PostgreSQL
[2025-06-23 19:13:20,929] - INFO - postgres_dbhandler - Executing query: SELECT * FROM "student_scores"
[2025-06-23 19:13:22,105] - INFO - postgres_dbhandler - DataFrame loaded from PostgreSQL table: student_scores
[2025-06-23 19:13:22,369] - INFO - data_ingestion - Fetched 2000 raw rows from data source.
[2025-06-23 19:13:22,660] - INFO - postgres_dbhandler - PostgreSQL connection closed
[2025-06-23 19:13:22,952] - INFO - data_ingestion - Raw DataFrame cleaned successfully.
[2025-06-23 19:13:23,230] - INFO - data_ingestion - Saving raw and ingested data locally
[2025-06-23 19:13:23,507] - INFO - core - Created directory for Raw Data: 'artifacts/2025_06_23T18_13_13Z/data_ingestion/raw_data'
[2025-06-23 19:13:23,803] - INFO - core - Raw Data saved to: 'artifacts/2025_06_23T18_13_13Z/data_ingestion/raw_data/raw.csv'
[2025-06-23 19:13:24,087] - INFO - core - Directory already exists for Raw Data (DVC): 'data/raw'
[2025-06-23 19:13:24,371] - INFO - core - Raw Data (DVC) saved to: 'data/raw/raw.csv'
[2025-06-23 19:13:24,645] - INFO - core - Created directory for Ingested Data: 'artifacts/2025_06_23T18_13_13Z/data_ingestion/ingested_data'
[2025-06-23 19:13:24,925] - INFO - core - Ingested Data saved to: 'artifacts/2025_06_23T18_13_13Z/data_ingestion/ingested_data/ingested_data.csv'
[2025-06-23 19:13:25,204] - INFO - data_ingestion - Streaming raw and ingested data to S3
[2025-06-23 19:13:25,474] - INFO - s3_handler - S3Handler context entered
[2025-06-23 19:13:26,584] - INFO - s3_handler - Streamed CSV to: s3://studentperformance-dev-artifacts/artifacts/2025_06_23T18_13_13Z/data_ingestion/raw_data/raw.csv
[2025-06-23 19:13:27,203] - INFO - s3_handler - Streamed CSV to: s3://studentperformance-dev-artifacts/data/raw/raw.csv
[2025-06-23 19:13:27,826] - INFO - s3_handler - Streamed CSV to: s3://studentperformance-dev-artifacts/artifacts/2025_06_23T18_13_13Z/data_ingestion/ingested_data/ingested_data.csv
[2025-06-23 19:13:28,117] - INFO - s3_handler - S3Handler context exited
[2025-06-23 19:13:28,401] - INFO - data_ingestion - ========== Data Ingestion Completed ==========
[2025-06-23 19:13:28,681] - INFO - training_pipeline - Data Ingestion Artifact: 
Data Ingestion Artifact:
  - Raw Local Path:        'artifacts/2025_06_23T18_13_13Z/data_ingestion/raw_data/raw.csv'
  - DVC Raw Local Path:    'data/raw/raw.csv'
  - Ingested Local Path:   'artifacts/2025_06_23T18_13_13Z/data_ingestion/ingested_data/ingested_data.csv'
  - Raw S3 URI:            's3://studentperformance-dev-artifacts/artifacts/2025_06_23T18_13_13Z/data_ingestion/raw_data/raw.csv'
  - DVC Raw S3 URI:        's3://studentperformance-dev-artifacts/data/raw/raw.csv'
  - Ingested S3 URI:       's3://studentperformance-dev-artifacts/artifacts/2025_06_23T18_13_13Z/data_ingestion/ingested_data/ingested_data.csv'
[2025-06-23 19:13:28,975] - INFO - data_validation - Initializing DataValidation component.
[2025-06-23 19:13:29,246] - INFO - data_validation - Loading ingested data from local: artifacts\2025_06_23T18_13_13Z\data_ingestion\ingested_data\ingested_data.csv
[2025-06-23 19:13:29,543] - INFO - core - CSV file read successfully from: 'artifacts/2025_06_23T18_13_13Z/data_ingestion/ingested_data/ingested_data.csv'
[2025-06-23 19:13:29,849] - INFO - core - CSV file read successfully from: 'data/validated/validated_data.csv'
[2025-06-23 19:13:30,125] - INFO - data_validation - ========== Starting Data Validation ==========
[2025-06-23 19:13:30,403] - INFO - data_validation - Performing schema hash check.
[2025-06-23 19:13:30,680] - INFO - data_validation - Schema hash check passed.
[2025-06-23 19:13:30,960] - INFO - data_validation - Checking for missing values.
[2025-06-23 19:13:31,249] - INFO - core - Created directory for Missing Value Report: 'artifacts/2025_06_23T18_13_13Z/data_validation/reports'
[2025-06-23 19:13:31,523] - INFO - core - Missing Value Report saved to: 'artifacts/2025_06_23T18_13_13Z/data_validation/reports/missing_values_report.yaml'
[2025-06-23 19:13:31,790] - INFO - s3_handler - S3Handler context entered
[2025-06-23 19:13:32,333] - INFO - s3_handler - Streamed YAML to: s3://studentperformance-dev-artifacts/artifacts/2025_06_23T18_13_13Z/data_validation/reports/missing_values_report.yaml
[2025-06-23 19:13:32,606] - INFO - s3_handler - S3Handler context exited
[2025-06-23 19:13:32,881] - INFO - data_validation - Checking for duplicate rows.
[2025-06-23 19:13:33,169] - INFO - core - Directory already exists for Duplicates Report: 'artifacts/2025_06_23T18_13_13Z/data_validation/reports'
[2025-06-23 19:13:33,450] - INFO - core - Duplicates Report saved to: 'artifacts/2025_06_23T18_13_13Z/data_validation/reports/duplicates_report.yaml'
[2025-06-23 19:13:33,740] - INFO - s3_handler - S3Handler context entered
[2025-06-23 19:13:34,295] - INFO - s3_handler - Streamed YAML to: s3://studentperformance-dev-artifacts/artifacts/2025_06_23T18_13_13Z/data_validation/reports/duplicates_report.yaml
[2025-06-23 19:13:34,586] - INFO - s3_handler - S3Handler context exited
[2025-06-23 19:13:34,855] - INFO - data_validation - Checking categorical values.
[2025-06-23 19:13:35,139] - INFO - core - Directory already exists for Categorical Values Report: 'artifacts/2025_06_23T18_13_13Z/data_validation/reports'
[2025-06-23 19:13:35,423] - INFO - core - Categorical Values Report saved to: 'artifacts/2025_06_23T18_13_13Z/data_validation/reports/categorical_report.yaml'
[2025-06-23 19:13:35,703] - INFO - s3_handler - S3Handler context entered
[2025-06-23 19:13:36,235] - INFO - s3_handler - Streamed YAML to: s3://studentperformance-dev-artifacts/artifacts/2025_06_23T18_13_13Z/data_validation/reports/categorical_report.yaml
[2025-06-23 19:13:36,516] - INFO - s3_handler - S3Handler context exited
[2025-06-23 19:13:36,785] - INFO - data_validation - Performing data drift check.
[2025-06-23 19:13:37,144] - INFO - core - Directory already exists for Drift Report: 'artifacts/2025_06_23T18_13_13Z/data_validation/reports'
[2025-06-23 19:13:37,423] - INFO - core - Drift Report saved to: 'artifacts/2025_06_23T18_13_13Z/data_validation/reports/drift_report.yaml'
[2025-06-23 19:13:37,688] - INFO - s3_handler - S3Handler context entered
[2025-06-23 19:13:38,247] - INFO - s3_handler - Streamed YAML to: s3://studentperformance-dev-artifacts/artifacts/2025_06_23T18_13_13Z/data_validation/reports/drift_report.yaml
[2025-06-23 19:13:38,555] - INFO - s3_handler - S3Handler context exited
[2025-06-23 19:13:38,828] - INFO - data_validation - Generating final validation report.
[2025-06-23 19:13:39,095] - INFO - core - Directory already exists for Validation Report: 'artifacts/2025_06_23T18_13_13Z/data_validation/reports'
[2025-06-23 19:13:39,378] - INFO - core - Validation Report saved to: 'artifacts/2025_06_23T18_13_13Z/data_validation/reports/validation_report.yaml'
[2025-06-23 19:13:39,651] - INFO - s3_handler - S3Handler context entered
[2025-06-23 19:13:40,214] - INFO - s3_handler - Streamed YAML to: s3://studentperformance-dev-artifacts/artifacts/2025_06_23T18_13_13Z/data_validation/reports/validation_report.yaml
[2025-06-23 19:13:40,514] - INFO - s3_handler - S3Handler context exited
[2025-06-23 19:13:40,787] - INFO - core - Created directory for Validated Data: 'artifacts/2025_06_23T18_13_13Z/data_validation/validated'
[2025-06-23 19:13:41,065] - INFO - core - Validated Data saved to: 'artifacts/2025_06_23T18_13_13Z/data_validation/validated/validated_data.csv'
[2025-06-23 19:13:41,331] - INFO - core - Directory already exists for Validated Data: 'data/validated'
[2025-06-23 19:13:41,631] - INFO - core - Validated Data saved to: 'data/validated/validated_data.csv'
[2025-06-23 19:13:41,905] - INFO - s3_handler - S3Handler context entered
[2025-06-23 19:13:42,536] - INFO - s3_handler - Streamed CSV to: s3://studentperformance-dev-artifacts/artifacts/2025_06_23T18_13_13Z/data_validation/validated/validated_data.csv
[2025-06-23 19:13:43,153] - INFO - s3_handler - Streamed CSV to: s3://studentperformance-dev-artifacts/data/validated/validated_data.csv
[2025-06-23 19:13:43,439] - INFO - s3_handler - S3Handler context exited
[2025-06-23 19:13:43,709] - INFO - data_validation - ========== Data Validation Completed ==========
[2025-06-23 19:13:44,023] - INFO - training_pipeline - Data Validation Artifact: 
Data Validation Artifact:
  - Validated Local Path:     'artifacts/2025_06_23T18_13_13Z/data_validation/validated/validated_data.csv'
  - Validated DVC Local Path: 'data/validated/validated_data.csv'
  - Validated S3 URI:         's3://studentperformance-dev-artifacts/artifacts/2025_06_23T18_13_13Z/data_validation/validated/validated_data.csv'
  - Validated DVC S3 URI:     's3://studentperformance-dev-artifacts/data/validated/validated_data.csv'
  - Validation Status:        True
[2025-06-23 19:13:44,314] - INFO - data_transformation - Initializing DataTransformation component.
[2025-06-23 19:13:44,580] - INFO - data_transformation - Loading validated data from local: artifacts\2025_06_23T18_13_13Z\data_validation\validated\validated_data.csv
[2025-06-23 19:13:44,854] - INFO - core - CSV file read successfully from: 'artifacts/2025_06_23T18_13_13Z/data_validation/validated/validated_data.csv'
[2025-06-23 19:13:45,148] - INFO - data_transformation - ========== Starting Data Transformation ==========
[2025-06-23 19:13:45,485] - INFO - column_math_factory - Applied 'mean_of_columns' on ['math_score', 'reading_score', 'writing_score'] → 'mean_score' (inplace=True)
[2025-06-23 19:13:45,776] - INFO - column_math_factory - Applied 'mean_of_columns' on ['math_score', 'reading_score', 'writing_score'] → 'mean_score' (inplace=True)
[2025-06-23 19:13:46,087] - INFO - column_math_factory - Applied 'mean_of_columns' on ['math_score', 'reading_score', 'writing_score'] → 'mean_score' (inplace=True)
[2025-06-23 19:13:46,351] - INFO - core - Created directory for X Preprocessor Pipeline: 'artifacts/2025_06_23T18_13_13Z/data_transformation/data_processor'
[2025-06-23 19:13:46,637] - INFO - core - X Preprocessor Pipeline saved to: 'artifacts/2025_06_23T18_13_13Z/data_transformation/data_processor/x_preprocessor.joblib'
[2025-06-23 19:13:46,905] - INFO - core - Directory already exists for Y Preprocessor Pipeline: 'artifacts/2025_06_23T18_13_13Z/data_transformation/data_processor'
[2025-06-23 19:13:47,205] - INFO - core - Y Preprocessor Pipeline saved to: 'artifacts/2025_06_23T18_13_13Z/data_transformation/data_processor/y_preprocessor.joblib'
[2025-06-23 19:13:47,481] - INFO - s3_handler - S3Handler context entered
[2025-06-23 19:13:48,164] - INFO - s3_handler - Streamed object to: s3://studentperformance-dev-artifacts/artifacts/2025_06_23T18_13_13Z/data_transformation/data_processor/x_preprocessor.joblib
[2025-06-23 19:13:48,735] - INFO - s3_handler - Streamed object to: s3://studentperformance-dev-artifacts/artifacts/2025_06_23T18_13_13Z/data_transformation/data_processor/y_preprocessor.joblib
[2025-06-23 19:13:49,032] - INFO - s3_handler - S3Handler context exited
[2025-06-23 19:13:49,357] - INFO - core - Created directory for X_train: 'artifacts/2025_06_23T18_13_13Z/data_transformation/train'
[2025-06-23 19:13:49,687] - INFO - core - X_train saved to: 'artifacts/2025_06_23T18_13_13Z/data_transformation/train/x_train.npy'
[2025-06-23 19:13:49,976] - INFO - core - Directory already exists for X_train: 'data/transformed'
[2025-06-23 19:13:50,275] - INFO - core - X_train saved to: 'data/transformed/x_train.npy'
[2025-06-23 19:13:50,671] - INFO - core - Directory already exists for y_train: 'artifacts/2025_06_23T18_13_13Z/data_transformation/train'
[2025-06-23 19:13:51,008] - INFO - core - y_train saved to: 'artifacts/2025_06_23T18_13_13Z/data_transformation/train/y_train.npy'
[2025-06-23 19:13:51,329] - INFO - core - Directory already exists for y_train: 'data/transformed'
[2025-06-23 19:13:51,981] - INFO - core - y_train saved to: 'data/transformed/y_train.npy'
[2025-06-23 19:13:52,277] - INFO - core - Created directory for X_val: 'artifacts/2025_06_23T18_13_13Z/data_transformation/val'
[2025-06-23 19:13:52,575] - INFO - core - X_val saved to: 'artifacts/2025_06_23T18_13_13Z/data_transformation/val/x_val.npy'
[2025-06-23 19:13:52,857] - INFO - core - Directory already exists for X_val: 'data/transformed'
[2025-06-23 19:13:53,133] - INFO - core - X_val saved to: 'data/transformed/x_val.npy'
[2025-06-23 19:13:53,434] - INFO - core - Directory already exists for y_val: 'artifacts/2025_06_23T18_13_13Z/data_transformation/val'
[2025-06-23 19:13:53,713] - INFO - core - y_val saved to: 'artifacts/2025_06_23T18_13_13Z/data_transformation/val/y_val.npy'
[2025-06-23 19:13:54,000] - INFO - core - Directory already exists for y_val: 'data/transformed'
[2025-06-23 19:13:54,293] - INFO - core - y_val saved to: 'data/transformed/y_val.npy'
[2025-06-23 19:13:54,625] - INFO - core - Created directory for X_test: 'artifacts/2025_06_23T18_13_13Z/data_transformation/test'
[2025-06-23 19:13:54,913] - INFO - core - X_test saved to: 'artifacts/2025_06_23T18_13_13Z/data_transformation/test/x_test.npy'
[2025-06-23 19:13:55,184] - INFO - core - Directory already exists for X_test: 'data/transformed'
[2025-06-23 19:13:55,461] - INFO - core - X_test saved to: 'data/transformed/x_test.npy'
[2025-06-23 19:13:55,742] - INFO - core - Directory already exists for y_test: 'artifacts/2025_06_23T18_13_13Z/data_transformation/test'
[2025-06-23 19:13:56,032] - INFO - core - y_test saved to: 'artifacts/2025_06_23T18_13_13Z/data_transformation/test/y_test.npy'
[2025-06-23 19:13:56,322] - INFO - core - Directory already exists for y_test: 'data/transformed'
[2025-06-23 19:13:56,618] - INFO - core - y_test saved to: 'data/transformed/y_test.npy'
[2025-06-23 19:13:56,903] - INFO - s3_handler - S3Handler context entered
[2025-06-23 19:13:58,312] - INFO - s3_handler - Streamed .npy to: s3://studentperformance-dev-artifacts/artifacts/2025_06_23T18_13_13Z/data_transformation/train/x_train.npy
[2025-06-23 19:13:58,925] - INFO - s3_handler - Streamed .npy to: s3://studentperformance-dev-artifacts/artifacts/2025_06_23T18_13_13Z/data_transformation/train/y_train.npy
[2025-06-23 19:13:59,575] - INFO - s3_handler - Streamed .npy to: s3://studentperformance-dev-artifacts/artifacts/2025_06_23T18_13_13Z/data_transformation/val/x_val.npy
[2025-06-23 19:14:00,171] - INFO - s3_handler - Streamed .npy to: s3://studentperformance-dev-artifacts/artifacts/2025_06_23T18_13_13Z/data_transformation/val/y_val.npy
[2025-06-23 19:14:00,835] - INFO - s3_handler - Streamed .npy to: s3://studentperformance-dev-artifacts/artifacts/2025_06_23T18_13_13Z/data_transformation/test/x_test.npy
[2025-06-23 19:14:01,434] - INFO - s3_handler - Streamed .npy to: s3://studentperformance-dev-artifacts/artifacts/2025_06_23T18_13_13Z/data_transformation/test/y_test.npy
[2025-06-23 19:14:02,137] - INFO - s3_handler - Streamed .npy to: s3://studentperformance-dev-artifacts/data/transformed/x_train.npy
[2025-06-23 19:14:02,745] - INFO - s3_handler - Streamed .npy to: s3://studentperformance-dev-artifacts/data/transformed/y_train.npy
[2025-06-23 19:14:03,336] - INFO - s3_handler - Streamed .npy to: s3://studentperformance-dev-artifacts/data/transformed/x_val.npy
[2025-06-23 19:14:03,942] - INFO - s3_handler - Streamed .npy to: s3://studentperformance-dev-artifacts/data/transformed/y_val.npy
[2025-06-23 19:14:04,567] - INFO - s3_handler - Streamed .npy to: s3://studentperformance-dev-artifacts/data/transformed/x_test.npy
[2025-06-23 19:14:05,153] - INFO - s3_handler - Streamed .npy to: s3://studentperformance-dev-artifacts/data/transformed/y_test.npy
[2025-06-23 19:14:05,471] - INFO - s3_handler - S3Handler context exited
[2025-06-23 19:14:05,828] - INFO - data_transformation - ========== Data Transformation Completed ==========
[2025-06-23 19:14:06,144] - INFO - training_pipeline - Data Transformation Artifact: 
Data Transformation Artifact:
  - X Train Local Path:        'artifacts/2025_06_23T18_13_13Z/data_transformation/train/x_train.npy'
  - Y Train Local Path:        'artifacts/2025_06_23T18_13_13Z/data_transformation/train/y_train.npy'
  - X Val Local Path:          'artifacts/2025_06_23T18_13_13Z/data_transformation/val/x_val.npy'
  - Y Val Local Path:          'artifacts/2025_06_23T18_13_13Z/data_transformation/val/y_val.npy'
  - X Test Local Path:         'artifacts/2025_06_23T18_13_13Z/data_transformation/test/x_test.npy'
  - Y Test Local Path:         'artifacts/2025_06_23T18_13_13Z/data_transformation/test/y_test.npy'
  - X Preprocessor Local Path: 'artifacts/2025_06_23T18_13_13Z/data_transformation/data_processor/x_preprocessor.joblib'
  - Y Preprocessor Local Path: 'artifacts/2025_06_23T18_13_13Z/data_transformation/data_processor/y_preprocessor.joblib'
  - X Train S3 URI:            's3://studentperformance-dev-artifacts/data/transformed/x_train.npy'
  - Y Train S3 URI:            's3://studentperformance-dev-artifacts/data/transformed/y_train.npy'
  - X Val S3 URI:              's3://studentperformance-dev-artifacts/data/transformed/x_val.npy'
  - Y Val S3 URI:              's3://studentperformance-dev-artifacts/data/transformed/y_val.npy'
  - X Test S3 URI:             's3://studentperformance-dev-artifacts/data/transformed/x_test.npy'
  - Y Test S3 URI:             's3://studentperformance-dev-artifacts/data/transformed/y_test.npy'
  - X Preprocessor S3 URI:     's3://studentperformance-dev-artifacts/artifacts/2025_06_23T18_13_13Z/data_transformation/data_processor/x_preprocessor.joblib'
  - Y Preprocessor S3 URI:     's3://studentperformance-dev-artifacts/artifacts/2025_06_23T18_13_13Z/data_transformation/data_processor/y_preprocessor.joblib'
[2025-06-23 19:14:08,341] - INFO - model_trainer - ========== Starting Model Training ==========
[2025-06-23 19:14:08,667] - INFO - model_trainer - Loading train/val data
[2025-06-23 19:14:08,971] - INFO - model_trainer - Loading from local:
[2025-06-23 19:14:09,315] - INFO - core - X_train loaded successfully from: 'artifacts/2025_06_23T18_13_13Z/data_transformation/train/x_train.npy'
[2025-06-23 19:14:09,628] - INFO - core - y_train loaded successfully from: 'artifacts/2025_06_23T18_13_13Z/data_transformation/train/y_train.npy'
[2025-06-23 19:14:09,947] - INFO - core - X_val loaded successfully from: 'artifacts/2025_06_23T18_13_13Z/data_transformation/val/x_val.npy'
[2025-06-23 19:14:10,247] - INFO - core - y_val loaded successfully from: 'artifacts/2025_06_23T18_13_13Z/data_transformation/val/y_val.npy'
[2025-06-23 19:14:10,555] - INFO - core - X_Processor loaded from: 'artifacts/2025_06_23T18_13_13Z/data_transformation/data_processor/x_preprocessor.joblib'
[2025-06-23 19:14:10,852] - INFO - core - y_Processor loaded from: 'artifacts/2025_06_23T18_13_13Z/data_transformation/data_processor/y_preprocessor.joblib'
[2025-06-23 19:14:11,766] - INFO - model_trainer - Selecting and (optionally) tuning models
[2025-06-23 19:14:42,616] - INFO - model_trainer - Training final model: sklearn.ensemble.RandomForestRegressor
[2025-06-23 19:14:59,842] - INFO - model_trainer - ========== Model Training Completed ==========
[2025-06-23 19:15:00,566] - INFO - core - Created directory for Trained Model: 'artifacts/2025_06_23T18_13_13Z/model_trainer/model'
[2025-06-23 19:15:00,982] - INFO - core - Trained Model saved to: 'artifacts/2025_06_23T18_13_13Z/model_trainer/model/model.joblib'
[2025-06-23 19:15:01,290] - INFO - core - Directory already exists for Inference Model: 'inference_model'
[2025-06-23 19:15:01,732] - INFO - core - Inference Model saved to: 'inference_model/inference_model.joblib'
[2025-06-23 19:15:02,049] - INFO - core - Created directory for Inference Model: 'artifacts/2025_06_23T18_13_13Z/model_trainer/inference_model'
[2025-06-23 19:15:02,465] - INFO - core - Inference Model saved to: 'artifacts/2025_06_23T18_13_13Z/model_trainer/inference_model/inference_model.joblib'
[2025-06-23 19:15:02,824] - INFO - core - Created directory for Training Report: 'artifacts/2025_06_23T18_13_13Z/model_trainer/reports'
[2025-06-23 19:15:03,157] - INFO - core - Training Report saved to: 'artifacts/2025_06_23T18_13_13Z/model_trainer/reports/training_report.yaml'
[2025-06-23 19:15:03,495] - INFO - model_trainer - Streaming artifacts to S3
[2025-06-23 19:15:03,828] - INFO - s3_handler - S3Handler context entered
[2025-06-23 19:15:05,592] - INFO - s3_handler - Streamed object to: s3://studentperformance-dev-artifacts/artifacts/2025_06_23T18_13_13Z/model_trainer/model/model.joblib
[2025-06-23 19:15:06,832] - INFO - s3_handler - Streamed object to: s3://studentperformance-dev-artifacts/inference_model/inference_model.joblib
[2025-06-23 19:15:07,472] - INFO - s3_handler - Streamed YAML to: s3://studentperformance-dev-artifacts/artifacts/2025_06_23T18_13_13Z/model_trainer/reports/training_report.yaml
[2025-06-23 19:15:07,830] - INFO - s3_handler - S3Handler context exited
[2025-06-23 19:15:08,169] - INFO - training_pipeline - Model Trainer Artifact: 
Model Trainer Artifact:
  - Trained Model Local Path:      'artifacts/2025_06_23T18_13_13Z/model_trainer/model/model.joblib'
  - Training Report Local Path:    'artifacts/2025_06_23T18_13_13Z/model_trainer/reports/training_report.yaml'

  - X Train Local Path:            'artifacts/2025_06_23T18_13_13Z/data_transformation/train/x_train.npy'
  - Y Train Local Path:            'artifacts/2025_06_23T18_13_13Z/data_transformation/train/y_train.npy'
  - X Val Local Path:              'artifacts/2025_06_23T18_13_13Z/data_transformation/val/x_val.npy'
  - Y Val Local Path:              'artifacts/2025_06_23T18_13_13Z/data_transformation/val/y_val.npy'
  - X Test Local Path:             'artifacts/2025_06_23T18_13_13Z/data_transformation/test/x_test.npy'
  - Y Test Local Path:             'artifacts/2025_06_23T18_13_13Z/data_transformation/test/y_test.npy'

  - Trained Model S3 URI:          's3://studentperformance-dev-artifacts/artifacts/2025_06_23T18_13_13Z/model_trainer/model/model.joblib'
  - Training Report S3 URI:        's3://studentperformance-dev-artifacts/artifacts/2025_06_23T18_13_13Z/model_trainer/reports/training_report.yaml'

  - X Train S3 URI:                's3://studentperformance-dev-artifacts/data/transformed/x_train.npy'
  - Y Train S3 URI:                's3://studentperformance-dev-artifacts/data/transformed/y_train.npy'
  - X Val S3 URI:                  's3://studentperformance-dev-artifacts/data/transformed/x_val.npy'
  - Y Val S3 URI:                  's3://studentperformance-dev-artifacts/data/transformed/y_val.npy'
  - X Test S3 URI:                 's3://studentperformance-dev-artifacts/data/transformed/x_test.npy'
  - Y Test S3 URI:                 's3://studentperformance-dev-artifacts/data/transformed/y_test.npy'
[2025-06-23 19:15:08,518] - INFO - training_pipeline - ========== Training Pipeline Completed ==========
