[2025-06-19 15:34:44,171] - INFO - training_pipeline - Initializing TrainingPipeline...
[2025-06-19 15:34:44,188] - INFO - core - YAML successfully loaded from: 'config/config.yaml'
[2025-06-19 15:34:44,211] - INFO - core - YAML successfully loaded from: 'config/params.yaml'
[2025-06-19 15:34:44,234] - INFO - core - YAML successfully loaded from: 'config/schema.yaml'
[2025-06-19 15:34:44,238] - INFO - core - YAML successfully loaded from: 'config/templates.yaml'
[2025-06-19 15:34:44,238] - INFO - training_pipeline - ========== Training Pipeline Started ==========
[2025-06-19 15:34:44,239] - INFO - postgres_dbhandler - Initializing PostgresDBHandler
[2025-06-19 15:34:44,430] - INFO - s3_handler - S3Handler initialized for bucket 'studentperformance-dev-artifacts' in region 'us-east-1'
[2025-06-19 15:34:44,430] - INFO - data_ingestion - ========== Starting Data Ingestion ==========
[2025-06-19 15:34:44,430] - INFO - postgres_dbhandler - Loading data from PostgreSQL table: student_scores
[2025-06-19 15:34:44,430] - INFO - postgres_dbhandler - Attempting to connect to PostgreSQL
[2025-06-19 15:34:45,377] - INFO - postgres_dbhandler - Successfully connected to PostgreSQL
[2025-06-19 15:34:45,379] - INFO - postgres_dbhandler - Executing query: SELECT * FROM "student_scores"
[2025-06-19 15:34:46,261] - INFO - postgres_dbhandler - DataFrame loaded from PostgreSQL table: student_scores
[2025-06-19 15:34:46,261] - INFO - data_ingestion - Fetched 2000 raw rows from data source.
[2025-06-19 15:34:46,261] - INFO - postgres_dbhandler - PostgreSQL connection closed
[2025-06-19 15:34:46,261] - INFO - data_ingestion - Raw DataFrame cleaned successfully.
[2025-06-19 15:34:46,261] - INFO - data_ingestion - Streaming raw and ingested data to S3
[2025-06-19 15:34:46,271] - INFO - s3_handler - S3Handler context entered
[2025-06-19 15:34:47,110] - INFO - s3_handler - Streamed CSV to: s3://studentperformance-dev-artifacts/artifacts/2025_06_19T14_34_41Z/data_ingestion/raw_data/raw.csv
[2025-06-19 15:34:47,439] - INFO - s3_handler - Streamed CSV to: s3://studentperformance-dev-artifacts/data/raw/raw.csv
[2025-06-19 15:34:47,769] - INFO - s3_handler - Streamed CSV to: s3://studentperformance-dev-artifacts/artifacts/2025_06_19T14_34_41Z/data_ingestion/ingested_data/ingested_data.csv
[2025-06-19 15:34:47,769] - INFO - s3_handler - S3Handler context exited
[2025-06-19 15:34:47,769] - INFO - data_ingestion - ========== Data Ingestion Completed ==========
