[2025-06-19 04:01:59,068] - INFO - training_pipeline - Initializing TrainingPipeline...
[2025-06-19 04:01:59,068] - INFO - core - YAML successfully loaded from: 'config/config.yaml'
[2025-06-19 04:01:59,097] - INFO - core - YAML successfully loaded from: 'config/params.yaml'
[2025-06-19 04:01:59,117] - INFO - core - YAML successfully loaded from: 'config/schema.yaml'
[2025-06-19 04:01:59,120] - INFO - core - YAML successfully loaded from: 'config/templates.yaml'
[2025-06-19 04:01:59,120] - INFO - training_pipeline - ========== Training Pipeline Started ==========
[2025-06-19 04:01:59,123] - INFO - postgres_dbhandler - Initializing PostgresDBHandler
[2025-06-19 04:01:59,305] - INFO - s3_handler - S3Handler initialized for bucket 'studentperformance-dev-artifacts' in region 'us-east-1'
[2025-06-19 04:01:59,305] - INFO - data_ingestion - ========== Starting Data Ingestion ==========
[2025-06-19 04:01:59,305] - INFO - postgres_dbhandler - Loading data from PostgreSQL table: student_scores
[2025-06-19 04:01:59,305] - INFO - postgres_dbhandler - Attempting to connect to PostgreSQL
[2025-06-19 04:02:00,295] - INFO - postgres_dbhandler - Successfully connected to PostgreSQL
[2025-06-19 04:02:00,299] - INFO - postgres_dbhandler - Executing query: SELECT * FROM "student_scores"
[2025-06-19 04:02:01,095] - INFO - postgres_dbhandler - DataFrame loaded from PostgreSQL table: student_scores
[2025-06-19 04:02:01,095] - INFO - data_ingestion - Fetched 2000 raw rows from data source.
[2025-06-19 04:02:01,095] - INFO - postgres_dbhandler - PostgreSQL connection closed
[2025-06-19 04:02:01,095] - INFO - data_ingestion - Raw DataFrame cleaned successfully.
[2025-06-19 04:02:01,095] - INFO - data_ingestion - Streaming raw and ingested data to S3
[2025-06-19 04:02:01,095] - INFO - s3_handler - S3Handler context entered
[2025-06-19 04:02:02,067] - INFO - s3_handler - Streamed CSV to: s3://studentperformance-dev-artifacts/artifacts/2025_06_19T03_01_56Z/data_ingestion/raw_data/raw.csv
[2025-06-19 04:02:02,401] - INFO - s3_handler - Streamed CSV to: s3://studentperformance-dev-artifacts/data/raw/raw.csv
[2025-06-19 04:02:02,810] - INFO - s3_handler - Streamed CSV to: s3://studentperformance-dev-artifacts/artifacts/2025_06_19T03_01_56Z/data_ingestion/ingested_data/ingested_data.csv
[2025-06-19 04:02:02,810] - INFO - s3_handler - S3Handler context exited
[2025-06-19 04:02:02,810] - INFO - data_ingestion - ========== Data Ingestion Completed ==========
[2025-06-19 04:02:02,810] - INFO - training_pipeline - Data Ingestion Artifact: 
Data Ingestion Artifact:
  - Raw Local Path:        'None'
  - DVC Raw Local Path:    'None'
  - Ingested Local Path:   'None'
  - Raw S3 URI:            's3://studentperformance-dev-artifacts/artifacts/2025_06_19T03_01_56Z/data_ingestion/raw_data/raw.csv'
  - DVC Raw S3 URI:        's3://studentperformance-dev-artifacts/data/raw/raw.csv'
  - Ingested S3 URI:       's3://studentperformance-dev-artifacts/artifacts/2025_06_19T03_01_56Z/data_ingestion/ingested_data/ingested_data.csv'
[2025-06-19 04:02:02,810] - INFO - data_validation - Initializing DataValidation component.
[2025-06-19 04:02:02,810] - INFO - data_validation - Loading ingested data from S3 URI: s3://studentperformance-dev-artifacts/artifacts/2025_06_19T03_01_56Z/data_ingestion/ingested_data/ingested_data.csv
[2025-06-19 04:02:03,167] - INFO - core - CSV file read successfully from: 'data/validated/validated_data.csv'
[2025-06-19 04:02:03,167] - INFO - data_validation - ========== Starting Data Validation ==========
[2025-06-19 04:02:03,167] - INFO - data_validation - Performing schema hash check.
[2025-06-19 04:02:03,167] - INFO - data_validation - Schema hash check passed.
[2025-06-19 04:02:03,167] - INFO - data_validation - Checking for missing values.
[2025-06-19 04:02:03,173] - INFO - core - Created directory for Missing Value Report: 'artifacts/2025_06_19T03_01_56Z/data_validation/reports'
[2025-06-19 04:02:03,178] - INFO - core - Missing Value Report saved to: 'artifacts/2025_06_19T03_01_56Z/data_validation/reports/missing_values_report.yaml'
[2025-06-19 04:02:03,178] - INFO - data_validation - Checking for duplicate rows.
[2025-06-19 04:02:03,181] - INFO - core - Directory already exists for Duplicates Report: 'artifacts/2025_06_19T03_01_56Z/data_validation/reports'
[2025-06-19 04:02:03,182] - INFO - core - Duplicates Report saved to: 'artifacts/2025_06_19T03_01_56Z/data_validation/reports/duplicates_report.yaml'
[2025-06-19 04:02:03,182] - INFO - data_validation - Checking categorical values against schema constraints.
[2025-06-19 04:02:03,185] - INFO - core - Directory already exists for Categorical Values Report: 'artifacts/2025_06_19T03_01_56Z/data_validation/reports'
[2025-06-19 04:02:03,186] - INFO - core - Categorical Values Report saved to: 'artifacts/2025_06_19T03_01_56Z/data_validation/reports/categorical_report.yaml'
[2025-06-19 04:02:03,187] - INFO - data_validation - Performing data drift check.
[2025-06-19 04:02:03,232] - INFO - core - Directory already exists for Drift Report: 'artifacts/2025_06_19T03_01_56Z/data_validation/reports'
[2025-06-19 04:02:03,232] - INFO - core - Drift Report saved to: 'artifacts/2025_06_19T03_01_56Z/data_validation/reports/drift_report.yaml'
[2025-06-19 04:02:03,232] - INFO - data_validation - Generating final validation report.
[2025-06-19 04:02:03,232] - INFO - core - Directory already exists for Validation Report: 'artifacts/2025_06_19T03_01_56Z/data_validation/reports'
[2025-06-19 04:02:03,244] - INFO - core - Validation Report saved to: 'artifacts/2025_06_19T03_01_56Z/data_validation/reports/validation_report.yaml'
[2025-06-19 04:02:03,244] - INFO - s3_handler - S3Handler context entered
[2025-06-19 04:02:03,565] - INFO - s3_handler - Streamed CSV to: s3://studentperformance-dev-artifacts/artifacts/2025_06_19T03_01_56Z/data_validation/validated/validated_data.csv
[2025-06-19 04:02:03,565] - INFO - s3_handler - S3Handler context exited
[2025-06-19 04:02:03,569] - INFO - training_pipeline - Data Validation Artifact: 
Data Validation Artifact:
  - Validated Local Path: 'None'
  - Validated S3 URI:     's3://studentperformance-dev-artifacts/artifacts/2025_06_19T03_01_56Z/data_validation/validated/validated_data.csv'
  - Validation Status:    'True'
