[2025-05-25 18:01:28,093] - INFO - project_template - Creating the directory '.github\workflows' for file: '.gitkeep'
[2025-05-25 18:01:28,093] - INFO - project_template - Creating empty file: '.github\workflows\.gitkeep'
[2025-05-25 18:01:28,093] - INFO - project_template - Creating the directory 'src\student_performance' for file: '__init__.py'
[2025-05-25 18:01:28,093] - INFO - project_template - Creating empty file: 'src\student_performance\__init__.py'
[2025-05-25 18:01:28,093] - INFO - project_template - Creating the directory 'src\student_performance\components' for file: '__init__.py'
[2025-05-25 18:01:28,093] - INFO - project_template - Creating empty file: 'src\student_performance\components\__init__.py'
[2025-05-25 18:01:28,093] - INFO - project_template - Creating the directory 'src\student_performance\utils' for file: '__init__.py'
[2025-05-25 18:01:28,093] - INFO - project_template - Creating empty file: 'src\student_performance\utils\__init__.py'
[2025-05-25 18:01:28,108] - INFO - project_template - Creating the directory 'src\student_performance\utils' for file: 'common.py'
[2025-05-25 18:01:28,110] - INFO - project_template - Creating empty file: 'src\student_performance\utils\common.py'
[2025-05-25 18:01:28,111] - INFO - project_template - Creating the directory 'src\student_performance\config' for file: '__init__.py'
[2025-05-25 18:01:28,112] - INFO - project_template - Creating empty file: 'src\student_performance\config\__init__.py'
[2025-05-25 18:01:28,113] - INFO - project_template - Creating the directory 'src\student_performance\config' for file: 'configuration.py'
[2025-05-25 18:01:28,114] - INFO - project_template - Creating empty file: 'src\student_performance\config\configuration.py'
[2025-05-25 18:01:28,115] - INFO - project_template - Creating the directory 'src\student_performance\pipeline' for file: '__init__.py'
[2025-05-25 18:01:28,117] - INFO - project_template - Creating empty file: 'src\student_performance\pipeline\__init__.py'
[2025-05-25 18:01:28,117] - INFO - project_template - Creating the directory 'src\student_performance\entity' for file: '__init__.py'
[2025-05-25 18:01:28,120] - INFO - project_template - Creating empty file: 'src\student_performance\entity\__init__.py'
[2025-05-25 18:01:28,121] - INFO - project_template - Creating the directory 'src\student_performance\entity' for file: 'config_entity.py'
[2025-05-25 18:01:28,122] - INFO - project_template - Creating empty file: 'src\student_performance\entity\config_entity.py'
[2025-05-25 18:01:28,122] - INFO - project_template - Creating the directory 'src\student_performance\constants' for file: '__init__.py'
[2025-05-25 18:01:28,122] - INFO - project_template - Creating empty file: 'src\student_performance\constants\__init__.py'
[2025-05-25 18:01:28,122] - INFO - project_template - Creating the directory 'config' for file: 'config.yaml'
[2025-05-25 18:01:28,125] - INFO - project_template - Creating empty file: 'config\config.yaml'
[2025-05-25 18:01:28,125] - INFO - project_template - Creating empty file: 'params.yaml'
[2025-05-25 18:01:28,126] - INFO - project_template - Creating empty file: 'schema.yaml'
[2025-05-25 18:01:28,127] - INFO - project_template - Creating empty file: 'main.py'
[2025-05-25 18:01:28,128] - INFO - project_template - Creating empty file: 'Dockerfile'
[2025-05-25 18:01:28,128] - INFO - project_template - Creating empty file: 'setup.py'
[2025-05-25 18:01:28,128] - INFO - project_template - 'requirements.txt' already exists
[2025-05-25 18:01:28,129] - INFO - project_template - Creating the directory 'research' for file: 'research.ipynb'
[2025-05-25 18:01:28,130] - INFO - project_template - Creating empty file: 'research\research.ipynb'
[2025-05-25 18:01:28,130] - INFO - project_template - Creating the directory 'templates' for file: 'index.html'
[2025-05-25 18:01:28,130] - INFO - project_template - Creating empty file: 'templates\index.html'
[2025-05-25 18:01:28,130] - INFO - project_template - Creating empty file: 'app.py'
