[2025-06-19 15:11:47,635] - INFO - training_pipeline - Initializing TrainingPipeline...
[2025-06-19 15:11:47,640] - INFO - core - YAML successfully loaded from: 'config/config.yaml'
[2025-06-19 15:11:47,667] - INFO - core - YAML successfully loaded from: 'config/params.yaml'
[2025-06-19 15:11:47,670] - INFO - core - YAML successfully loaded from: 'config/schema.yaml'
[2025-06-19 15:11:47,686] - INFO - core - YAML successfully loaded from: 'config/templates.yaml'
[2025-06-19 15:11:47,686] - INFO - training_pipeline - ========== Training Pipeline Started ==========
[2025-06-19 15:11:47,688] - INFO - postgres_dbhandler - Initializing PostgresDBHandler
[2025-06-19 15:11:47,908] - INFO - s3_handler - S3Handler initialized for bucket 'studentperformance-dev-artifacts' in region 'us-east-1'
[2025-06-19 15:11:47,908] - INFO - data_ingestion - ========== Starting Data Ingestion ==========
[2025-06-19 15:11:47,908] - INFO - postgres_dbhandler - Loading data from PostgreSQL table: student_scores
[2025-06-19 15:11:47,908] - INFO - postgres_dbhandler - Attempting to connect to PostgreSQL
[2025-06-19 15:11:48,841] - INFO - postgres_dbhandler - Successfully connected to PostgreSQL
[2025-06-19 15:11:48,858] - INFO - postgres_dbhandler - Executing query: SELECT * FROM "student_scores"
[2025-06-19 15:11:49,732] - INFO - postgres_dbhandler - DataFrame loaded from PostgreSQL table: student_scores
[2025-06-19 15:11:49,732] - INFO - data_ingestion - Fetched 2000 raw rows from data source.
[2025-06-19 15:11:49,732] - INFO - postgres_dbhandler - PostgreSQL connection closed
[2025-06-19 15:11:49,736] - INFO - data_ingestion - Raw DataFrame cleaned successfully.
[2025-06-19 15:11:49,736] - INFO - data_ingestion - Streaming raw and ingested data to S3
[2025-06-19 15:11:49,736] - INFO - s3_handler - S3Handler context entered
[2025-06-19 15:11:50,650] - INFO - s3_handler - Streamed CSV to: s3://studentperformance-dev-artifacts/artifacts/2025_06_19T14_11_41Z/data_ingestion/raw_data/raw.csv
[2025-06-19 15:11:51,041] - INFO - s3_handler - Streamed CSV to: s3://studentperformance-dev-artifacts/data/raw/raw.csv
[2025-06-19 15:11:51,404] - INFO - s3_handler - Streamed CSV to: s3://studentperformance-dev-artifacts/artifacts/2025_06_19T14_11_41Z/data_ingestion/ingested_data/ingested_data.csv
[2025-06-19 15:11:51,404] - INFO - s3_handler - S3Handler context exited
[2025-06-19 15:11:51,417] - INFO - data_ingestion - ========== Data Ingestion Completed ==========
[2025-06-19 15:11:51,417] - INFO - training_pipeline - Data Ingestion Artifact: 
Data Ingestion Artifact:
  - Raw Local Path:        'None'
  - DVC Raw Local Path:    'None'
  - Ingested Local Path:   'None'
  - Raw S3 URI:            's3://studentperformance-dev-artifacts/artifacts/2025_06_19T14_11_41Z/data_ingestion/raw_data/raw.csv'
  - DVC Raw S3 URI:        's3://studentperformance-dev-artifacts/data/raw/raw.csv'
  - Ingested S3 URI:       's3://studentperformance-dev-artifacts/artifacts/2025_06_19T14_11_41Z/data_ingestion/ingested_data/ingested_data.csv'
[2025-06-19 15:11:51,422] - INFO - data_validation - Initializing DataValidation component.
[2025-06-19 15:11:51,424] - INFO - data_validation - Loading ingested data from S3 URI: s3://studentperformance-dev-artifacts/artifacts/2025_06_19T14_11_41Z/data_ingestion/ingested_data/ingested_data.csv
[2025-06-19 15:11:51,777] - INFO - core - CSV file read successfully from: 'data/validated/validated_data.csv'
[2025-06-19 15:11:51,777] - INFO - data_validation - ========== Starting Data Validation ==========
[2025-06-19 15:11:51,777] - INFO - data_validation - Performing schema hash check.
[2025-06-19 15:11:51,786] - INFO - data_validation - Schema hash check passed.
[2025-06-19 15:11:51,786] - INFO - data_validation - Checking for missing values.
[2025-06-19 15:11:51,786] - INFO - core - Created directory for Missing Value Report: 'artifacts/2025_06_19T14_11_41Z/data_validation/reports'
[2025-06-19 15:11:51,791] - INFO - core - Missing Value Report saved to: 'artifacts/2025_06_19T14_11_41Z/data_validation/reports/missing_values_report.yaml'
[2025-06-19 15:11:51,793] - INFO - data_validation - Checking for duplicate rows.
[2025-06-19 15:11:51,795] - INFO - core - Directory already exists for Duplicates Report: 'artifacts/2025_06_19T14_11_41Z/data_validation/reports'
[2025-06-19 15:11:51,796] - INFO - core - Duplicates Report saved to: 'artifacts/2025_06_19T14_11_41Z/data_validation/reports/duplicates_report.yaml'
[2025-06-19 15:11:51,796] - INFO - data_validation - Checking categorical values against schema constraints.
[2025-06-19 15:11:51,796] - INFO - core - Directory already exists for Categorical Values Report: 'artifacts/2025_06_19T14_11_41Z/data_validation/reports'
[2025-06-19 15:11:51,800] - INFO - core - Categorical Values Report saved to: 'artifacts/2025_06_19T14_11_41Z/data_validation/reports/categorical_report.yaml'
[2025-06-19 15:11:51,800] - INFO - data_validation - Performing data drift check.
[2025-06-19 15:11:51,848] - INFO - core - Directory already exists for Drift Report: 'artifacts/2025_06_19T14_11_41Z/data_validation/reports'
[2025-06-19 15:11:51,852] - INFO - core - Drift Report saved to: 'artifacts/2025_06_19T14_11_41Z/data_validation/reports/drift_report.yaml'
[2025-06-19 15:11:51,854] - INFO - data_validation - Generating final validation report.
[2025-06-19 15:11:51,854] - INFO - core - Directory already exists for Validation Report: 'artifacts/2025_06_19T14_11_41Z/data_validation/reports'
[2025-06-19 15:11:51,858] - INFO - core - Validation Report saved to: 'artifacts/2025_06_19T14_11_41Z/data_validation/reports/validation_report.yaml'
[2025-06-19 15:11:51,858] - INFO - s3_handler - S3Handler context entered
[2025-06-19 15:11:52,198] - INFO - s3_handler - Streamed CSV to: s3://studentperformance-dev-artifacts/artifacts/2025_06_19T14_11_41Z/data_validation/validated/validated_data.csv
[2025-06-19 15:11:52,198] - INFO - s3_handler - S3Handler context exited
[2025-06-19 15:11:52,198] - INFO - training_pipeline - Data Validation Artifact: 
Data Validation Artifact:
  - Validated Local Path: 'None'
  - Validated S3 URI:     's3://studentperformance-dev-artifacts/artifacts/2025_06_19T14_11_41Z/data_validation/validated/validated_data.csv'
  - Validation Status:    'True'
[2025-06-19 15:11:52,198] - INFO - data_transformation - Loading validated data from S3 URI: s3://studentperformance-dev-artifacts/artifacts/2025_06_19T14_11_41Z/data_validation/validated/validated_data.csv
[2025-06-19 15:11:52,445] - INFO - data_transformation - ========== Starting Data Transformation ==========
[2025-06-19 15:11:52,554] - INFO - core - Created directory for X Preprocessor Pipeline: 'artifacts/2025_06_19T14_11_41Z/data_transformation/data_processor'
[2025-06-19 15:11:52,560] - INFO - core - X Preprocessor Pipeline saved to: 'artifacts/2025_06_19T14_11_41Z/data_transformation/data_processor/x_preprocessor.joblib'
[2025-06-19 15:11:52,560] - INFO - core - Directory already exists for Y Preprocessor Pipeline: 'artifacts/2025_06_19T14_11_41Z/data_transformation/data_processor'
[2025-06-19 15:11:52,563] - INFO - core - Y Preprocessor Pipeline saved to: 'artifacts/2025_06_19T14_11_41Z/data_transformation/data_processor/y_preprocessor.joblib'
[2025-06-19 15:11:52,564] - INFO - core - Created directory for X_train: 'artifacts/2025_06_19T14_11_41Z/data_transformation/train'
[2025-06-19 15:11:52,566] - INFO - core - X_train saved to: 'artifacts/2025_06_19T14_11_41Z/data_transformation/train/x_train.npy'
[2025-06-19 15:11:52,566] - INFO - core - Directory already exists for X_train: 'data/transformed'
[2025-06-19 15:11:52,567] - INFO - core - X_train saved to: 'data/transformed/x_train.npy'
[2025-06-19 15:11:52,567] - INFO - core - Directory already exists for y_train: 'artifacts/2025_06_19T14_11_41Z/data_transformation/train'
[2025-06-19 15:11:52,568] - INFO - core - y_train saved to: 'artifacts/2025_06_19T14_11_41Z/data_transformation/train/y_train.npy'
[2025-06-19 15:11:52,568] - INFO - core - Directory already exists for y_train: 'data/transformed'
[2025-06-19 15:11:52,568] - INFO - core - y_train saved to: 'data/transformed/y_train.npy'
[2025-06-19 15:11:52,569] - INFO - core - Created directory for X_val: 'artifacts/2025_06_19T14_11_41Z/data_transformation/val'
[2025-06-19 15:11:52,569] - INFO - core - X_val saved to: 'artifacts/2025_06_19T14_11_41Z/data_transformation/val/x_val.npy'
[2025-06-19 15:11:52,569] - INFO - core - Directory already exists for X_val: 'data/transformed'
[2025-06-19 15:11:52,570] - INFO - core - X_val saved to: 'data/transformed/x_val.npy'
[2025-06-19 15:11:52,570] - INFO - core - Directory already exists for y_val: 'artifacts/2025_06_19T14_11_41Z/data_transformation/val'
[2025-06-19 15:11:52,571] - INFO - core - y_val saved to: 'artifacts/2025_06_19T14_11_41Z/data_transformation/val/y_val.npy'
[2025-06-19 15:11:52,571] - INFO - core - Directory already exists for y_val: 'data/transformed'
[2025-06-19 15:11:52,571] - INFO - core - y_val saved to: 'data/transformed/y_val.npy'
[2025-06-19 15:11:52,572] - INFO - core - Created directory for X_test: 'artifacts/2025_06_19T14_11_41Z/data_transformation/test'
[2025-06-19 15:11:52,573] - INFO - core - X_test saved to: 'artifacts/2025_06_19T14_11_41Z/data_transformation/test/x_test.npy'
[2025-06-19 15:11:52,573] - INFO - core - Directory already exists for X_test: 'data/transformed'
[2025-06-19 15:11:52,573] - INFO - core - X_test saved to: 'data/transformed/x_test.npy'
[2025-06-19 15:11:52,573] - INFO - core - Directory already exists for y_test: 'artifacts/2025_06_19T14_11_41Z/data_transformation/test'
[2025-06-19 15:11:52,574] - INFO - core - y_test saved to: 'artifacts/2025_06_19T14_11_41Z/data_transformation/test/y_test.npy'
[2025-06-19 15:11:52,574] - INFO - core - Directory already exists for y_test: 'data/transformed'
[2025-06-19 15:11:52,574] - INFO - core - y_test saved to: 'data/transformed/y_test.npy'
[2025-06-19 15:11:52,575] - INFO - data_transformation - ========== Data Transformation Completed ==========
[2025-06-19 15:11:52,575] - INFO - training_pipeline - Data Transformation Artifact: 
Data Transformation Artifact:
  - X Train Path:         'artifacts/2025_06_19T14_11_41Z/data_transformation/train/x_train.npy'
  - Y Train Path:         'artifacts/2025_06_19T14_11_41Z/data_transformation/train/y_train.npy'
  - X Val Path:           'artifacts/2025_06_19T14_11_41Z/data_transformation/val/x_val.npy'
  - Y Val Path:           'artifacts/2025_06_19T14_11_41Z/data_transformation/val/y_val.npy'
  - X Test Path:          'artifacts/2025_06_19T14_11_41Z/data_transformation/test/x_test.npy'
  - Y Test Path:          'artifacts/2025_06_19T14_11_41Z/data_transformation/test/y_test.npy'
  - X Preprocessor Path:  'artifacts/2025_06_19T14_11_41Z/data_transformation/data_processor/x_preprocessor.joblib'
  - Y Preprocessor Path:  'artifacts/2025_06_19T14_11_41Z/data_transformation/data_processor/y_preprocessor.joblib'

[2025-06-19 15:11:52,575] - INFO - model_trainer - Initializing ModelTrainer with root_dir=artifacts\2025_06_19T14_11_41Z\model_trainer
[2025-06-19 15:11:54,130] - INFO - model_trainer - ========== Starting Model Training ==========
