[2025-06-23 19:15:28,717] - INFO - training_pipeline - Initializing TrainingPipeline...
[2025-06-23 19:15:29,343] - INFO - core - YAML successfully loaded from: 'config/config.yaml'
[2025-06-23 19:15:29,647] - INFO - core - YAML successfully loaded from: 'config/params.yaml'
[2025-06-23 19:15:29,954] - INFO - core - YAML successfully loaded from: 'config/schema.yaml'
[2025-06-23 19:15:30,242] - INFO - core - YAML successfully loaded from: 'config/templates.yaml'
[2025-06-23 19:15:30,507] - INFO - training_pipeline - ========== Training Pipeline Started ==========
[2025-06-23 19:15:30,791] - INFO - postgres_dbhandler - Initializing PostgresDBHandler
[2025-06-23 19:15:31,077] - INFO - s3_handler - S3Handler initialized for bucket 'studentperformance-dev-artifacts' in region 'us-east-1'
[2025-06-23 19:15:31,342] - INFO - data_ingestion - ========== Starting Data Ingestion ==========
[2025-06-23 19:15:31,619] - INFO - postgres_dbhandler - Loading data from PostgreSQL table: student_scores
[2025-06-23 19:15:31,895] - INFO - postgres_dbhandler - Attempting to connect to PostgreSQL
[2025-06-23 19:15:33,091] - INFO - postgres_dbhandler - Successfully connected to PostgreSQL
[2025-06-23 19:15:33,375] - INFO - postgres_dbhandler - Executing query: SELECT * FROM "student_scores"
[2025-06-23 19:15:34,441] - INFO - postgres_dbhandler - DataFrame loaded from PostgreSQL table: student_scores
[2025-06-23 19:15:34,710] - INFO - data_ingestion - Fetched 2000 raw rows from data source.
[2025-06-23 19:15:34,986] - INFO - postgres_dbhandler - PostgreSQL connection closed
[2025-06-23 19:15:35,265] - INFO - data_ingestion - Raw DataFrame cleaned successfully.
[2025-06-23 19:15:35,549] - INFO - data_ingestion - Saving raw and ingested data locally
[2025-06-23 19:15:35,819] - INFO - core - Created directory for Raw Data: 'artifacts/2025_06_23T18_15_25Z/data_ingestion/raw_data'
[2025-06-23 19:15:36,148] - INFO - core - Raw Data saved to: 'artifacts/2025_06_23T18_15_25Z/data_ingestion/raw_data/raw.csv'
[2025-06-23 19:15:36,419] - INFO - core - Directory already exists for Raw Data (DVC): 'data/raw'
[2025-06-23 19:15:36,726] - INFO - core - Raw Data (DVC) saved to: 'data/raw/raw.csv'
[2025-06-23 19:15:36,987] - INFO - core - Created directory for Ingested Data: 'artifacts/2025_06_23T18_15_25Z/data_ingestion/ingested_data'
[2025-06-23 19:15:37,253] - INFO - core - Ingested Data saved to: 'artifacts/2025_06_23T18_15_25Z/data_ingestion/ingested_data/ingested_data.csv'
[2025-06-23 19:15:37,532] - INFO - data_ingestion - Streaming raw and ingested data to S3
[2025-06-23 19:15:37,808] - INFO - s3_handler - S3Handler context entered
[2025-06-23 19:15:38,966] - INFO - s3_handler - Streamed CSV to: s3://studentperformance-dev-artifacts/artifacts/2025_06_23T18_15_25Z/data_ingestion/raw_data/raw.csv
[2025-06-23 19:15:39,557] - INFO - s3_handler - Streamed CSV to: s3://studentperformance-dev-artifacts/data/raw/raw.csv
[2025-06-23 19:15:40,127] - INFO - s3_handler - Streamed CSV to: s3://studentperformance-dev-artifacts/artifacts/2025_06_23T18_15_25Z/data_ingestion/ingested_data/ingested_data.csv
[2025-06-23 19:15:40,398] - INFO - s3_handler - S3Handler context exited
[2025-06-23 19:15:40,672] - INFO - data_ingestion - ========== Data Ingestion Completed ==========
[2025-06-23 19:15:40,936] - INFO - training_pipeline - Data Ingestion Artifact: 
Data Ingestion Artifact:
  - Raw Local Path:        'artifacts/2025_06_23T18_15_25Z/data_ingestion/raw_data/raw.csv'
  - DVC Raw Local Path:    'data/raw/raw.csv'
  - Ingested Local Path:   'artifacts/2025_06_23T18_15_25Z/data_ingestion/ingested_data/ingested_data.csv'
  - Raw S3 URI:            's3://studentperformance-dev-artifacts/artifacts/2025_06_23T18_15_25Z/data_ingestion/raw_data/raw.csv'
  - DVC Raw S3 URI:        's3://studentperformance-dev-artifacts/data/raw/raw.csv'
  - Ingested S3 URI:       's3://studentperformance-dev-artifacts/artifacts/2025_06_23T18_15_25Z/data_ingestion/ingested_data/ingested_data.csv'
[2025-06-23 19:15:41,223] - INFO - data_validation - Initializing DataValidation component.
[2025-06-23 19:15:41,499] - INFO - data_validation - Loading ingested data from local: artifacts\2025_06_23T18_15_25Z\data_ingestion\ingested_data\ingested_data.csv
[2025-06-23 19:15:41,798] - INFO - core - CSV file read successfully from: 'artifacts/2025_06_23T18_15_25Z/data_ingestion/ingested_data/ingested_data.csv'
[2025-06-23 19:15:42,075] - INFO - core - CSV file read successfully from: 'data/validated/validated_data.csv'
[2025-06-23 19:15:42,390] - INFO - data_validation - ========== Starting Data Validation ==========
[2025-06-23 19:15:42,677] - INFO - data_validation - Performing schema hash check.
[2025-06-23 19:15:42,960] - INFO - data_validation - Schema hash check passed.
[2025-06-23 19:15:43,242] - INFO - data_validation - Checking for missing values.
[2025-06-23 19:15:43,518] - INFO - core - Created directory for Missing Value Report: 'artifacts/2025_06_23T18_15_25Z/data_validation/reports'
[2025-06-23 19:15:43,794] - INFO - core - Missing Value Report saved to: 'artifacts/2025_06_23T18_15_25Z/data_validation/reports/missing_values_report.yaml'
[2025-06-23 19:15:44,064] - INFO - s3_handler - S3Handler context entered
[2025-06-23 19:15:44,668] - INFO - s3_handler - Streamed YAML to: s3://studentperformance-dev-artifacts/artifacts/2025_06_23T18_15_25Z/data_validation/reports/missing_values_report.yaml
[2025-06-23 19:15:44,943] - INFO - s3_handler - S3Handler context exited
[2025-06-23 19:15:45,216] - INFO - data_validation - Checking for duplicate rows.
[2025-06-23 19:15:45,581] - INFO - core - Directory already exists for Duplicates Report: 'artifacts/2025_06_23T18_15_25Z/data_validation/reports'
[2025-06-23 19:15:45,851] - INFO - core - Duplicates Report saved to: 'artifacts/2025_06_23T18_15_25Z/data_validation/reports/duplicates_report.yaml'
[2025-06-23 19:15:46,133] - INFO - s3_handler - S3Handler context entered
[2025-06-23 19:15:46,686] - INFO - s3_handler - Streamed YAML to: s3://studentperformance-dev-artifacts/artifacts/2025_06_23T18_15_25Z/data_validation/reports/duplicates_report.yaml
[2025-06-23 19:15:46,960] - INFO - s3_handler - S3Handler context exited
[2025-06-23 19:15:47,228] - INFO - data_validation - Checking categorical values.
[2025-06-23 19:15:47,515] - INFO - core - Directory already exists for Categorical Values Report: 'artifacts/2025_06_23T18_15_25Z/data_validation/reports'
[2025-06-23 19:15:47,802] - INFO - core - Categorical Values Report saved to: 'artifacts/2025_06_23T18_15_25Z/data_validation/reports/categorical_report.yaml'
[2025-06-23 19:15:48,087] - INFO - s3_handler - S3Handler context entered
[2025-06-23 19:15:48,609] - INFO - s3_handler - Streamed YAML to: s3://studentperformance-dev-artifacts/artifacts/2025_06_23T18_15_25Z/data_validation/reports/categorical_report.yaml
[2025-06-23 19:15:48,924] - INFO - s3_handler - S3Handler context exited
[2025-06-23 19:15:49,211] - INFO - data_validation - Performing data drift check.
[2025-06-23 19:15:49,675] - INFO - core - Directory already exists for Drift Report: 'artifacts/2025_06_23T18_15_25Z/data_validation/reports'
[2025-06-23 19:15:49,980] - INFO - core - Drift Report saved to: 'artifacts/2025_06_23T18_15_25Z/data_validation/reports/drift_report.yaml'
[2025-06-23 19:15:50,254] - INFO - s3_handler - S3Handler context entered
[2025-06-23 19:15:50,868] - INFO - s3_handler - Streamed YAML to: s3://studentperformance-dev-artifacts/artifacts/2025_06_23T18_15_25Z/data_validation/reports/drift_report.yaml
[2025-06-23 19:15:51,159] - INFO - s3_handler - S3Handler context exited
[2025-06-23 19:15:51,439] - INFO - data_validation - Generating final validation report.
[2025-06-23 19:15:51,709] - INFO - core - Directory already exists for Validation Report: 'artifacts/2025_06_23T18_15_25Z/data_validation/reports'
[2025-06-23 19:15:52,078] - INFO - core - Validation Report saved to: 'artifacts/2025_06_23T18_15_25Z/data_validation/reports/validation_report.yaml'
[2025-06-23 19:15:52,347] - INFO - s3_handler - S3Handler context entered
[2025-06-23 19:15:52,925] - INFO - s3_handler - Streamed YAML to: s3://studentperformance-dev-artifacts/artifacts/2025_06_23T18_15_25Z/data_validation/reports/validation_report.yaml
[2025-06-23 19:15:53,227] - INFO - s3_handler - S3Handler context exited
[2025-06-23 19:15:53,497] - INFO - core - Created directory for Validated Data: 'artifacts/2025_06_23T18_15_25Z/data_validation/validated'
[2025-06-23 19:15:53,862] - INFO - core - Validated Data saved to: 'artifacts/2025_06_23T18_15_25Z/data_validation/validated/validated_data.csv'
[2025-06-23 19:15:54,145] - INFO - core - Directory already exists for Validated Data: 'data/validated'
[2025-06-23 19:15:54,474] - INFO - core - Validated Data saved to: 'data/validated/validated_data.csv'
[2025-06-23 19:15:54,779] - INFO - s3_handler - S3Handler context entered
[2025-06-23 19:15:55,354] - INFO - s3_handler - Streamed CSV to: s3://studentperformance-dev-artifacts/artifacts/2025_06_23T18_15_25Z/data_validation/validated/validated_data.csv
[2025-06-23 19:15:55,933] - INFO - s3_handler - Streamed CSV to: s3://studentperformance-dev-artifacts/data/validated/validated_data.csv
[2025-06-23 19:15:56,192] - INFO - s3_handler - S3Handler context exited
[2025-06-23 19:15:56,468] - INFO - data_validation - ========== Data Validation Completed ==========
[2025-06-23 19:15:56,769] - INFO - training_pipeline - Data Validation Artifact: 
Data Validation Artifact:
  - Validated Local Path:     'artifacts/2025_06_23T18_15_25Z/data_validation/validated/validated_data.csv'
  - Validated DVC Local Path: 'data/validated/validated_data.csv'
  - Validated S3 URI:         's3://studentperformance-dev-artifacts/artifacts/2025_06_23T18_15_25Z/data_validation/validated/validated_data.csv'
  - Validated DVC S3 URI:     's3://studentperformance-dev-artifacts/data/validated/validated_data.csv'
  - Validation Status:        True
[2025-06-23 19:15:57,045] - INFO - data_transformation - Initializing DataTransformation component.
[2025-06-23 19:15:57,411] - INFO - data_transformation - Loading validated data from local: artifacts\2025_06_23T18_15_25Z\data_validation\validated\validated_data.csv
[2025-06-23 19:15:57,717] - INFO - core - CSV file read successfully from: 'artifacts/2025_06_23T18_15_25Z/data_validation/validated/validated_data.csv'
[2025-06-23 19:15:58,029] - INFO - data_transformation - ========== Starting Data Transformation ==========
[2025-06-23 19:15:58,441] - INFO - column_math_factory - Applied 'mean_of_columns' on ['math_score', 'reading_score', 'writing_score'] → 'mean_score' (inplace=True)
[2025-06-23 19:15:58,828] - INFO - column_math_factory - Applied 'mean_of_columns' on ['math_score', 'reading_score', 'writing_score'] → 'mean_score' (inplace=True)
[2025-06-23 19:15:59,110] - INFO - column_math_factory - Applied 'mean_of_columns' on ['math_score', 'reading_score', 'writing_score'] → 'mean_score' (inplace=True)
[2025-06-23 19:15:59,501] - INFO - core - Created directory for X Preprocessor Pipeline: 'artifacts/2025_06_23T18_15_25Z/data_transformation/data_processor'
[2025-06-23 19:15:59,807] - INFO - core - X Preprocessor Pipeline saved to: 'artifacts/2025_06_23T18_15_25Z/data_transformation/data_processor/x_preprocessor.joblib'
[2025-06-23 19:16:00,126] - INFO - core - Directory already exists for Y Preprocessor Pipeline: 'artifacts/2025_06_23T18_15_25Z/data_transformation/data_processor'
[2025-06-23 19:16:00,406] - INFO - core - Y Preprocessor Pipeline saved to: 'artifacts/2025_06_23T18_15_25Z/data_transformation/data_processor/y_preprocessor.joblib'
[2025-06-23 19:16:00,767] - INFO - s3_handler - S3Handler context entered
[2025-06-23 19:16:01,342] - INFO - s3_handler - Streamed object to: s3://studentperformance-dev-artifacts/artifacts/2025_06_23T18_15_25Z/data_transformation/data_processor/x_preprocessor.joblib
[2025-06-23 19:16:01,909] - INFO - s3_handler - Streamed object to: s3://studentperformance-dev-artifacts/artifacts/2025_06_23T18_15_25Z/data_transformation/data_processor/y_preprocessor.joblib
[2025-06-23 19:16:02,203] - INFO - s3_handler - S3Handler context exited
[2025-06-23 19:16:02,516] - INFO - core - Created directory for X_train: 'artifacts/2025_06_23T18_15_25Z/data_transformation/train'
[2025-06-23 19:16:02,826] - INFO - core - X_train saved to: 'artifacts/2025_06_23T18_15_25Z/data_transformation/train/x_train.npy'
[2025-06-23 19:16:03,107] - INFO - core - Directory already exists for X_train: 'data/transformed'
[2025-06-23 19:16:03,499] - INFO - core - X_train saved to: 'data/transformed/x_train.npy'
[2025-06-23 19:16:03,790] - INFO - core - Directory already exists for y_train: 'artifacts/2025_06_23T18_15_25Z/data_transformation/train'
[2025-06-23 19:16:04,082] - INFO - core - y_train saved to: 'artifacts/2025_06_23T18_15_25Z/data_transformation/train/y_train.npy'
[2025-06-23 19:16:04,370] - INFO - core - Directory already exists for y_train: 'data/transformed'
[2025-06-23 19:16:05,016] - INFO - core - y_train saved to: 'data/transformed/y_train.npy'
[2025-06-23 19:16:05,315] - INFO - core - Created directory for X_val: 'artifacts/2025_06_23T18_15_25Z/data_transformation/val'
[2025-06-23 19:16:05,626] - INFO - core - X_val saved to: 'artifacts/2025_06_23T18_15_25Z/data_transformation/val/x_val.npy'
[2025-06-23 19:16:05,944] - INFO - core - Directory already exists for X_val: 'data/transformed'
[2025-06-23 19:16:06,260] - INFO - core - X_val saved to: 'data/transformed/x_val.npy'
[2025-06-23 19:16:06,583] - INFO - core - Directory already exists for y_val: 'artifacts/2025_06_23T18_15_25Z/data_transformation/val'
[2025-06-23 19:16:06,875] - INFO - core - y_val saved to: 'artifacts/2025_06_23T18_15_25Z/data_transformation/val/y_val.npy'
[2025-06-23 19:16:07,180] - INFO - core - Directory already exists for y_val: 'data/transformed'
[2025-06-23 19:16:07,479] - INFO - core - y_val saved to: 'data/transformed/y_val.npy'
[2025-06-23 19:16:07,786] - INFO - core - Created directory for X_test: 'artifacts/2025_06_23T18_15_25Z/data_transformation/test'
[2025-06-23 19:16:08,097] - INFO - core - X_test saved to: 'artifacts/2025_06_23T18_15_25Z/data_transformation/test/x_test.npy'
[2025-06-23 19:16:08,385] - INFO - core - Directory already exists for X_test: 'data/transformed'
[2025-06-23 19:16:08,672] - INFO - core - X_test saved to: 'data/transformed/x_test.npy'
[2025-06-23 19:16:08,970] - INFO - core - Directory already exists for y_test: 'artifacts/2025_06_23T18_15_25Z/data_transformation/test'
[2025-06-23 19:16:09,275] - INFO - core - y_test saved to: 'artifacts/2025_06_23T18_15_25Z/data_transformation/test/y_test.npy'
[2025-06-23 19:16:09,578] - INFO - core - Directory already exists for y_test: 'data/transformed'
[2025-06-23 19:16:09,877] - INFO - core - y_test saved to: 'data/transformed/y_test.npy'
[2025-06-23 19:16:10,171] - INFO - s3_handler - S3Handler context entered
[2025-06-23 19:16:11,528] - INFO - s3_handler - Streamed .npy to: s3://studentperformance-dev-artifacts/artifacts/2025_06_23T18_15_25Z/data_transformation/train/x_train.npy
[2025-06-23 19:16:12,111] - INFO - s3_handler - Streamed .npy to: s3://studentperformance-dev-artifacts/artifacts/2025_06_23T18_15_25Z/data_transformation/train/y_train.npy
[2025-06-23 19:16:12,753] - INFO - s3_handler - Streamed .npy to: s3://studentperformance-dev-artifacts/artifacts/2025_06_23T18_15_25Z/data_transformation/val/x_val.npy
[2025-06-23 19:16:13,337] - INFO - s3_handler - Streamed .npy to: s3://studentperformance-dev-artifacts/artifacts/2025_06_23T18_15_25Z/data_transformation/val/y_val.npy
[2025-06-23 19:16:13,981] - INFO - s3_handler - Streamed .npy to: s3://studentperformance-dev-artifacts/artifacts/2025_06_23T18_15_25Z/data_transformation/test/x_test.npy
[2025-06-23 19:16:14,581] - INFO - s3_handler - Streamed .npy to: s3://studentperformance-dev-artifacts/artifacts/2025_06_23T18_15_25Z/data_transformation/test/y_test.npy
[2025-06-23 19:16:15,273] - INFO - s3_handler - Streamed .npy to: s3://studentperformance-dev-artifacts/data/transformed/x_train.npy
[2025-06-23 19:16:15,902] - INFO - s3_handler - Streamed .npy to: s3://studentperformance-dev-artifacts/data/transformed/y_train.npy
[2025-06-23 19:16:16,552] - INFO - s3_handler - Streamed .npy to: s3://studentperformance-dev-artifacts/data/transformed/x_val.npy
[2025-06-23 19:16:17,136] - INFO - s3_handler - Streamed .npy to: s3://studentperformance-dev-artifacts/data/transformed/y_val.npy
[2025-06-23 19:16:17,768] - INFO - s3_handler - Streamed .npy to: s3://studentperformance-dev-artifacts/data/transformed/x_test.npy
[2025-06-23 19:16:18,399] - INFO - s3_handler - Streamed .npy to: s3://studentperformance-dev-artifacts/data/transformed/y_test.npy
[2025-06-23 19:16:18,698] - INFO - s3_handler - S3Handler context exited
[2025-06-23 19:16:18,991] - INFO - data_transformation - ========== Data Transformation Completed ==========
[2025-06-23 19:16:19,289] - INFO - training_pipeline - Data Transformation Artifact: 
Data Transformation Artifact:
  - X Train Local Path:        'artifacts/2025_06_23T18_15_25Z/data_transformation/train/x_train.npy'
  - Y Train Local Path:        'artifacts/2025_06_23T18_15_25Z/data_transformation/train/y_train.npy'
  - X Val Local Path:          'artifacts/2025_06_23T18_15_25Z/data_transformation/val/x_val.npy'
  - Y Val Local Path:          'artifacts/2025_06_23T18_15_25Z/data_transformation/val/y_val.npy'
  - X Test Local Path:         'artifacts/2025_06_23T18_15_25Z/data_transformation/test/x_test.npy'
  - Y Test Local Path:         'artifacts/2025_06_23T18_15_25Z/data_transformation/test/y_test.npy'
  - X Preprocessor Local Path: 'artifacts/2025_06_23T18_15_25Z/data_transformation/data_processor/x_preprocessor.joblib'
  - Y Preprocessor Local Path: 'artifacts/2025_06_23T18_15_25Z/data_transformation/data_processor/y_preprocessor.joblib'
  - X Train S3 URI:            's3://studentperformance-dev-artifacts/data/transformed/x_train.npy'
  - Y Train S3 URI:            's3://studentperformance-dev-artifacts/data/transformed/y_train.npy'
  - X Val S3 URI:              's3://studentperformance-dev-artifacts/data/transformed/x_val.npy'
  - Y Val S3 URI:              's3://studentperformance-dev-artifacts/data/transformed/y_val.npy'
  - X Test S3 URI:             's3://studentperformance-dev-artifacts/data/transformed/x_test.npy'
  - Y Test S3 URI:             's3://studentperformance-dev-artifacts/data/transformed/y_test.npy'
  - X Preprocessor S3 URI:     's3://studentperformance-dev-artifacts/artifacts/2025_06_23T18_15_25Z/data_transformation/data_processor/x_preprocessor.joblib'
  - Y Preprocessor S3 URI:     's3://studentperformance-dev-artifacts/artifacts/2025_06_23T18_15_25Z/data_transformation/data_processor/y_preprocessor.joblib'
[2025-06-23 19:16:21,754] - INFO - model_trainer - ========== Starting Model Training ==========
[2025-06-23 19:16:22,049] - INFO - model_trainer - Loading train/val data
[2025-06-23 19:16:22,359] - INFO - model_trainer - Loading from local:
[2025-06-23 19:16:22,682] - INFO - core - X_train loaded successfully from: 'artifacts/2025_06_23T18_15_25Z/data_transformation/train/x_train.npy'
[2025-06-23 19:16:22,986] - INFO - core - y_train loaded successfully from: 'artifacts/2025_06_23T18_15_25Z/data_transformation/train/y_train.npy'
[2025-06-23 19:16:23,299] - INFO - core - X_val loaded successfully from: 'artifacts/2025_06_23T18_15_25Z/data_transformation/val/x_val.npy'
[2025-06-23 19:16:23,599] - INFO - core - y_val loaded successfully from: 'artifacts/2025_06_23T18_15_25Z/data_transformation/val/y_val.npy'
[2025-06-23 19:16:23,935] - INFO - core - X_Processor loaded from: 'artifacts/2025_06_23T18_15_25Z/data_transformation/data_processor/x_preprocessor.joblib'
[2025-06-23 19:16:24,234] - INFO - core - y_Processor loaded from: 'artifacts/2025_06_23T18_15_25Z/data_transformation/data_processor/y_preprocessor.joblib'
[2025-06-23 19:16:25,606] - INFO - model_trainer - Selecting and (optionally) tuning models
[2025-06-23 19:16:56,868] - INFO - model_trainer - Training final model: sklearn.ensemble.RandomForestRegressor
[2025-06-23 19:17:14,244] - INFO - model_trainer - ========== Model Training Completed ==========
[2025-06-23 19:17:14,925] - INFO - core - Created directory for Trained Model: 'artifacts/2025_06_23T18_15_25Z/model_trainer/model'
[2025-06-23 19:17:15,256] - INFO - core - Trained Model saved to: 'artifacts/2025_06_23T18_15_25Z/model_trainer/model/model.joblib'
[2025-06-23 19:17:15,543] - INFO - core - Directory already exists for Inference Model: 'inference_model'
[2025-06-23 19:17:15,898] - INFO - core - Inference Model saved to: 'inference_model/inference_model.joblib'
[2025-06-23 19:17:16,181] - INFO - core - Created directory for Inference Model: 'artifacts/2025_06_23T18_15_25Z/model_trainer/inference_model'
[2025-06-23 19:17:16,510] - INFO - core - Inference Model saved to: 'artifacts/2025_06_23T18_15_25Z/model_trainer/inference_model/inference_model.joblib'
[2025-06-23 19:17:16,811] - INFO - core - Created directory for Training Report: 'artifacts/2025_06_23T18_15_25Z/model_trainer/reports'
[2025-06-23 19:17:17,093] - INFO - core - Training Report saved to: 'artifacts/2025_06_23T18_15_25Z/model_trainer/reports/training_report.yaml'
[2025-06-23 19:17:17,385] - INFO - model_trainer - Streaming artifacts to S3
[2025-06-23 19:17:17,660] - INFO - s3_handler - S3Handler context entered
[2025-06-23 19:17:19,323] - INFO - s3_handler - Streamed object to: s3://studentperformance-dev-artifacts/artifacts/2025_06_23T18_15_25Z/model_trainer/model/model.joblib
[2025-06-23 19:17:20,499] - INFO - s3_handler - Streamed object to: s3://studentperformance-dev-artifacts/inference_model/inference_model.joblib
[2025-06-23 19:17:21,105] - INFO - s3_handler - Streamed YAML to: s3://studentperformance-dev-artifacts/artifacts/2025_06_23T18_15_25Z/model_trainer/reports/training_report.yaml
[2025-06-23 19:17:21,398] - INFO - s3_handler - S3Handler context exited
[2025-06-23 19:17:21,722] - INFO - training_pipeline - Model Trainer Artifact: 
Model Trainer Artifact:
  - Trained Model Local Path:      'artifacts/2025_06_23T18_15_25Z/model_trainer/model/model.joblib'
  - Training Report Local Path:    'artifacts/2025_06_23T18_15_25Z/model_trainer/reports/training_report.yaml'

  - X Train Local Path:            'artifacts/2025_06_23T18_15_25Z/data_transformation/train/x_train.npy'
  - Y Train Local Path:            'artifacts/2025_06_23T18_15_25Z/data_transformation/train/y_train.npy'
  - X Val Local Path:              'artifacts/2025_06_23T18_15_25Z/data_transformation/val/x_val.npy'
  - Y Val Local Path:              'artifacts/2025_06_23T18_15_25Z/data_transformation/val/y_val.npy'
  - X Test Local Path:             'artifacts/2025_06_23T18_15_25Z/data_transformation/test/x_test.npy'
  - Y Test Local Path:             'artifacts/2025_06_23T18_15_25Z/data_transformation/test/y_test.npy'

  - Trained Model S3 URI:          's3://studentperformance-dev-artifacts/artifacts/2025_06_23T18_15_25Z/model_trainer/model/model.joblib'
  - Training Report S3 URI:        's3://studentperformance-dev-artifacts/artifacts/2025_06_23T18_15_25Z/model_trainer/reports/training_report.yaml'

  - X Train S3 URI:                's3://studentperformance-dev-artifacts/data/transformed/x_train.npy'
  - Y Train S3 URI:                's3://studentperformance-dev-artifacts/data/transformed/y_train.npy'
  - X Val S3 URI:                  's3://studentperformance-dev-artifacts/data/transformed/x_val.npy'
  - Y Val S3 URI:                  's3://studentperformance-dev-artifacts/data/transformed/y_val.npy'
  - X Test S3 URI:                 's3://studentperformance-dev-artifacts/data/transformed/x_test.npy'
  - Y Test S3 URI:                 's3://studentperformance-dev-artifacts/data/transformed/y_test.npy'
[2025-06-23 19:17:22,026] - INFO - training_pipeline - ========== Training Pipeline Completed ==========
