[2025-06-11 15:24:39,891] - INFO - training_pipeline - Initializing TrainingPipeline...
[2025-06-11 15:24:39,891] - INFO - core - YAML successfully loaded from: 'config/config.yaml'
[2025-06-11 15:24:39,908] - INFO - core - YAML successfully loaded from: 'config/params.yaml'
[2025-06-11 15:24:39,925] - INFO - core - YAML successfully loaded from: 'config/schema.yaml'
[2025-06-11 15:24:39,929] - INFO - core - YAML successfully loaded from: 'config/templates.yaml'
[2025-06-11 15:24:39,930] - INFO - training_pipeline - ========== Training Pipeline Started ==========
[2025-06-11 15:24:39,930] - INFO - postgres_dbhandler - Initializing PostgresDBHandler
[2025-06-11 15:24:39,930] - INFO - data_ingestion - ========== Starting Data Ingestion ==========
[2025-06-11 15:24:39,930] - INFO - data_ingestion - Step 1: Fetching raw data
[2025-06-11 15:24:39,930] - INFO - postgres_dbhandler - Loading data from PostgreSQL table: student_scores
[2025-06-11 15:24:39,931] - INFO - postgres_dbhandler - Attempting to connect to PostgreSQL
[2025-06-11 15:24:40,843] - INFO - postgres_dbhandler - Successfully connected to PostgreSQL
[2025-06-11 15:24:40,843] - INFO - postgres_dbhandler - Executing query: SELECT * FROM "student_scores"
[2025-06-11 15:24:41,466] - INFO - postgres_dbhandler - DataFrame loaded from PostgreSQL table: student_scores
[2025-06-11 15:24:41,466] - INFO - data_ingestion - Fetched 2000 raw rows from data source.
[2025-06-11 15:24:41,466] - INFO - postgres_dbhandler - PostgreSQL connection closed
[2025-06-11 15:24:41,466] - INFO - data_ingestion - Step 2: Saving raw data
[2025-06-11 15:24:41,466] - INFO - core - Created directory for Raw Data: 'artifacts/2025_06_11T14_24_38Z/data_ingestion/raw_data'
[2025-06-11 15:24:41,476] - INFO - core - Raw Data saved to: 'artifacts/2025_06_11T14_24_38Z/data_ingestion/raw_data/raw.csv'
[2025-06-11 15:24:41,477] - INFO - data_ingestion - Step 3: Saving raw data to dvc path
[2025-06-11 15:24:41,477] - INFO - core - Directory already exists for Raw Data: 'data/raw'
[2025-06-11 15:24:41,481] - INFO - core - Raw Data saved to: 'data/raw/raw.csv'
[2025-06-11 15:24:41,481] - INFO - data_ingestion - Step 4: Cleaning raw data
[2025-06-11 15:24:41,484] - INFO - data_ingestion - Raw DataFrame cleaned successfully.
[2025-06-11 15:24:41,484] - INFO - data_ingestion - Step 5: Saving cleaned (ingested) data
[2025-06-11 15:24:41,485] - INFO - core - Created directory for Ingested Data: 'artifacts/2025_06_11T14_24_38Z/data_ingestion/ingested_data'
[2025-06-11 15:24:41,488] - INFO - core - Ingested Data saved to: 'artifacts/2025_06_11T14_24_38Z/data_ingestion/ingested_data/ingested_data.csv'
[2025-06-11 15:24:41,490] - INFO - data_ingestion - ========== Data Ingestion Completed ==========
[2025-06-11 15:24:41,490] - INFO - training_pipeline - Data Ingestion Artifact: 
Data Ingestion Artifact:
  - Raw Artifact:         'artifacts/2025_06_11T14_24_38Z/data_ingestion/raw_data/raw.csv'
  - Raw DVC Path:         'data/raw/raw.csv'
  - Ingested Data Path:   'artifacts/2025_06_11T14_24_38Z/data_ingestion/ingested_data/ingested_data.csv'

[2025-06-11 15:24:41,490] - INFO - data_validation - Initializing DataValidation component.
[2025-06-11 15:24:41,503] - INFO - core - CSV file read successfully from: 'artifacts/2025_06_11T14_24_38Z/data_ingestion/ingested_data/ingested_data.csv'
[2025-06-11 15:24:41,511] - INFO - core - CSV file read successfully from: 'data/validated/validated_data.csv'
[2025-06-11 15:24:41,512] - INFO - data_validation - ========== Starting Data Validation ==========
[2025-06-11 15:24:41,512] - INFO - data_validation - Step 1: Performing schema check
[2025-06-11 15:24:41,513] - INFO - data_validation - Performing schema hash check.
[2025-06-11 15:24:41,514] - INFO - data_validation - Schema hash check passed.
[2025-06-11 15:24:41,514] - INFO - data_validation - Step 2: Checking missing values
[2025-06-11 15:24:41,514] - INFO - data_validation - Checking for missing values.
[2025-06-11 15:24:41,515] - INFO - core - Created directory for Missing Value Report: 'artifacts/2025_06_11T14_24_38Z/data_validation/reports'
[2025-06-11 15:24:41,517] - INFO - core - Missing Value Report saved to: 'artifacts/2025_06_11T14_24_38Z/data_validation/reports/missing_values_report.yaml'
[2025-06-11 15:24:41,517] - INFO - data_validation - Missing value check passed.
[2025-06-11 15:24:41,517] - INFO - data_validation - Step 3: Checking for duplicates
[2025-06-11 15:24:41,517] - INFO - data_validation - Checking for duplicate rows.
[2025-06-11 15:24:41,520] - INFO - core - Directory already exists for Duplicates Report: 'artifacts/2025_06_11T14_24_38Z/data_validation/reports'
[2025-06-11 15:24:41,522] - INFO - core - Duplicates Report saved to: 'artifacts/2025_06_11T14_24_38Z/data_validation/reports/duplicates_report.yaml'
[2025-06-11 15:24:41,522] - INFO - data_validation - Duplicate check passed.
[2025-06-11 15:24:41,522] - INFO - data_validation - Step 4: Checking categorical column values
[2025-06-11 15:24:41,522] - INFO - data_validation - Checking categorical values against schema constraints.
[2025-06-11 15:24:41,524] - INFO - core - Directory already exists for Categorical Values Report: 'artifacts/2025_06_11T14_24_38Z/data_validation/reports'
[2025-06-11 15:24:41,525] - INFO - core - Categorical Values Report saved to: 'artifacts/2025_06_11T14_24_38Z/data_validation/reports/categorical_report.yaml'
[2025-06-11 15:24:41,525] - INFO - data_validation - Categorical values check passed.
[2025-06-11 15:24:41,526] - INFO - data_validation - Step 5: Performing drift check
[2025-06-11 15:24:41,526] - INFO - data_validation - Performing data drift check.
[2025-06-11 15:24:41,572] - INFO - core - Directory already exists for Drift Report: 'artifacts/2025_06_11T14_24_38Z/data_validation/reports'
[2025-06-11 15:24:41,579] - INFO - core - Drift Report saved to: 'artifacts/2025_06_11T14_24_38Z/data_validation/reports/drift_report.yaml'
[2025-06-11 15:24:41,579] - INFO - data_validation - Drift check passed.
[2025-06-11 15:24:41,579] - INFO - data_validation - Step 6: Generating validation report
[2025-06-11 15:24:41,579] - INFO - data_validation - Generating final validation report.
[2025-06-11 15:24:41,580] - INFO - core - Directory already exists for Validation Report: 'artifacts/2025_06_11T14_24_38Z/data_validation/reports'
[2025-06-11 15:24:41,582] - INFO - core - Validation Report saved to: 'artifacts/2025_06_11T14_24_38Z/data_validation/reports/validation_report.yaml'
[2025-06-11 15:24:41,582] - INFO - data_validation - Step 7: Saving validated data if validation passes
[2025-06-11 15:24:41,583] - INFO - core - Created directory for Validated Data: 'artifacts/2025_06_11T14_24_38Z/data_validation/validated'
[2025-06-11 15:24:41,585] - INFO - core - Validated Data saved to: 'artifacts/2025_06_11T14_24_38Z/data_validation/validated/validated_data.csv'
[2025-06-11 15:24:41,585] - INFO - core - Directory already exists for Validated Data: 'data/validated'
[2025-06-11 15:24:41,590] - INFO - core - Validated Data saved to: 'data/validated/validated_data.csv'
[2025-06-11 15:24:41,590] - INFO - data_validation - Validated data saved successfully.
[2025-06-11 15:24:41,591] - INFO - data_validation - ========== Data Validation Completed ==========
[2025-06-11 15:24:41,591] - INFO - training_pipeline - Data Validation Artifact: 
Data Validation Artifact:
  - Validated Data Path: 'artifacts/2025_06_11T14_24_38Z/data_validation/validated/validated_data.csv'
  - Validation Status:   'True'

[2025-06-11 15:24:41,601] - INFO - core - CSV file read successfully from: 'artifacts/2025_06_11T14_24_38Z/data_validation/validated/validated_data.csv'
[2025-06-11 15:24:41,601] - INFO - data_transformation - ========== Starting Data Transformation ==========
[2025-06-11 15:24:41,601] - INFO - data_transformation - Generating target column from average of math, reading, and writing scores.
