[2025-06-19 04:08:50,632] - INFO - training_pipeline - Initializing TrainingPipeline...
[2025-06-19 04:08:50,636] - INFO - core - YAML successfully loaded from: 'config/config.yaml'
[2025-06-19 04:08:50,661] - INFO - core - YAML successfully loaded from: 'config/params.yaml'
[2025-06-19 04:08:50,673] - INFO - core - YAML successfully loaded from: 'config/schema.yaml'
[2025-06-19 04:08:50,682] - INFO - core - YAML successfully loaded from: 'config/templates.yaml'
[2025-06-19 04:08:50,683] - INFO - training_pipeline - ========== Training Pipeline Started ==========
[2025-06-19 04:08:50,683] - INFO - postgres_dbhandler - Initializing PostgresDBHandler
[2025-06-19 04:08:50,844] - INFO - s3_handler - S3Handler initialized for bucket 'studentperformance-dev-artifacts' in region 'us-east-1'
[2025-06-19 04:08:50,844] - INFO - data_ingestion - ========== Starting Data Ingestion ==========
[2025-06-19 04:08:50,844] - INFO - postgres_dbhandler - Loading data from PostgreSQL table: student_scores
[2025-06-19 04:08:50,844] - INFO - postgres_dbhandler - Attempting to connect to PostgreSQL
[2025-06-19 04:08:51,789] - INFO - postgres_dbhandler - Successfully connected to PostgreSQL
[2025-06-19 04:08:51,790] - INFO - postgres_dbhandler - Executing query: SELECT * FROM "student_scores"
[2025-06-19 04:08:52,553] - INFO - postgres_dbhandler - DataFrame loaded from PostgreSQL table: student_scores
[2025-06-19 04:08:52,553] - INFO - data_ingestion - Fetched 2000 raw rows from data source.
[2025-06-19 04:08:52,553] - INFO - postgres_dbhandler - PostgreSQL connection closed
[2025-06-19 04:08:52,553] - INFO - data_ingestion - Raw DataFrame cleaned successfully.
[2025-06-19 04:08:52,553] - INFO - data_ingestion - Streaming raw and ingested data to S3
[2025-06-19 04:08:52,565] - INFO - s3_handler - S3Handler context entered
[2025-06-19 04:08:53,414] - INFO - s3_handler - Streamed CSV to: s3://studentperformance-dev-artifacts/artifacts/2025_06_19T03_08_47Z/data_ingestion/raw_data/raw.csv
[2025-06-19 04:08:53,799] - INFO - s3_handler - Streamed CSV to: s3://studentperformance-dev-artifacts/data/raw/raw.csv
[2025-06-19 04:08:54,182] - INFO - s3_handler - Streamed CSV to: s3://studentperformance-dev-artifacts/artifacts/2025_06_19T03_08_47Z/data_ingestion/ingested_data/ingested_data.csv
[2025-06-19 04:08:54,184] - INFO - s3_handler - S3Handler context exited
[2025-06-19 04:08:54,186] - INFO - data_ingestion - ========== Data Ingestion Completed ==========
[2025-06-19 04:08:54,188] - INFO - training_pipeline - Data Ingestion Artifact: 
Data Ingestion Artifact:
  - Raw Local Path:        'None'
  - DVC Raw Local Path:    'None'
  - Ingested Local Path:   'None'
  - Raw S3 URI:            's3://studentperformance-dev-artifacts/artifacts/2025_06_19T03_08_47Z/data_ingestion/raw_data/raw.csv'
  - DVC Raw S3 URI:        's3://studentperformance-dev-artifacts/data/raw/raw.csv'
  - Ingested S3 URI:       's3://studentperformance-dev-artifacts/artifacts/2025_06_19T03_08_47Z/data_ingestion/ingested_data/ingested_data.csv'
[2025-06-19 04:08:54,190] - INFO - data_validation - Initializing DataValidation component.
[2025-06-19 04:08:54,191] - INFO - data_validation - Loading ingested data from S3 URI: s3://studentperformance-dev-artifacts/artifacts/2025_06_19T03_08_47Z/data_ingestion/ingested_data/ingested_data.csv
[2025-06-19 04:08:54,519] - INFO - core - CSV file read successfully from: 'data/validated/validated_data.csv'
[2025-06-19 04:08:54,519] - INFO - data_validation - ========== Starting Data Validation ==========
[2025-06-19 04:08:54,519] - INFO - data_validation - Performing schema hash check.
[2025-06-19 04:08:54,519] - INFO - data_validation - Schema hash check passed.
[2025-06-19 04:08:54,519] - INFO - data_validation - Checking for missing values.
[2025-06-19 04:08:54,519] - INFO - core - Created directory for Missing Value Report: 'artifacts/2025_06_19T03_08_47Z/data_validation/reports'
[2025-06-19 04:08:54,519] - INFO - core - Missing Value Report saved to: 'artifacts/2025_06_19T03_08_47Z/data_validation/reports/missing_values_report.yaml'
[2025-06-19 04:08:54,519] - INFO - data_validation - Checking for duplicate rows.
[2025-06-19 04:08:54,531] - INFO - core - Directory already exists for Duplicates Report: 'artifacts/2025_06_19T03_08_47Z/data_validation/reports'
[2025-06-19 04:08:54,532] - INFO - core - Duplicates Report saved to: 'artifacts/2025_06_19T03_08_47Z/data_validation/reports/duplicates_report.yaml'
[2025-06-19 04:08:54,532] - INFO - data_validation - Checking categorical values against schema constraints.
[2025-06-19 04:08:54,534] - INFO - core - Directory already exists for Categorical Values Report: 'artifacts/2025_06_19T03_08_47Z/data_validation/reports'
[2025-06-19 04:08:54,535] - INFO - core - Categorical Values Report saved to: 'artifacts/2025_06_19T03_08_47Z/data_validation/reports/categorical_report.yaml'
[2025-06-19 04:08:54,536] - INFO - data_validation - Performing data drift check.
[2025-06-19 04:08:54,577] - INFO - core - Directory already exists for Drift Report: 'artifacts/2025_06_19T03_08_47Z/data_validation/reports'
[2025-06-19 04:08:54,577] - INFO - core - Drift Report saved to: 'artifacts/2025_06_19T03_08_47Z/data_validation/reports/drift_report.yaml'
[2025-06-19 04:08:54,577] - INFO - data_validation - Generating final validation report.
[2025-06-19 04:08:54,577] - INFO - core - Directory already exists for Validation Report: 'artifacts/2025_06_19T03_08_47Z/data_validation/reports'
[2025-06-19 04:08:54,593] - INFO - core - Validation Report saved to: 'artifacts/2025_06_19T03_08_47Z/data_validation/reports/validation_report.yaml'
[2025-06-19 04:08:54,593] - INFO - s3_handler - S3Handler context entered
[2025-06-19 04:08:54,898] - INFO - s3_handler - Streamed CSV to: s3://studentperformance-dev-artifacts/artifacts/2025_06_19T03_08_47Z/data_validation/validated/validated_data.csv
[2025-06-19 04:08:54,898] - INFO - s3_handler - S3Handler context exited
[2025-06-19 04:08:54,898] - INFO - training_pipeline - Data Validation Artifact: 
Data Validation Artifact:
  - Validated Local Path: 'None'
  - Validated S3 URI:     's3://studentperformance-dev-artifacts/artifacts/2025_06_19T03_08_47Z/data_validation/validated/validated_data.csv'
  - Validation Status:    'True'
[2025-06-19 04:09:02,736] - INFO - data_transformation - Loading validated data from S3 URI: s3://studentperformance-dev-artifacts/artifacts/2025_06_19T03_08_47Z/data_validation/validated/validated_data.csv
[2025-06-19 04:09:03,487] - INFO - data_transformation - ========== Starting Data Transformation ==========
[2025-06-19 04:09:03,593] - INFO - core - Created directory for X Preprocessor Pipeline: 'artifacts/2025_06_19T03_08_47Z/data_transformation/data_processor'
[2025-06-19 04:09:03,599] - INFO - core - X Preprocessor Pipeline saved to: 'artifacts/2025_06_19T03_08_47Z/data_transformation/data_processor/x_preprocessor.joblib'
[2025-06-19 04:09:03,600] - INFO - core - Directory already exists for Y Preprocessor Pipeline: 'artifacts/2025_06_19T03_08_47Z/data_transformation/data_processor'
[2025-06-19 04:09:03,601] - INFO - core - Y Preprocessor Pipeline saved to: 'artifacts/2025_06_19T03_08_47Z/data_transformation/data_processor/y_preprocessor.joblib'
[2025-06-19 04:09:03,603] - INFO - core - Created directory for X_train: 'artifacts/2025_06_19T03_08_47Z/data_transformation/train'
[2025-06-19 04:09:03,603] - INFO - core - X_train saved to: 'artifacts/2025_06_19T03_08_47Z/data_transformation/train/x_train.npy'
[2025-06-19 04:09:03,603] - INFO - core - Directory already exists for X_train: 'data/transformed'
[2025-06-19 04:09:03,604] - INFO - core - X_train saved to: 'data/transformed/x_train.npy'
[2025-06-19 04:09:03,604] - INFO - core - Directory already exists for y_train: 'artifacts/2025_06_19T03_08_47Z/data_transformation/train'
[2025-06-19 04:09:03,605] - INFO - core - y_train saved to: 'artifacts/2025_06_19T03_08_47Z/data_transformation/train/y_train.npy'
[2025-06-19 04:09:03,605] - INFO - core - Directory already exists for y_train: 'data/transformed'
[2025-06-19 04:09:03,606] - INFO - core - y_train saved to: 'data/transformed/y_train.npy'
[2025-06-19 04:09:03,606] - INFO - core - Created directory for X_val: 'artifacts/2025_06_19T03_08_47Z/data_transformation/val'
[2025-06-19 04:09:03,606] - INFO - core - X_val saved to: 'artifacts/2025_06_19T03_08_47Z/data_transformation/val/x_val.npy'
[2025-06-19 04:09:03,607] - INFO - core - Directory already exists for X_val: 'data/transformed'
[2025-06-19 04:09:03,607] - INFO - core - X_val saved to: 'data/transformed/x_val.npy'
[2025-06-19 04:09:03,607] - INFO - core - Directory already exists for y_val: 'artifacts/2025_06_19T03_08_47Z/data_transformation/val'
[2025-06-19 04:09:03,608] - INFO - core - y_val saved to: 'artifacts/2025_06_19T03_08_47Z/data_transformation/val/y_val.npy'
[2025-06-19 04:09:03,608] - INFO - core - Directory already exists for y_val: 'data/transformed'
[2025-06-19 04:09:03,609] - INFO - core - y_val saved to: 'data/transformed/y_val.npy'
[2025-06-19 04:09:03,609] - INFO - core - Created directory for X_test: 'artifacts/2025_06_19T03_08_47Z/data_transformation/test'
[2025-06-19 04:09:03,610] - INFO - core - X_test saved to: 'artifacts/2025_06_19T03_08_47Z/data_transformation/test/x_test.npy'
[2025-06-19 04:09:03,610] - INFO - core - Directory already exists for X_test: 'data/transformed'
[2025-06-19 04:09:03,610] - INFO - core - X_test saved to: 'data/transformed/x_test.npy'
[2025-06-19 04:09:03,611] - INFO - core - Directory already exists for y_test: 'artifacts/2025_06_19T03_08_47Z/data_transformation/test'
[2025-06-19 04:09:03,611] - INFO - core - y_test saved to: 'artifacts/2025_06_19T03_08_47Z/data_transformation/test/y_test.npy'
[2025-06-19 04:09:03,611] - INFO - core - Directory already exists for y_test: 'data/transformed'
[2025-06-19 04:09:03,612] - INFO - core - y_test saved to: 'data/transformed/y_test.npy'
[2025-06-19 04:09:03,612] - INFO - data_transformation - ========== Data Transformation Completed ==========
[2025-06-19 04:09:03,612] - INFO - training_pipeline - Data Transformation Artifact: 
Data Transformation Artifact:
  - X Train Path:         'artifacts/2025_06_19T03_08_47Z/data_transformation/train/x_train.npy'
  - Y Train Path:         'artifacts/2025_06_19T03_08_47Z/data_transformation/train/y_train.npy'
  - X Val Path:           'artifacts/2025_06_19T03_08_47Z/data_transformation/val/x_val.npy'
  - Y Val Path:           'artifacts/2025_06_19T03_08_47Z/data_transformation/val/y_val.npy'
  - X Test Path:          'artifacts/2025_06_19T03_08_47Z/data_transformation/test/x_test.npy'
  - Y Test Path:          'artifacts/2025_06_19T03_08_47Z/data_transformation/test/y_test.npy'
  - X Preprocessor Path:  'artifacts/2025_06_19T03_08_47Z/data_transformation/data_processor/x_preprocessor.joblib'
  - Y Preprocessor Path:  'artifacts/2025_06_19T03_08_47Z/data_transformation/data_processor/y_preprocessor.joblib'

[2025-06-19 04:09:03,613] - INFO - model_trainer - Initializing ModelTrainer with root_dir=artifacts\2025_06_19T03_08_47Z\model_trainer
[2025-06-19 04:09:05,512] - INFO - model_trainer - ========== Starting Model Training ==========
[2025-06-19 04:09:05,524] - INFO - core - X train loaded successfully from: 'artifacts/2025_06_19T03_08_47Z/data_transformation/train/x_train.npy'
[2025-06-19 04:09:05,529] - INFO - core - Y train loaded successfully from: 'artifacts/2025_06_19T03_08_47Z/data_transformation/train/y_train.npy'
[2025-06-19 04:09:05,536] - INFO - core - X val loaded successfully from: 'artifacts/2025_06_19T03_08_47Z/data_transformation/val/x_val.npy'
[2025-06-19 04:09:05,542] - INFO - core - Y val loaded successfully from: 'artifacts/2025_06_19T03_08_47Z/data_transformation/val/y_val.npy'
