[2025-06-02 20:53:08,472] - INFO - core - YAML successfully loaded from: 'config/config.yaml'
[2025-06-02 20:53:08,472] - INFO - core - YAML successfully loaded from: 'config/params.yaml'
[2025-06-02 20:53:08,476] - INFO - core - YAML successfully loaded from: 'config/schema.yaml'
[2025-06-02 20:53:08,476] - INFO - core - YAML successfully loaded from: 'config/templates.yaml'
[2025-06-02 20:53:08,476] - INFO - postgres_dbhandler - Initializing PostgresDBHandler
[2025-06-02 20:53:08,476] - INFO - postgres_dbhandler - Pinging PostgreSQL
[2025-06-02 20:53:08,476] - INFO - postgres_dbhandler - Attempting to connect to PostgreSQL
[2025-06-02 20:53:09,425] - INFO - postgres_dbhandler - Successfully connected to PostgreSQL
[2025-06-02 20:53:09,425] - INFO - postgres_dbhandler - Executing ping query
[2025-06-02 20:53:09,671] - INFO - postgres_dbhandler - PostgreSQL connection successful (ping passed).
[2025-06-02 20:53:09,671] - INFO - postgres_dbhandler - PostgreSQL ping completed
[2025-06-02 20:53:09,671] - INFO - postgres_dbhandler - Retrieving list of tables
[2025-06-02 20:53:09,671] - INFO - postgres_dbhandler - Attempting to connect to PostgreSQL
[2025-06-02 20:53:09,671] - INFO - postgres_dbhandler - Executing query: 
                SELECT table_name
                FROM information_schema.tables
                WHERE table_schema = 'public'
                AND table_type = 'BASE TABLE';
            
[2025-06-02 20:53:09,802] - INFO - postgres_dbhandler - Successfully retrieved list of tables.
[2025-06-02 20:53:09,802] - INFO - postgres_dbhandler - Reading data from PostgreSQL table: student_scores
[2025-06-02 20:53:09,802] - INFO - postgres_dbhandler - Attempting to connect to PostgreSQL
[2025-06-02 20:53:09,802] - INFO - postgres_dbhandler - Executing query: SELECT * FROM "student_scores"
[2025-06-02 20:53:10,414] - INFO - postgres_dbhandler - Successfully read data from PostgreSQL table: student_scores
[2025-06-02 20:53:10,414] - INFO - postgres_dbhandler - Finished reading data from PostgreSQL table: student_scores
[2025-06-02 20:53:10,424] - INFO - postgres_dbhandler - PostgreSQL connection closed
