[2025-06-24 03:40:01,396] - INFO - training_pipeline - Initializing TrainingPipeline...
[2025-06-24 03:40:02,038] - INFO - core - YAML successfully loaded from: 'config/config.yaml'
[2025-06-24 03:40:02,345] - INFO - core - YAML successfully loaded from: 'config/params.yaml'
[2025-06-24 03:40:02,626] - INFO - core - YAML successfully loaded from: 'config/schema.yaml'
[2025-06-24 03:40:02,880] - INFO - core - YAML successfully loaded from: 'config/templates.yaml'
[2025-06-24 03:40:03,143] - INFO - training_pipeline - ========== Training Pipeline Started ==========
[2025-06-24 03:40:03,421] - INFO - postgres_dbhandler - Initializing PostgresDBHandler
[2025-06-24 03:40:03,686] - INFO - s3_handler - S3Handler initialized for bucket 'studentperformance-dev-artifacts' in region 'us-east-1'
[2025-06-24 03:40:03,961] - INFO - data_ingestion - ========== Starting Data Ingestion ==========
[2025-06-24 03:40:04,224] - INFO - postgres_dbhandler - Loading data from PostgreSQL table: student_scores
[2025-06-24 03:40:04,516] - INFO - postgres_dbhandler - Attempting to connect to PostgreSQL
[2025-06-24 03:40:05,686] - INFO - postgres_dbhandler - Successfully connected to PostgreSQL
[2025-06-24 03:40:05,954] - INFO - postgres_dbhandler - Executing query: SELECT * FROM "student_scores"
[2025-06-24 03:40:07,106] - INFO - postgres_dbhandler - DataFrame loaded from PostgreSQL table: student_scores
[2025-06-24 03:40:07,373] - INFO - data_ingestion - Fetched 2000 raw rows from data source.
[2025-06-24 03:40:07,644] - INFO - postgres_dbhandler - PostgreSQL connection closed
[2025-06-24 03:40:07,915] - INFO - data_ingestion - Raw DataFrame cleaned successfully.
[2025-06-24 03:40:08,182] - INFO - data_ingestion - Saving raw and ingested data locally
[2025-06-24 03:40:08,488] - INFO - core - Created directory for Raw Data: 'artifacts/2025_06_24T02_39_58Z/data_ingestion/raw_data'
[2025-06-24 03:40:08,831] - INFO - core - Raw Data saved to: 'artifacts/2025_06_24T02_39_58Z/data_ingestion/raw_data/raw.csv'
[2025-06-24 03:40:09,104] - INFO - core - Directory already exists for Raw Data (DVC): 'data/raw'
[2025-06-24 03:40:09,392] - INFO - core - Raw Data (DVC) saved to: 'data/raw/raw.csv'
[2025-06-24 03:40:09,666] - INFO - core - Created directory for Ingested Data: 'artifacts/2025_06_24T02_39_58Z/data_ingestion/ingested_data'
[2025-06-24 03:40:09,971] - INFO - core - Ingested Data saved to: 'artifacts/2025_06_24T02_39_58Z/data_ingestion/ingested_data/ingested_data.csv'
[2025-06-24 03:40:10,250] - INFO - data_ingestion - Streaming raw and ingested data to S3
[2025-06-24 03:40:10,525] - INFO - s3_handler - S3Handler context entered
[2025-06-24 03:40:11,630] - INFO - s3_handler - Streamed CSV to: s3://studentperformance-dev-artifacts/artifacts/2025_06_24T02_39_58Z/data_ingestion/raw_data/raw.csv
[2025-06-24 03:40:12,372] - INFO - s3_handler - Streamed CSV to: s3://studentperformance-dev-artifacts/data/raw/raw.csv
[2025-06-24 03:40:13,044] - INFO - s3_handler - Streamed CSV to: s3://studentperformance-dev-artifacts/artifacts/2025_06_24T02_39_58Z/data_ingestion/ingested_data/ingested_data.csv
[2025-06-24 03:40:13,312] - INFO - s3_handler - S3Handler context exited
[2025-06-24 03:40:13,578] - INFO - data_ingestion - ========== Data Ingestion Completed ==========
[2025-06-24 03:40:13,854] - INFO - training_pipeline - Data Ingestion Artifact: 
Data Ingestion Artifact:
  - Raw Local Path:        'artifacts/2025_06_24T02_39_58Z/data_ingestion/raw_data/raw.csv'
  - DVC Raw Local Path:    'data/raw/raw.csv'
  - Ingested Local Path:   'artifacts/2025_06_24T02_39_58Z/data_ingestion/ingested_data/ingested_data.csv'
  - Raw S3 URI:            's3://studentperformance-dev-artifacts/artifacts/2025_06_24T02_39_58Z/data_ingestion/raw_data/raw.csv'
  - DVC Raw S3 URI:        's3://studentperformance-dev-artifacts/data/raw/raw.csv'
  - Ingested S3 URI:       's3://studentperformance-dev-artifacts/artifacts/2025_06_24T02_39_58Z/data_ingestion/ingested_data/ingested_data.csv'
[2025-06-24 03:40:14,136] - INFO - data_validation - Initializing DataValidation component.
[2025-06-24 03:40:14,403] - INFO - data_validation - Loading ingested data from local: artifacts\2025_06_24T02_39_58Z\data_ingestion\ingested_data\ingested_data.csv
[2025-06-24 03:40:14,685] - INFO - core - CSV file read successfully from: 'artifacts/2025_06_24T02_39_58Z/data_ingestion/ingested_data/ingested_data.csv'
[2025-06-24 03:40:14,958] - INFO - core - CSV file read successfully from: 'data/validated/validated_data.csv'
[2025-06-24 03:40:15,229] - INFO - data_validation - ========== Starting Data Validation ==========
[2025-06-24 03:40:15,509] - INFO - data_validation - Performing schema hash check.
[2025-06-24 03:40:15,854] - INFO - data_validation - Schema hash check passed.
[2025-06-24 03:40:16,127] - INFO - data_validation - Checking for missing values.
[2025-06-24 03:40:16,401] - INFO - core - Created directory for Missing Value Report: 'artifacts/2025_06_24T02_39_58Z/data_validation/reports'
[2025-06-24 03:40:16,691] - INFO - core - Missing Value Report saved to: 'artifacts/2025_06_24T02_39_58Z/data_validation/reports/missing_values_report.yaml'
[2025-06-24 03:40:17,032] - INFO - s3_handler - S3Handler context entered
[2025-06-24 03:40:17,570] - INFO - s3_handler - Streamed YAML to: s3://studentperformance-dev-artifacts/artifacts/2025_06_24T02_39_58Z/data_validation/reports/missing_values_report.yaml
[2025-06-24 03:40:17,836] - INFO - s3_handler - S3Handler context exited
[2025-06-24 03:40:18,115] - INFO - data_validation - Checking for duplicate rows.
[2025-06-24 03:40:18,388] - INFO - core - Directory already exists for Duplicates Report: 'artifacts/2025_06_24T02_39_58Z/data_validation/reports'
[2025-06-24 03:40:18,665] - INFO - core - Duplicates Report saved to: 'artifacts/2025_06_24T02_39_58Z/data_validation/reports/duplicates_report.yaml'
[2025-06-24 03:40:18,939] - INFO - s3_handler - S3Handler context entered
[2025-06-24 03:40:19,473] - INFO - s3_handler - Streamed YAML to: s3://studentperformance-dev-artifacts/artifacts/2025_06_24T02_39_58Z/data_validation/reports/duplicates_report.yaml
[2025-06-24 03:40:19,742] - INFO - s3_handler - S3Handler context exited
[2025-06-24 03:40:20,040] - INFO - data_validation - Checking categorical values.
[2025-06-24 03:40:20,318] - INFO - core - Directory already exists for Categorical Values Report: 'artifacts/2025_06_24T02_39_58Z/data_validation/reports'
[2025-06-24 03:40:20,592] - INFO - core - Categorical Values Report saved to: 'artifacts/2025_06_24T02_39_58Z/data_validation/reports/categorical_report.yaml'
[2025-06-24 03:40:20,865] - INFO - s3_handler - S3Handler context entered
[2025-06-24 03:40:21,436] - INFO - s3_handler - Streamed YAML to: s3://studentperformance-dev-artifacts/artifacts/2025_06_24T02_39_58Z/data_validation/reports/categorical_report.yaml
[2025-06-24 03:40:21,708] - INFO - s3_handler - S3Handler context exited
[2025-06-24 03:40:21,982] - INFO - data_validation - Performing data drift check.
[2025-06-24 03:40:22,377] - INFO - core - Directory already exists for Drift Report: 'artifacts/2025_06_24T02_39_58Z/data_validation/reports'
[2025-06-24 03:40:22,656] - INFO - core - Drift Report saved to: 'artifacts/2025_06_24T02_39_58Z/data_validation/reports/drift_report.yaml'
[2025-06-24 03:40:22,935] - INFO - s3_handler - S3Handler context entered
[2025-06-24 03:40:23,526] - INFO - s3_handler - Streamed YAML to: s3://studentperformance-dev-artifacts/artifacts/2025_06_24T02_39_58Z/data_validation/reports/drift_report.yaml
[2025-06-24 03:40:23,812] - INFO - s3_handler - S3Handler context exited
[2025-06-24 03:40:24,086] - INFO - data_validation - Generating final validation report.
[2025-06-24 03:40:24,346] - INFO - core - Directory already exists for Validation Report: 'artifacts/2025_06_24T02_39_58Z/data_validation/reports'
[2025-06-24 03:40:24,641] - INFO - core - Validation Report saved to: 'artifacts/2025_06_24T02_39_58Z/data_validation/reports/validation_report.yaml'
[2025-06-24 03:40:24,915] - INFO - s3_handler - S3Handler context entered
[2025-06-24 03:40:25,538] - INFO - s3_handler - Streamed YAML to: s3://studentperformance-dev-artifacts/artifacts/2025_06_24T02_39_58Z/data_validation/reports/validation_report.yaml
[2025-06-24 03:40:25,814] - INFO - s3_handler - S3Handler context exited
[2025-06-24 03:40:26,089] - INFO - core - Created directory for Validated Data: 'artifacts/2025_06_24T02_39_58Z/data_validation/validated'
[2025-06-24 03:40:26,360] - INFO - core - Validated Data saved to: 'artifacts/2025_06_24T02_39_58Z/data_validation/validated/validated_data.csv'
[2025-06-24 03:40:26,635] - INFO - core - Directory already exists for Validated Data: 'data/validated'
[2025-06-24 03:40:26,931] - INFO - core - Validated Data saved to: 'data/validated/validated_data.csv'
[2025-06-24 03:40:27,224] - INFO - s3_handler - S3Handler context entered
[2025-06-24 03:40:27,802] - INFO - s3_handler - Streamed CSV to: s3://studentperformance-dev-artifacts/artifacts/2025_06_24T02_39_58Z/data_validation/validated/validated_data.csv
[2025-06-24 03:40:28,380] - INFO - s3_handler - Streamed CSV to: s3://studentperformance-dev-artifacts/data/validated/validated_data.csv
[2025-06-24 03:40:28,666] - INFO - s3_handler - S3Handler context exited
[2025-06-24 03:40:28,937] - INFO - data_validation - ========== Data Validation Completed ==========
[2025-06-24 03:40:29,227] - INFO - training_pipeline - Data Validation Artifact: 
Data Validation Artifact:
  - Validated Local Path:     'artifacts/2025_06_24T02_39_58Z/data_validation/validated/validated_data.csv'
  - Validated DVC Local Path: 'data/validated/validated_data.csv'
  - Validated S3 URI:         's3://studentperformance-dev-artifacts/artifacts/2025_06_24T02_39_58Z/data_validation/validated/validated_data.csv'
  - Validated DVC S3 URI:     's3://studentperformance-dev-artifacts/data/validated/validated_data.csv'
  - Validation Status:        True
[2025-06-24 03:40:29,522] - INFO - data_transformation - Initializing DataTransformation component.
[2025-06-24 03:40:29,795] - INFO - data_transformation - Loading validated data from local: artifacts\2025_06_24T02_39_58Z\data_validation\validated\validated_data.csv
[2025-06-24 03:40:30,121] - INFO - core - CSV file read successfully from: 'artifacts/2025_06_24T02_39_58Z/data_validation/validated/validated_data.csv'
[2025-06-24 03:40:30,418] - INFO - data_transformation - ========== Starting Data Transformation ==========
[2025-06-24 03:40:30,734] - INFO - column_math_factory - Applied 'mean_of_columns' on ['math_score', 'reading_score', 'writing_score'] → 'mean_score' (inplace=True)
[2025-06-24 03:40:31,026] - INFO - column_math_factory - Applied 'mean_of_columns' on ['math_score', 'reading_score', 'writing_score'] → 'mean_score' (inplace=True)
[2025-06-24 03:40:31,324] - INFO - column_math_factory - Applied 'mean_of_columns' on ['math_score', 'reading_score', 'writing_score'] → 'mean_score' (inplace=True)
[2025-06-24 03:40:31,602] - INFO - core - Created directory for X Preprocessor Pipeline: 'artifacts/2025_06_24T02_39_58Z/data_transformation/data_processor'
[2025-06-24 03:40:31,901] - INFO - core - X Preprocessor Pipeline saved to: 'artifacts/2025_06_24T02_39_58Z/data_transformation/data_processor/x_preprocessor.joblib'
[2025-06-24 03:40:32,181] - INFO - core - Directory already exists for Y Preprocessor Pipeline: 'artifacts/2025_06_24T02_39_58Z/data_transformation/data_processor'
[2025-06-24 03:40:32,451] - INFO - core - Y Preprocessor Pipeline saved to: 'artifacts/2025_06_24T02_39_58Z/data_transformation/data_processor/y_preprocessor.joblib'
[2025-06-24 03:40:32,738] - INFO - s3_handler - S3Handler context entered
[2025-06-24 03:40:33,292] - INFO - s3_handler - Streamed object to: s3://studentperformance-dev-artifacts/artifacts/2025_06_24T02_39_58Z/data_transformation/data_processor/x_preprocessor.joblib
[2025-06-24 03:40:33,862] - INFO - s3_handler - Streamed object to: s3://studentperformance-dev-artifacts/artifacts/2025_06_24T02_39_58Z/data_transformation/data_processor/y_preprocessor.joblib
[2025-06-24 03:40:34,141] - INFO - s3_handler - S3Handler context exited
[2025-06-24 03:40:34,417] - INFO - core - Created directory for X_train: 'artifacts/2025_06_24T02_39_58Z/data_transformation/train'
[2025-06-24 03:40:34,725] - INFO - core - X_train saved to: 'artifacts/2025_06_24T02_39_58Z/data_transformation/train/x_train.npy'
[2025-06-24 03:40:35,005] - INFO - core - Directory already exists for X_train: 'data/transformed'
[2025-06-24 03:40:35,322] - INFO - core - X_train saved to: 'data/transformed/x_train.npy'
[2025-06-24 03:40:35,718] - INFO - core - Directory already exists for y_train: 'artifacts/2025_06_24T02_39_58Z/data_transformation/train'
[2025-06-24 03:40:36,013] - INFO - core - y_train saved to: 'artifacts/2025_06_24T02_39_58Z/data_transformation/train/y_train.npy'
[2025-06-24 03:40:36,306] - INFO - core - Directory already exists for y_train: 'data/transformed'
[2025-06-24 03:40:36,958] - INFO - core - y_train saved to: 'data/transformed/y_train.npy'
[2025-06-24 03:40:37,255] - INFO - core - Created directory for X_val: 'artifacts/2025_06_24T02_39_58Z/data_transformation/val'
[2025-06-24 03:40:37,553] - INFO - core - X_val saved to: 'artifacts/2025_06_24T02_39_58Z/data_transformation/val/x_val.npy'
[2025-06-24 03:40:37,869] - INFO - core - Directory already exists for X_val: 'data/transformed'
[2025-06-24 03:40:38,152] - INFO - core - X_val saved to: 'data/transformed/x_val.npy'
[2025-06-24 03:40:38,434] - INFO - core - Directory already exists for y_val: 'artifacts/2025_06_24T02_39_58Z/data_transformation/val'
[2025-06-24 03:40:38,742] - INFO - core - y_val saved to: 'artifacts/2025_06_24T02_39_58Z/data_transformation/val/y_val.npy'
[2025-06-24 03:40:39,121] - INFO - core - Directory already exists for y_val: 'data/transformed'
[2025-06-24 03:40:39,417] - INFO - core - y_val saved to: 'data/transformed/y_val.npy'
[2025-06-24 03:40:39,699] - INFO - core - Created directory for X_test: 'artifacts/2025_06_24T02_39_58Z/data_transformation/test'
[2025-06-24 03:40:40,050] - INFO - core - X_test saved to: 'artifacts/2025_06_24T02_39_58Z/data_transformation/test/x_test.npy'
[2025-06-24 03:40:40,358] - INFO - core - Directory already exists for X_test: 'data/transformed'
[2025-06-24 03:40:40,650] - INFO - core - X_test saved to: 'data/transformed/x_test.npy'
[2025-06-24 03:40:40,936] - INFO - core - Directory already exists for y_test: 'artifacts/2025_06_24T02_39_58Z/data_transformation/test'
[2025-06-24 03:40:41,254] - INFO - core - y_test saved to: 'artifacts/2025_06_24T02_39_58Z/data_transformation/test/y_test.npy'
[2025-06-24 03:40:41,600] - INFO - core - Directory already exists for y_test: 'data/transformed'
[2025-06-24 03:40:41,891] - INFO - core - y_test saved to: 'data/transformed/y_test.npy'
[2025-06-24 03:40:42,195] - INFO - s3_handler - S3Handler context entered
[2025-06-24 03:40:43,392] - INFO - s3_handler - Streamed .npy to: s3://studentperformance-dev-artifacts/artifacts/2025_06_24T02_39_58Z/data_transformation/train/x_train.npy
[2025-06-24 03:40:43,990] - INFO - s3_handler - Streamed .npy to: s3://studentperformance-dev-artifacts/artifacts/2025_06_24T02_39_58Z/data_transformation/train/y_train.npy
[2025-06-24 03:40:44,604] - INFO - s3_handler - Streamed .npy to: s3://studentperformance-dev-artifacts/artifacts/2025_06_24T02_39_58Z/data_transformation/val/x_val.npy
[2025-06-24 03:40:45,191] - INFO - s3_handler - Streamed .npy to: s3://studentperformance-dev-artifacts/artifacts/2025_06_24T02_39_58Z/data_transformation/val/y_val.npy
[2025-06-24 03:40:45,812] - INFO - s3_handler - Streamed .npy to: s3://studentperformance-dev-artifacts/artifacts/2025_06_24T02_39_58Z/data_transformation/test/x_test.npy
[2025-06-24 03:40:46,398] - INFO - s3_handler - Streamed .npy to: s3://studentperformance-dev-artifacts/artifacts/2025_06_24T02_39_58Z/data_transformation/test/y_test.npy
[2025-06-24 03:40:47,033] - INFO - s3_handler - Streamed .npy to: s3://studentperformance-dev-artifacts/data/transformed/x_train.npy
[2025-06-24 03:40:47,603] - INFO - s3_handler - Streamed .npy to: s3://studentperformance-dev-artifacts/data/transformed/y_train.npy
[2025-06-24 03:40:48,257] - INFO - s3_handler - Streamed .npy to: s3://studentperformance-dev-artifacts/data/transformed/x_val.npy
[2025-06-24 03:40:48,857] - INFO - s3_handler - Streamed .npy to: s3://studentperformance-dev-artifacts/data/transformed/y_val.npy
[2025-06-24 03:40:49,467] - INFO - s3_handler - Streamed .npy to: s3://studentperformance-dev-artifacts/data/transformed/x_test.npy
[2025-06-24 03:40:50,024] - INFO - s3_handler - Streamed .npy to: s3://studentperformance-dev-artifacts/data/transformed/y_test.npy
[2025-06-24 03:40:50,307] - INFO - s3_handler - S3Handler context exited
[2025-06-24 03:40:50,582] - INFO - data_transformation - ========== Data Transformation Completed ==========
[2025-06-24 03:40:50,873] - INFO - training_pipeline - Data Transformation Artifact: 
Data Transformation Artifact:
  - X Train Local Path:        'artifacts/2025_06_24T02_39_58Z/data_transformation/train/x_train.npy'
  - Y Train Local Path:        'artifacts/2025_06_24T02_39_58Z/data_transformation/train/y_train.npy'
  - X Val Local Path:          'artifacts/2025_06_24T02_39_58Z/data_transformation/val/x_val.npy'
  - Y Val Local Path:          'artifacts/2025_06_24T02_39_58Z/data_transformation/val/y_val.npy'
  - X Test Local Path:         'artifacts/2025_06_24T02_39_58Z/data_transformation/test/x_test.npy'
  - Y Test Local Path:         'artifacts/2025_06_24T02_39_58Z/data_transformation/test/y_test.npy'
  - X Preprocessor Local Path: 'artifacts/2025_06_24T02_39_58Z/data_transformation/data_processor/x_preprocessor.joblib'
  - Y Preprocessor Local Path: 'artifacts/2025_06_24T02_39_58Z/data_transformation/data_processor/y_preprocessor.joblib'
  - X Train S3 URI:            's3://studentperformance-dev-artifacts/data/transformed/x_train.npy'
  - Y Train S3 URI:            's3://studentperformance-dev-artifacts/data/transformed/y_train.npy'
  - X Val S3 URI:              's3://studentperformance-dev-artifacts/data/transformed/x_val.npy'
  - Y Val S3 URI:              's3://studentperformance-dev-artifacts/data/transformed/y_val.npy'
  - X Test S3 URI:             's3://studentperformance-dev-artifacts/data/transformed/x_test.npy'
  - Y Test S3 URI:             's3://studentperformance-dev-artifacts/data/transformed/y_test.npy'
  - X Preprocessor S3 URI:     's3://studentperformance-dev-artifacts/artifacts/2025_06_24T02_39_58Z/data_transformation/data_processor/x_preprocessor.joblib'
  - Y Preprocessor S3 URI:     's3://studentperformance-dev-artifacts/artifacts/2025_06_24T02_39_58Z/data_transformation/data_processor/y_preprocessor.joblib'
[2025-06-24 03:40:52,616] - INFO - model_trainer - ========== Starting Model Training ==========
[2025-06-24 03:40:52,966] - INFO - model_trainer - Loading train/val data
[2025-06-24 03:40:53,300] - INFO - core - X_train loaded successfully from: 'artifacts/2025_06_24T02_39_58Z/data_transformation/train/x_train.npy'
[2025-06-24 03:40:53,691] - INFO - core - y_train loaded successfully from: 'artifacts/2025_06_24T02_39_58Z/data_transformation/train/y_train.npy'
[2025-06-24 03:40:54,059] - INFO - core - X_val loaded successfully from: 'artifacts/2025_06_24T02_39_58Z/data_transformation/val/x_val.npy'
[2025-06-24 03:40:54,385] - INFO - core - y_val loaded successfully from: 'artifacts/2025_06_24T02_39_58Z/data_transformation/val/y_val.npy'
[2025-06-24 03:40:54,713] - INFO - core - X_Processor loaded from: 'artifacts/2025_06_24T02_39_58Z/data_transformation/data_processor/x_preprocessor.joblib'
[2025-06-24 03:40:55,049] - INFO - core - Y_Processor loaded from: 'artifacts/2025_06_24T02_39_58Z/data_transformation/data_processor/y_preprocessor.joblib'
[2025-06-24 03:40:55,785] - INFO - model_trainer - Selecting and (optionally) tuning models
[2025-06-24 03:41:28,315] - INFO - model_trainer - Training final model: sklearn.ensemble.GradientBoostingRegressor
[2025-06-24 03:41:51,444] - INFO - model_trainer - ========== Model Training Completed ==========
[2025-06-24 03:41:52,120] - INFO - core - Created directory for Trained Model: 'artifacts/2025_06_24T02_39_58Z/model_trainer/model'
[2025-06-24 03:41:52,502] - INFO - core - Trained Model saved to: 'artifacts/2025_06_24T02_39_58Z/model_trainer/model/model.joblib'
[2025-06-24 03:41:52,790] - INFO - core - Directory already exists for Inference Model: 'inference_model'
[2025-06-24 03:41:53,094] - INFO - core - Inference Model saved to: 'inference_model/inference_model.joblib'
[2025-06-24 03:41:53,386] - INFO - core - Created directory for Training Report: 'artifacts/2025_06_24T02_39_58Z/model_trainer/reports'
[2025-06-24 03:41:53,694] - INFO - core - Training Report saved to: 'artifacts/2025_06_24T02_39_58Z/model_trainer/reports/training_report.yaml'
[2025-06-24 03:41:53,986] - INFO - s3_handler - S3Handler context entered
[2025-06-24 03:41:55,216] - INFO - s3_handler - Streamed object to: s3://studentperformance-dev-artifacts/artifacts/2025_06_24T02_39_58Z/model_trainer/model/model.joblib
[2025-06-24 03:41:55,972] - INFO - s3_handler - Streamed object to: s3://studentperformance-dev-artifacts/inference_model/inference_model.joblib
[2025-06-24 03:41:56,522] - INFO - s3_handler - Streamed YAML to: s3://studentperformance-dev-artifacts/artifacts/2025_06_24T02_39_58Z/model_trainer/reports/training_report.yaml
[2025-06-24 03:41:56,857] - INFO - s3_handler - S3Handler context exited
[2025-06-24 03:41:57,164] - INFO - training_pipeline - Model Trainer Artifact: 
Model Trainer Artifact:
  - Trained Model Local Path:      'artifacts/2025_06_24T02_39_58Z/model_trainer/model/model.joblib'
  - Training Report Local Path:    'artifacts/2025_06_24T02_39_58Z/model_trainer/reports/training_report.yaml'

  - X Train Local Path:            'artifacts/2025_06_24T02_39_58Z/data_transformation/train/x_train.npy'
  - Y Train Local Path:            'artifacts/2025_06_24T02_39_58Z/data_transformation/train/y_train.npy'
  - X Val Local Path:              'artifacts/2025_06_24T02_39_58Z/data_transformation/val/x_val.npy'
  - Y Val Local Path:              'artifacts/2025_06_24T02_39_58Z/data_transformation/val/y_val.npy'
  - X Test Local Path:             'artifacts/2025_06_24T02_39_58Z/data_transformation/test/x_test.npy'
  - Y Test Local Path:             'artifacts/2025_06_24T02_39_58Z/data_transformation/test/y_test.npy'

  - Trained Model S3 URI:          's3://studentperformance-dev-artifacts/artifacts/2025_06_24T02_39_58Z/model_trainer/model/model.joblib'
  - Training Report S3 URI:        's3://studentperformance-dev-artifacts/artifacts/2025_06_24T02_39_58Z/model_trainer/reports/training_report.yaml'

  - X Train S3 URI:                's3://studentperformance-dev-artifacts/data/transformed/x_train.npy'
  - Y Train S3 URI:                's3://studentperformance-dev-artifacts/data/transformed/y_train.npy'
  - X Val S3 URI:                  's3://studentperformance-dev-artifacts/data/transformed/x_val.npy'
  - Y Val S3 URI:                  's3://studentperformance-dev-artifacts/data/transformed/y_val.npy'
  - X Test S3 URI:                 's3://studentperformance-dev-artifacts/data/transformed/x_test.npy'
  - Y Test S3 URI:                 's3://studentperformance-dev-artifacts/data/transformed/y_test.npy'
  - MLflow Experiment ID:          '0'
  - MLflow Run ID:                 '033209be98ad45739a64e38098066a44'
[2025-06-24 03:41:57,473] - INFO - model_evaluation - Initializing ModelEvaluation.
[2025-06-24 03:41:57,814] - INFO - model_evaluation - Loading model and data from local paths.
[2025-06-24 03:41:58,123] - INFO - core - Trained Model loaded from: 'artifacts/2025_06_24T02_39_58Z/model_trainer/model/model.joblib'
[2025-06-24 03:41:58,475] - INFO - core - X_test loaded successfully from: 'artifacts/2025_06_24T02_39_58Z/data_transformation/test/x_test.npy'
[2025-06-24 03:41:58,824] - INFO - core - y_test loaded successfully from: 'artifacts/2025_06_24T02_39_58Z/data_transformation/test/y_test.npy'
[2025-06-24 03:41:59,208] - INFO - model_evaluation - Resuming MLflow run 033209be98ad45739a64e38098066a44
[2025-06-24 03:42:00,126] - INFO - model_evaluation - Starting model evaluation.
[2025-06-24 03:42:00,463] - INFO - model_evaluation - Evaluation results: {'mean_absolute_error': 0.7087502339836754, 'mean_squared_error': 0.7970445688444286, 'root_mean_squared_error': np.float64(0.8927735260660615), 'r2': 0.2330406746490229, 'adjusted_r2': 0.19680637581354377, 'median_absolute_error': 0.5972440361414624, 'explained_variance_score': 0.23428520518190488}
[2025-06-24 03:42:15,652] - INFO - s3_handler - S3Handler context entered
[2025-06-24 03:42:16,975] - INFO - s3_handler - Streamed YAML to: s3://studentperformance-dev-artifacts/artifacts/2025_06_24T02_39_58Z/model_evaluation/reports/evaluation_report.yaml
[2025-06-24 03:42:17,273] - INFO - s3_handler - S3Handler context exited
[2025-06-24 03:42:17,633] - INFO - training_pipeline - Model Evaluation Artifact: (WindowsPath('artifacts/2025_06_24T02_39_58Z/model_evaluation/reports/evaluation_report.yaml'), 's3://studentperformance-dev-artifacts/artifacts/2025_06_24T02_39_58Z/model_evaluation/reports/evaluation_report.yaml')
[2025-06-24 03:42:17,919] - INFO - training_pipeline - ========== Training Pipeline Completed ==========
