[2025-06-11 15:24:10,457] - INFO - training_pipeline - Initializing TrainingPipeline...
[2025-06-11 15:24:10,473] - INFO - core - YAML successfully loaded from: 'config/config.yaml'
[2025-06-11 15:24:10,492] - INFO - core - YAML successfully loaded from: 'config/params.yaml'
[2025-06-11 15:24:10,509] - INFO - core - YAML successfully loaded from: 'config/schema.yaml'
[2025-06-11 15:24:10,512] - INFO - core - YAML successfully loaded from: 'config/templates.yaml'
[2025-06-11 15:24:10,512] - INFO - training_pipeline - ========== Training Pipeline Started ==========
[2025-06-11 15:24:10,512] - INFO - postgres_dbhandler - Initializing PostgresDBHandler
[2025-06-11 15:24:10,512] - INFO - data_ingestion - ========== Starting Data Ingestion ==========
[2025-06-11 15:24:10,516] - INFO - data_ingestion - Step 1: Fetching raw data
[2025-06-11 15:24:10,517] - INFO - postgres_dbhandler - Loading data from PostgreSQL table: student_scores
[2025-06-11 15:24:10,517] - INFO - postgres_dbhandler - Attempting to connect to PostgreSQL
[2025-06-11 15:24:11,412] - INFO - postgres_dbhandler - Successfully connected to PostgreSQL
[2025-06-11 15:24:11,412] - INFO - postgres_dbhandler - Executing query: SELECT * FROM "student_scores"
[2025-06-11 15:24:12,008] - INFO - postgres_dbhandler - DataFrame loaded from PostgreSQL table: student_scores
[2025-06-11 15:24:12,008] - INFO - data_ingestion - Fetched 2000 raw rows from data source.
[2025-06-11 15:24:12,008] - INFO - postgres_dbhandler - PostgreSQL connection closed
[2025-06-11 15:24:12,008] - INFO - data_ingestion - Step 2: Saving raw data
[2025-06-11 15:24:12,012] - INFO - core - Created directory for Raw Data: 'artifacts/2025_06_11T14_24_09Z/data_ingestion/raw_data'
[2025-06-11 15:24:12,020] - INFO - core - Raw Data saved to: 'artifacts/2025_06_11T14_24_09Z/data_ingestion/raw_data/raw.csv'
[2025-06-11 15:24:12,020] - INFO - data_ingestion - Step 3: Saving raw data to dvc path
[2025-06-11 15:24:12,021] - INFO - core - Directory already exists for Raw Data: 'data/raw'
[2025-06-11 15:24:12,025] - INFO - core - Raw Data saved to: 'data/raw/raw.csv'
[2025-06-11 15:24:12,025] - INFO - data_ingestion - Step 4: Cleaning raw data
[2025-06-11 15:24:12,028] - INFO - data_ingestion - Raw DataFrame cleaned successfully.
[2025-06-11 15:24:12,029] - INFO - data_ingestion - Step 5: Saving cleaned (ingested) data
[2025-06-11 15:24:12,030] - INFO - core - Created directory for Ingested Data: 'artifacts/2025_06_11T14_24_09Z/data_ingestion/ingested_data'
[2025-06-11 15:24:12,034] - INFO - core - Ingested Data saved to: 'artifacts/2025_06_11T14_24_09Z/data_ingestion/ingested_data/ingested_data.csv'
[2025-06-11 15:24:12,034] - INFO - data_ingestion - ========== Data Ingestion Completed ==========
[2025-06-11 15:24:12,034] - INFO - training_pipeline - Data Ingestion Artifact: 
Data Ingestion Artifact:
  - Raw Artifact:         'artifacts/2025_06_11T14_24_09Z/data_ingestion/raw_data/raw.csv'
  - Raw DVC Path:         'data/raw/raw.csv'
  - Ingested Data Path:   'artifacts/2025_06_11T14_24_09Z/data_ingestion/ingested_data/ingested_data.csv'

[2025-06-11 15:24:12,035] - INFO - data_validation - Initializing DataValidation component.
[2025-06-11 15:24:12,047] - INFO - core - CSV file read successfully from: 'artifacts/2025_06_11T14_24_09Z/data_ingestion/ingested_data/ingested_data.csv'
[2025-06-11 15:24:12,057] - INFO - core - CSV file read successfully from: 'data/validated/validated_data.csv'
[2025-06-11 15:24:12,057] - INFO - data_validation - ========== Starting Data Validation ==========
[2025-06-11 15:24:12,057] - INFO - data_validation - Step 1: Performing schema check
[2025-06-11 15:24:12,058] - INFO - data_validation - Performing schema hash check.
[2025-06-11 15:24:12,059] - INFO - data_validation - Schema hash check passed.
[2025-06-11 15:24:12,059] - INFO - data_validation - Step 2: Checking missing values
[2025-06-11 15:24:12,059] - INFO - data_validation - Checking for missing values.
[2025-06-11 15:24:12,060] - INFO - core - Created directory for Missing Value Report: 'artifacts/2025_06_11T14_24_09Z/data_validation/reports'
[2025-06-11 15:24:12,063] - INFO - core - Missing Value Report saved to: 'artifacts/2025_06_11T14_24_09Z/data_validation/reports/missing_values_report.yaml'
[2025-06-11 15:24:12,063] - INFO - data_validation - Missing value check passed.
[2025-06-11 15:24:12,064] - INFO - data_validation - Step 3: Checking for duplicates
[2025-06-11 15:24:12,064] - INFO - data_validation - Checking for duplicate rows.
[2025-06-11 15:24:12,066] - INFO - core - Directory already exists for Duplicates Report: 'artifacts/2025_06_11T14_24_09Z/data_validation/reports'
[2025-06-11 15:24:12,067] - INFO - core - Duplicates Report saved to: 'artifacts/2025_06_11T14_24_09Z/data_validation/reports/duplicates_report.yaml'
[2025-06-11 15:24:12,067] - INFO - data_validation - Duplicate check passed.
[2025-06-11 15:24:12,067] - INFO - data_validation - Step 4: Checking categorical column values
[2025-06-11 15:24:12,067] - INFO - data_validation - Checking categorical values against schema constraints.
[2025-06-11 15:24:12,070] - INFO - core - Directory already exists for Categorical Values Report: 'artifacts/2025_06_11T14_24_09Z/data_validation/reports'
[2025-06-11 15:24:12,070] - INFO - core - Categorical Values Report saved to: 'artifacts/2025_06_11T14_24_09Z/data_validation/reports/categorical_report.yaml'
[2025-06-11 15:24:12,070] - INFO - data_validation - Categorical values check passed.
[2025-06-11 15:24:12,070] - INFO - data_validation - Step 5: Performing drift check
[2025-06-11 15:24:12,070] - INFO - data_validation - Performing data drift check.
[2025-06-11 15:24:12,120] - INFO - core - Directory already exists for Drift Report: 'artifacts/2025_06_11T14_24_09Z/data_validation/reports'
[2025-06-11 15:24:12,125] - INFO - core - Drift Report saved to: 'artifacts/2025_06_11T14_24_09Z/data_validation/reports/drift_report.yaml'
[2025-06-11 15:24:12,125] - INFO - data_validation - Drift check passed.
[2025-06-11 15:24:12,126] - INFO - data_validation - Step 6: Generating validation report
[2025-06-11 15:24:12,126] - INFO - data_validation - Generating final validation report.
[2025-06-11 15:24:12,126] - INFO - core - Directory already exists for Validation Report: 'artifacts/2025_06_11T14_24_09Z/data_validation/reports'
[2025-06-11 15:24:12,128] - INFO - core - Validation Report saved to: 'artifacts/2025_06_11T14_24_09Z/data_validation/reports/validation_report.yaml'
[2025-06-11 15:24:12,128] - INFO - data_validation - Step 7: Saving validated data if validation passes
[2025-06-11 15:24:12,129] - INFO - core - Created directory for Validated Data: 'artifacts/2025_06_11T14_24_09Z/data_validation/validated'
[2025-06-11 15:24:12,132] - INFO - core - Validated Data saved to: 'artifacts/2025_06_11T14_24_09Z/data_validation/validated/validated_data.csv'
[2025-06-11 15:24:12,133] - INFO - core - Directory already exists for Validated Data: 'data/validated'
[2025-06-11 15:24:12,137] - INFO - core - Validated Data saved to: 'data/validated/validated_data.csv'
[2025-06-11 15:24:12,138] - INFO - data_validation - Validated data saved successfully.
[2025-06-11 15:24:12,138] - INFO - data_validation - ========== Data Validation Completed ==========
[2025-06-11 15:24:12,138] - INFO - training_pipeline - Data Validation Artifact: 
Data Validation Artifact:
  - Validated Data Path: 'artifacts/2025_06_11T14_24_09Z/data_validation/validated/validated_data.csv'
  - Validation Status:   'True'

