[2025-06-19 04:05:41,650] - INFO - training_pipeline - Initializing TrainingPipeline...
[2025-06-19 04:05:41,653] - INFO - core - YAML successfully loaded from: 'config/config.yaml'
[2025-06-19 04:05:41,684] - INFO - core - YAML successfully loaded from: 'config/params.yaml'
[2025-06-19 04:05:41,704] - INFO - core - YAML successfully loaded from: 'config/schema.yaml'
[2025-06-19 04:05:41,707] - INFO - core - YAML successfully loaded from: 'config/templates.yaml'
[2025-06-19 04:05:41,708] - INFO - training_pipeline - ========== Training Pipeline Started ==========
[2025-06-19 04:05:41,708] - INFO - postgres_dbhandler - Initializing PostgresDBHandler
[2025-06-19 04:05:41,864] - INFO - s3_handler - S3Handler initialized for bucket 'studentperformance-dev-artifacts' in region 'us-east-1'
[2025-06-19 04:05:41,880] - INFO - data_ingestion - ========== Starting Data Ingestion ==========
[2025-06-19 04:05:41,880] - INFO - postgres_dbhandler - Loading data from PostgreSQL table: student_scores
[2025-06-19 04:05:41,880] - INFO - postgres_dbhandler - Attempting to connect to PostgreSQL
[2025-06-19 04:05:42,789] - INFO - postgres_dbhandler - Successfully connected to PostgreSQL
[2025-06-19 04:05:42,802] - INFO - postgres_dbhandler - Executing query: SELECT * FROM "student_scores"
[2025-06-19 04:05:43,686] - INFO - postgres_dbhandler - DataFrame loaded from PostgreSQL table: student_scores
[2025-06-19 04:05:43,686] - INFO - data_ingestion - Fetched 2000 raw rows from data source.
[2025-06-19 04:05:43,686] - INFO - postgres_dbhandler - PostgreSQL connection closed
[2025-06-19 04:05:43,686] - INFO - data_ingestion - Raw DataFrame cleaned successfully.
[2025-06-19 04:05:43,686] - INFO - data_ingestion - Streaming raw and ingested data to S3
[2025-06-19 04:05:43,694] - INFO - s3_handler - S3Handler context entered
[2025-06-19 04:05:44,603] - INFO - s3_handler - Streamed CSV to: s3://studentperformance-dev-artifacts/artifacts/2025_06_19T03_05_38Z/data_ingestion/raw_data/raw.csv
[2025-06-19 04:05:45,072] - INFO - s3_handler - Streamed CSV to: s3://studentperformance-dev-artifacts/data/raw/raw.csv
[2025-06-19 04:05:45,488] - INFO - s3_handler - Streamed CSV to: s3://studentperformance-dev-artifacts/artifacts/2025_06_19T03_05_38Z/data_ingestion/ingested_data/ingested_data.csv
[2025-06-19 04:05:45,490] - INFO - s3_handler - S3Handler context exited
[2025-06-19 04:05:45,490] - INFO - data_ingestion - ========== Data Ingestion Completed ==========
[2025-06-19 04:05:45,492] - INFO - training_pipeline - Data Ingestion Artifact: 
Data Ingestion Artifact:
  - Raw Local Path:        'None'
  - DVC Raw Local Path:    'None'
  - Ingested Local Path:   'None'
  - Raw S3 URI:            's3://studentperformance-dev-artifacts/artifacts/2025_06_19T03_05_38Z/data_ingestion/raw_data/raw.csv'
  - DVC Raw S3 URI:        's3://studentperformance-dev-artifacts/data/raw/raw.csv'
  - Ingested S3 URI:       's3://studentperformance-dev-artifacts/artifacts/2025_06_19T03_05_38Z/data_ingestion/ingested_data/ingested_data.csv'
[2025-06-19 04:05:45,495] - INFO - data_validation - Initializing DataValidation component.
[2025-06-19 04:05:45,495] - INFO - data_validation - Loading ingested data from S3 URI: s3://studentperformance-dev-artifacts/artifacts/2025_06_19T03_05_38Z/data_ingestion/ingested_data/ingested_data.csv
[2025-06-19 04:05:45,877] - INFO - core - CSV file read successfully from: 'data/validated/validated_data.csv'
[2025-06-19 04:05:45,877] - INFO - data_validation - ========== Starting Data Validation ==========
[2025-06-19 04:05:45,877] - INFO - data_validation - Performing schema hash check.
[2025-06-19 04:05:45,877] - INFO - data_validation - Schema hash check passed.
[2025-06-19 04:05:45,877] - INFO - data_validation - Checking for missing values.
[2025-06-19 04:05:45,888] - INFO - core - Created directory for Missing Value Report: 'artifacts/2025_06_19T03_05_38Z/data_validation/reports'
[2025-06-19 04:05:45,890] - INFO - core - Missing Value Report saved to: 'artifacts/2025_06_19T03_05_38Z/data_validation/reports/missing_values_report.yaml'
[2025-06-19 04:05:45,892] - INFO - data_validation - Checking for duplicate rows.
[2025-06-19 04:05:45,895] - INFO - core - Directory already exists for Duplicates Report: 'artifacts/2025_06_19T03_05_38Z/data_validation/reports'
[2025-06-19 04:05:45,896] - INFO - core - Duplicates Report saved to: 'artifacts/2025_06_19T03_05_38Z/data_validation/reports/duplicates_report.yaml'
[2025-06-19 04:05:45,898] - INFO - data_validation - Checking categorical values against schema constraints.
[2025-06-19 04:05:45,900] - INFO - core - Directory already exists for Categorical Values Report: 'artifacts/2025_06_19T03_05_38Z/data_validation/reports'
[2025-06-19 04:05:45,903] - INFO - core - Categorical Values Report saved to: 'artifacts/2025_06_19T03_05_38Z/data_validation/reports/categorical_report.yaml'
[2025-06-19 04:05:45,903] - INFO - data_validation - Performing data drift check.
[2025-06-19 04:05:45,951] - INFO - core - Directory already exists for Drift Report: 'artifacts/2025_06_19T03_05_38Z/data_validation/reports'
[2025-06-19 04:05:45,951] - INFO - core - Drift Report saved to: 'artifacts/2025_06_19T03_05_38Z/data_validation/reports/drift_report.yaml'
[2025-06-19 04:05:45,951] - INFO - data_validation - Generating final validation report.
[2025-06-19 04:05:45,959] - INFO - core - Directory already exists for Validation Report: 'artifacts/2025_06_19T03_05_38Z/data_validation/reports'
[2025-06-19 04:05:45,960] - INFO - core - Validation Report saved to: 'artifacts/2025_06_19T03_05_38Z/data_validation/reports/validation_report.yaml'
[2025-06-19 04:05:45,960] - INFO - s3_handler - S3Handler context entered
[2025-06-19 04:05:46,285] - INFO - s3_handler - Streamed CSV to: s3://studentperformance-dev-artifacts/artifacts/2025_06_19T03_05_38Z/data_validation/validated/validated_data.csv
[2025-06-19 04:05:46,285] - INFO - s3_handler - S3Handler context exited
[2025-06-19 04:05:46,285] - INFO - training_pipeline - Data Validation Artifact: 
Data Validation Artifact:
  - Validated Local Path: 'None'
  - Validated S3 URI:     's3://studentperformance-dev-artifacts/artifacts/2025_06_19T03_05_38Z/data_validation/validated/validated_data.csv'
  - Validation Status:    'True'
